#
# There is insufficient memory for the Java Runtime Environment to continue.
# Native memory allocation (malloc) failed to allocate 1069936 bytes for Chunk::new
# Possible reasons:
#   The system is out of physical RAM or swap space
#   The process is running with CompressedOops enabled, and the Java Heap may be blocking the growth of the native heap
# Possible solutions:
#   Reduce memory load on the system
#   Increase physical memory or swap space
#   Check if swap backing store is full
#   Decrease Java heap size (-Xmx/-Xms)
#   Decrease number of Java threads
#   Decrease Java thread stack sizes (-Xss)
#   Set larger code cache with -XX:ReservedCodeCacheSize=
#   JVM is running with Unscaled Compressed Oops mode in which the Java heap is
#     placed in the first 4GB address space. The Java Heap base address is the
#     maximum limit for the native heap growth. Please use -XX:HeapBaseMinAddress
#     to set the Java Heap base and to place the Java Heap above 4GB virtual address.
# This output file may be truncated or incomplete.
#
#  Out of Memory Error (./src/hotspot/share/memory/arena.cpp:197), pid=21080, tid=18328
#
# JRE version: OpenJDK Runtime Environment (11.0.13) (build 11.0.13+0-b1751.21-8125866)
# Java VM: OpenJDK 64-Bit Server VM (11.0.13+0-b1751.21-8125866, mixed mode, tiered, compressed oops, g1 gc, windows-amd64)
# No core dump will be written. Minidumps are not enabled by default on client versions of Windows
#

---------------  S U M M A R Y ------------

Command Line: --add-opens=java.base/java.util=ALL-UNNAMED --add-opens=java.base/java.lang=ALL-UNNAMED --add-opens=java.base/java.lang.invoke=ALL-UNNAMED --add-opens=java.base/java.util=ALL-UNNAMED --add-opens=java.prefs/java.util.prefs=ALL-UNNAMED --add-opens=java.prefs/java.util.prefs=ALL-UNNAMED --add-opens=java.base/java.nio.charset=ALL-UNNAMED --add-opens=java.base/java.net=ALL-UNNAMED --add-opens=java.base/java.util.concurrent.atomic=ALL-UNNAMED -Xmx2048m -Dfile.encoding=UTF-8 -Duser.country=IN -Duser.language=en -Duser.variant org.gradle.launcher.daemon.bootstrap.GradleDaemon 7.4

Host: Intel(R) Core(TM) i5-10300H CPU @ 2.50GHz, 8 cores, 7G,  Windows 10 , 64 bit Build 19041 (10.0.19041.2546)
Time: Tue Apr  4 14:40:41 2023 India Standard Time elapsed time: 20.187803 seconds (0d 0h 0m 20s)

---------------  T H R E A D  ---------------

Current thread (0x00000210e7123000):  JavaThread "C2 CompilerThread0" daemon [_thread_in_native, id=18328, stack(0x0000007919f00000,0x000000791a000000)]


Current CompileTask:
C2:  20187 11334       4       org.apache.xerces.impl.XMLNSDocumentScannerImpl::scanAttribute (586 bytes)

Stack: [0x0000007919f00000,0x000000791a000000]
Native frames: (J=compiled Java code, j=interpreted, Vv=VM code, C=native code)
V  [jvm.dll+0x6100fa]
V  [jvm.dll+0x747090]
V  [jvm.dll+0x7486ad]
V  [jvm.dll+0x748d83]
V  [jvm.dll+0x24ab48]
V  [jvm.dll+0xc04dc]
V  [jvm.dll+0xc0a0c]
V  [jvm.dll+0x35eb5b]
V  [jvm.dll+0x32b833]
V  [jvm.dll+0x32ad2a]
V  [jvm.dll+0x2032b2]
V  [jvm.dll+0x202437]
V  [jvm.dll+0x188e01]
V  [jvm.dll+0x21106b]
V  [jvm.dll+0x20f8c1]
V  [jvm.dll+0x70de0f]
V  [jvm.dll+0x706a75]
V  [jvm.dll+0x60ed66]
C  [ucrtbase.dll+0x21bb2]
C  [KERNEL32.DLL+0x17614]
C  [ntdll.dll+0x526a1]


---------------  P R O C E S S  ---------------

Threads class SMR info:
_java_thread_list=0x00000210ee2a1a60, length=138, elements={
0x00000210cbb3a800, 0x00000210e678e800, 0x00000210e6799800, 0x00000210e7114800,
0x00000210e7115800, 0x00000210e7119800, 0x00000210e7123000, 0x00000210e67ac800,
0x00000210e67b1800, 0x00000210e7271000, 0x00000210e8b3b800, 0x00000210e9716000,
0x00000210e7369000, 0x00000210e75a1800, 0x00000210e9d20800, 0x00000210e856c800,
0x00000210e8805800, 0x00000210e91a6000, 0x00000210e86ab000, 0x00000210e86ab800,
0x00000210e98f0800, 0x00000210e98ef800, 0x00000210e98f1800, 0x00000210e98f2000,
0x00000210e98f4000, 0x00000210e98f3000, 0x00000210e98f4800, 0x00000210e98ef000,
0x00000210e98f5800, 0x00000210ea94a000, 0x00000210ea94c800, 0x00000210ea950800,
0x00000210ea94f000, 0x00000210ea94e000, 0x00000210ea950000, 0x00000210ea94b000,
0x00000210ea951800, 0x00000210ea94b800, 0x00000210ea954800, 0x00000210ea955800,
0x00000210ea956800, 0x00000210ea953000, 0x00000210ea954000, 0x00000210ea957000,
0x00000210ea958000, 0x00000210ea952000, 0x00000210ea959000, 0x00000210ea22c800,
0x00000210ea22d800, 0x00000210ea22b000, 0x00000210ea22e000, 0x00000210ea22f000,
0x00000210ea22b800, 0x00000210ea229000, 0x00000210ea22f800, 0x00000210ea22a000,
0x00000210ea233000, 0x00000210ea230800, 0x00000210ea234800, 0x00000210ea234000,
0x00000210ea235800, 0x00000210ea236800, 0x00000210ea237000, 0x00000210ea231800,
0x00000210ea232000, 0x00000210ea238000, 0x00000210eb6da800, 0x00000210eb6d4800,
0x00000210eb6db800, 0x00000210eb6d8000, 0x00000210eb6d5800, 0x00000210eb6d9000,
0x00000210eb6d6800, 0x00000210eb6d9800, 0x00000210eb6dd000, 0x00000210eb6d7000,
0x00000210eb6dc000, 0x00000210eb6e2000, 0x00000210eb6df800, 0x00000210eb6e1000,
0x00000210eb6e3800, 0x00000210eb6e0000, 0x00000210eb6e2800, 0x00000210eb6dd800,
0x00000210eb6de800, 0x00000210e800e800, 0x00000210e8011000, 0x00000210e8011800,
0x00000210e800f000, 0x00000210e8010000, 0x00000210e8012800, 0x00000210e800d000,
0x00000210e8013800, 0x00000210e800d800, 0x00000210ea56c000, 0x00000210ea56e800,
0x00000210ea56d800, 0x00000210ea56f800, 0x00000210ea56b000, 0x00000210ea569800,
0x00000210ea570000, 0x00000210ea56a800, 0x00000210ea56d000, 0x00000210e9c69000,
0x00000210e9c69800, 0x00000210e9c6d000, 0x00000210e9c6a800, 0x00000210e9c6b000,
0x00000210e9c6c000, 0x00000210e9c6d800, 0x00000210e9c68000, 0x00000210e9c6e800,
0x00000210e9c71000, 0x00000210e9c73800, 0x00000210e9c74000, 0x00000210e9c75000,
0x00000210e9c70000, 0x00000210e9c72800, 0x00000210e9c6f800, 0x00000210e9c76000,
0x00000210e9c76800, 0x00000210e9c72000, 0x00000210efda4000, 0x00000210efda1000,
0x00000210efda0000, 0x00000210efd9e800, 0x00000210efda1800, 0x00000210efda5000,
0x00000210efda2800, 0x00000210efda3000, 0x00000210efd9f000, 0x00000210efdaa800,
0x00000210efdab800, 0x00000210efda8000, 0x00000210e96ee000, 0x00000210efda7800,
0x00000210efda9000, 0x00000210efda9800
}

Java Threads: ( => current thread )
  0x00000210cbb3a800 JavaThread "main" [_thread_blocked, id=15528, stack(0x0000007919300000,0x0000007919400000)]
  0x00000210e678e800 JavaThread "Reference Handler" daemon [_thread_blocked, id=21328, stack(0x0000007919a00000,0x0000007919b00000)]
  0x00000210e6799800 JavaThread "Finalizer" daemon [_thread_blocked, id=3520, stack(0x0000007919b00000,0x0000007919c00000)]
  0x00000210e7114800 JavaThread "Signal Dispatcher" daemon [_thread_blocked, id=17696, stack(0x0000007919c00000,0x0000007919d00000)]
  0x00000210e7115800 JavaThread "Attach Listener" daemon [_thread_blocked, id=21292, stack(0x0000007919d00000,0x0000007919e00000)]
  0x00000210e7119800 JavaThread "Service Thread" daemon [_thread_blocked, id=11864, stack(0x0000007919e00000,0x0000007919f00000)]
=>0x00000210e7123000 JavaThread "C2 CompilerThread0" daemon [_thread_in_native, id=18328, stack(0x0000007919f00000,0x000000791a000000)]
  0x00000210e67ac800 JavaThread "C1 CompilerThread0" daemon [_thread_blocked, id=12992, stack(0x000000791a000000,0x000000791a100000)]
  0x00000210e67b1800 JavaThread "Sweeper thread" daemon [_thread_blocked, id=10752, stack(0x000000791a100000,0x000000791a200000)]
  0x00000210e7271000 JavaThread "Common-Cleaner" daemon [_thread_blocked, id=12156, stack(0x000000791a200000,0x000000791a300000)]
  0x00000210e8b3b800 JavaThread "Daemon health stats" [_thread_blocked, id=18528, stack(0x000000791a800000,0x000000791a900000)]
  0x00000210e9716000 JavaThread "Incoming local TCP Connector on port 62219" [_thread_in_native, id=18516, stack(0x000000791a400000,0x000000791a500000)]
  0x00000210e7369000 JavaThread "Daemon periodic checks" [_thread_blocked, id=18428, stack(0x000000791a700000,0x000000791a800000)]
  0x00000210e75a1800 JavaThread "Daemon" [_thread_blocked, id=20492, stack(0x000000791a900000,0x000000791aa00000)]
  0x00000210e9d20800 JavaThread "Handler for socket connection from /127.0.0.1:62219 to /127.0.0.1:62220" [_thread_in_native, id=5392, stack(0x000000791aa00000,0x000000791ab00000)]
  0x00000210e856c800 JavaThread "Cancel handler" [_thread_blocked, id=7156, stack(0x000000791ab00000,0x000000791ac00000)]
  0x00000210e8805800 JavaThread "Daemon worker" [_thread_blocked, id=1180, stack(0x000000791ac00000,0x000000791ad00000)]
  0x00000210e91a6000 JavaThread "Asynchronous log dispatcher for DefaultDaemonConnection: socket connection from /127.0.0.1:62219 to /127.0.0.1:62220" [_thread_blocked, id=20116, stack(0x000000791ad00000,0x000000791ae00000)]
  0x00000210e86ab000 JavaThread "Stdin handler" [_thread_blocked, id=20000, stack(0x000000791ae00000,0x000000791af00000)]
  0x00000210e86ab800 JavaThread "Daemon client event forwarder" [_thread_blocked, id=4808, stack(0x000000791af00000,0x000000791b000000)]
  0x00000210e98f0800 JavaThread "Cache worker for journal cache (C:\Users\sudhe\.gradle\caches\journal-1)" [_thread_blocked, id=9732, stack(0x000000791b500000,0x000000791b600000)]
  0x00000210e98ef800 JavaThread "File lock request listener" [_thread_in_native, id=20268, stack(0x000000791b600000,0x000000791b700000)]
  0x00000210e98f1800 JavaThread "Cache worker for file hash cache (C:\Users\sudhe\.gradle\caches\7.4\fileHashes)" [_thread_blocked, id=19796, stack(0x000000791b700000,0x000000791b800000)]
  0x00000210e98f2000 JavaThread "File watcher server" daemon [_thread_in_native, id=7512, stack(0x000000791bb00000,0x000000791bc00000)]
  0x00000210e98f4000 JavaThread "File watcher consumer" daemon [_thread_blocked, id=19708, stack(0x000000791bc00000,0x000000791bd00000)]
  0x00000210e98f3000 JavaThread "Cache worker for checksums cache (C:\Users\sudhe\AndroidStudioProjects\caderno\.gradle\7.4\checksums)" [_thread_blocked, id=6864, stack(0x000000791bd00000,0x000000791be00000)]
  0x00000210e98f4800 JavaThread "Cache worker for cache directory md-rule (C:\Users\sudhe\.gradle\caches\7.4\md-rule)" [_thread_blocked, id=5684, stack(0x000000791be00000,0x000000791bf00000)]
  0x00000210e98ef000 JavaThread "Cache worker for file hash cache (C:\Users\sudhe\AndroidStudioProjects\caderno\.gradle\7.4\fileHashes)" [_thread_blocked, id=20424, stack(0x000000791bf00000,0x000000791c000000)]
  0x00000210e98f5800 JavaThread "Cache worker for cache directory md-supplier (C:\Users\sudhe\.gradle\caches\7.4\md-supplier)" [_thread_blocked, id=17052, stack(0x000000791c000000,0x000000791c100000)]
  0x00000210ea94a000 JavaThread "Cache worker for execution history cache (C:\Users\sudhe\.gradle\caches\7.4\executionHistory)" [_thread_blocked, id=16864, stack(0x000000791c100000,0x000000791c200000)]
  0x00000210ea94c800 JavaThread "jar transforms" [_thread_blocked, id=21360, stack(0x000000791c200000,0x000000791c300000)]
  0x00000210ea950800 JavaThread "Cache worker for file content cache (C:\Users\sudhe\.gradle\caches\7.4\fileContent)" [_thread_blocked, id=4636, stack(0x000000791c300000,0x000000791c400000)]
  0x00000210ea94f000 JavaThread "jar transforms Thread 2" [_thread_blocked, id=6324, stack(0x000000791c400000,0x000000791c500000)]
  0x00000210ea94e000 JavaThread "Cache worker for dependencies-accessors (C:\Users\sudhe\AndroidStudioProjects\caderno\.gradle\7.4\dependencies-accessors)" [_thread_blocked, id=1184, stack(0x000000791c500000,0x000000791c600000)]
  0x00000210ea950000 JavaThread "jar transforms Thread 3" [_thread_blocked, id=11876, stack(0x000000791c600000,0x000000791c700000)]
  0x00000210ea94b000 JavaThread "Cache worker for Build Output Cleanup Cache (C:\Users\sudhe\AndroidStudioProjects\caderno\.gradle\buildOutputCleanup)" [_thread_blocked, id=11840, stack(0x000000791c700000,0x000000791c800000)]
  0x00000210ea951800 JavaThread "Unconstrained build operations" [_thread_blocked, id=15556, stack(0x000000791ba00000,0x000000791bb00000)]
  0x00000210ea94b800 JavaThread "Unconstrained build operations Thread 2" [_thread_blocked, id=2820, stack(0x000000791c800000,0x000000791c900000)]
  0x00000210ea954800 JavaThread "Unconstrained build operations Thread 3" [_thread_blocked, id=9148, stack(0x000000791c900000,0x000000791ca00000)]
  0x00000210ea955800 JavaThread "Unconstrained build operations Thread 4" [_thread_blocked, id=9672, stack(0x000000791ca00000,0x000000791cb00000)]
  0x00000210ea956800 JavaThread "Unconstrained build operations Thread 5" [_thread_blocked, id=20284, stack(0x000000791cb00000,0x000000791cc00000)]
  0x00000210ea953000 JavaThread "Unconstrained build operations Thread 6" [_thread_blocked, id=12324, stack(0x000000791cc00000,0x000000791cd00000)]
  0x00000210ea954000 JavaThread "Unconstrained build operations Thread 7" [_thread_blocked, id=18720, stack(0x000000791cd00000,0x000000791ce00000)]
  0x00000210ea957000 JavaThread "Unconstrained build operations Thread 8" [_thread_blocked, id=10580, stack(0x000000791ce00000,0x000000791cf00000)]
  0x00000210ea958000 JavaThread "Unconstrained build operations Thread 9" [_thread_blocked, id=9168, stack(0x000000791cf00000,0x000000791d000000)]
  0x00000210ea952000 JavaThread "Unconstrained build operations Thread 10" [_thread_blocked, id=17048, stack(0x000000791d000000,0x000000791d100000)]
  0x00000210ea959000 JavaThread "Unconstrained build operations Thread 11" [_thread_blocked, id=15836, stack(0x000000791d100000,0x000000791d200000)]
  0x00000210ea22c800 JavaThread "Unconstrained build operations Thread 12" [_thread_blocked, id=472, stack(0x000000791d200000,0x000000791d300000)]
  0x00000210ea22d800 JavaThread "Unconstrained build operations Thread 13" [_thread_blocked, id=10912, stack(0x000000791d300000,0x000000791d400000)]
  0x00000210ea22b000 JavaThread "Unconstrained build operations Thread 14" [_thread_blocked, id=19544, stack(0x000000791d400000,0x000000791d500000)]
  0x00000210ea22e000 JavaThread "Unconstrained build operations Thread 15" [_thread_blocked, id=16088, stack(0x000000791d500000,0x000000791d600000)]
  0x00000210ea22f000 JavaThread "Unconstrained build operations Thread 16" [_thread_blocked, id=5072, stack(0x000000791d600000,0x000000791d700000)]
  0x00000210ea22b800 JavaThread "Unconstrained build operations Thread 17" [_thread_blocked, id=20036, stack(0x000000791d700000,0x000000791d800000)]
  0x00000210ea229000 JavaThread "Unconstrained build operations Thread 18" [_thread_blocked, id=9424, stack(0x000000791d800000,0x000000791d900000)]
  0x00000210ea22f800 JavaThread "Unconstrained build operations Thread 19" [_thread_blocked, id=6784, stack(0x000000791d900000,0x000000791da00000)]
  0x00000210ea22a000 JavaThread "Unconstrained build operations Thread 20" [_thread_blocked, id=21456, stack(0x000000791da00000,0x000000791db00000)]
  0x00000210ea233000 JavaThread "Unconstrained build operations Thread 21" [_thread_blocked, id=17676, stack(0x000000791db00000,0x000000791dc00000)]
  0x00000210ea230800 JavaThread "Unconstrained build operations Thread 22" [_thread_blocked, id=16560, stack(0x000000791dc00000,0x000000791dd00000)]
  0x00000210ea234800 JavaThread "Unconstrained build operations Thread 23" [_thread_blocked, id=19060, stack(0x000000791dd00000,0x000000791de00000)]
  0x00000210ea234000 JavaThread "Unconstrained build operations Thread 24" [_thread_blocked, id=9580, stack(0x000000791de00000,0x000000791df00000)]
  0x00000210ea235800 JavaThread "Unconstrained build operations Thread 25" [_thread_blocked, id=1768, stack(0x000000791df00000,0x000000791e000000)]
  0x00000210ea236800 JavaThread "Unconstrained build operations Thread 26" [_thread_blocked, id=12516, stack(0x000000791e000000,0x000000791e100000)]
  0x00000210ea237000 JavaThread "Unconstrained build operations Thread 27" [_thread_blocked, id=17872, stack(0x000000791e100000,0x000000791e200000)]
  0x00000210ea231800 JavaThread "Unconstrained build operations Thread 28" [_thread_blocked, id=15660, stack(0x000000791e200000,0x000000791e300000)]
  0x00000210ea232000 JavaThread "Unconstrained build operations Thread 29" [_thread_blocked, id=21220, stack(0x000000791e300000,0x000000791e400000)]
  0x00000210ea238000 JavaThread "Unconstrained build operations Thread 30" [_thread_blocked, id=20880, stack(0x000000791e400000,0x000000791e500000)]
  0x00000210eb6da800 JavaThread "Unconstrained build operations Thread 31" [_thread_blocked, id=20872, stack(0x000000791e500000,0x000000791e600000)]
  0x00000210eb6d4800 JavaThread "Unconstrained build operations Thread 32" [_thread_blocked, id=14304, stack(0x000000791e600000,0x000000791e700000)]
  0x00000210eb6db800 JavaThread "Unconstrained build operations Thread 33" [_thread_blocked, id=20552, stack(0x000000791e700000,0x000000791e800000)]
  0x00000210eb6d8000 JavaThread "Unconstrained build operations Thread 34" [_thread_blocked, id=20400, stack(0x000000791e800000,0x000000791e900000)]
  0x00000210eb6d5800 JavaThread "Unconstrained build operations Thread 35" [_thread_blocked, id=21236, stack(0x000000791e900000,0x000000791ea00000)]
  0x00000210eb6d9000 JavaThread "Unconstrained build operations Thread 36" [_thread_blocked, id=21500, stack(0x000000791ea00000,0x000000791eb00000)]
  0x00000210eb6d6800 JavaThread "Unconstrained build operations Thread 37" [_thread_blocked, id=11172, stack(0x000000791eb00000,0x000000791ec00000)]
  0x00000210eb6d9800 JavaThread "Unconstrained build operations Thread 38" [_thread_blocked, id=2824, stack(0x000000791ec00000,0x000000791ed00000)]
  0x00000210eb6dd000 JavaThread "Unconstrained build operations Thread 39" [_thread_blocked, id=19768, stack(0x000000791ed00000,0x000000791ee00000)]
  0x00000210eb6d7000 JavaThread "Unconstrained build operations Thread 40" [_thread_blocked, id=1164, stack(0x000000791ee00000,0x000000791ef00000)]
  0x00000210eb6dc000 JavaThread "Unconstrained build operations Thread 41" [_thread_blocked, id=17100, stack(0x000000791ef00000,0x000000791f000000)]
  0x00000210eb6e2000 JavaThread "Unconstrained build operations Thread 42" [_thread_blocked, id=16836, stack(0x000000791f000000,0x000000791f100000)]
  0x00000210eb6df800 JavaThread "Unconstrained build operations Thread 43" [_thread_blocked, id=10576, stack(0x000000791f100000,0x000000791f200000)]
  0x00000210eb6e1000 JavaThread "Unconstrained build operations Thread 44" [_thread_blocked, id=18068, stack(0x000000791f200000,0x000000791f300000)]
  0x00000210eb6e3800 JavaThread "Unconstrained build operations Thread 45" [_thread_blocked, id=21468, stack(0x000000791f300000,0x000000791f400000)]
  0x00000210eb6e0000 JavaThread "Unconstrained build operations Thread 46" [_thread_blocked, id=10884, stack(0x000000791f400000,0x000000791f500000)]
  0x00000210eb6e2800 JavaThread "Unconstrained build operations Thread 47" [_thread_blocked, id=10840, stack(0x000000791f500000,0x000000791f600000)]
  0x00000210eb6dd800 JavaThread "Unconstrained build operations Thread 48" [_thread_blocked, id=9036, stack(0x000000791f600000,0x000000791f700000)]
  0x00000210eb6de800 JavaThread "Unconstrained build operations Thread 49" [_thread_blocked, id=9768, stack(0x000000791f700000,0x000000791f800000)]
  0x00000210e800e800 JavaThread "Unconstrained build operations Thread 50" [_thread_blocked, id=9872, stack(0x000000791f800000,0x000000791f900000)]
  0x00000210e8011000 JavaThread "Unconstrained build operations Thread 51" [_thread_blocked, id=18960, stack(0x000000791f900000,0x000000791fa00000)]
  0x00000210e8011800 JavaThread "Unconstrained build operations Thread 52" [_thread_blocked, id=16936, stack(0x000000791fa00000,0x000000791fb00000)]
  0x00000210e800f000 JavaThread "Unconstrained build operations Thread 53" [_thread_blocked, id=11364, stack(0x000000791fb00000,0x000000791fc00000)]
  0x00000210e8010000 JavaThread "Unconstrained build operations Thread 54" [_thread_blocked, id=20092, stack(0x000000791fc00000,0x000000791fd00000)]
  0x00000210e8012800 JavaThread "Unconstrained build operations Thread 55" [_thread_blocked, id=15368, stack(0x000000791fd00000,0x000000791fe00000)]
  0x00000210e800d000 JavaThread "Unconstrained build operations Thread 56" [_thread_blocked, id=1712, stack(0x000000791fe00000,0x000000791ff00000)]
  0x00000210e8013800 JavaThread "Unconstrained build operations Thread 57" [_thread_blocked, id=21036, stack(0x000000791ff00000,0x0000007920000000)]
  0x00000210e800d800 JavaThread "Unconstrained build operations Thread 58" [_thread_blocked, id=13816, stack(0x0000007920000000,0x0000007920100000)]
  0x00000210ea56c000 JavaThread "Unconstrained build operations Thread 59" [_thread_blocked, id=10056, stack(0x0000007920100000,0x0000007920200000)]
  0x00000210ea56e800 JavaThread "Unconstrained build operations Thread 60" [_thread_blocked, id=11608, stack(0x0000007920200000,0x0000007920300000)]
  0x00000210ea56d800 JavaThread "Unconstrained build operations Thread 61" [_thread_blocked, id=11760, stack(0x0000007920300000,0x0000007920400000)]
  0x00000210ea56f800 JavaThread "Unconstrained build operations Thread 62" [_thread_blocked, id=21128, stack(0x0000007920400000,0x0000007920500000)]
  0x00000210ea56b000 JavaThread "Unconstrained build operations Thread 63" [_thread_blocked, id=8, stack(0x0000007920500000,0x0000007920600000)]
  0x00000210ea569800 JavaThread "Unconstrained build operations Thread 64" [_thread_blocked, id=20888, stack(0x0000007920600000,0x0000007920700000)]
  0x00000210ea570000 JavaThread "Unconstrained build operations Thread 65" [_thread_blocked, id=13244, stack(0x0000007920700000,0x0000007920800000)]
  0x00000210ea56a800 JavaThread "Unconstrained build operations Thread 66" [_thread_blocked, id=14024, stack(0x0000007920800000,0x0000007920900000)]
  0x00000210ea56d000 JavaThread "Unconstrained build operations Thread 67" [_thread_blocked, id=18408, stack(0x0000007920900000,0x0000007920a00000)]
  0x00000210e9c69000 JavaThread "Unconstrained build operations Thread 68" [_thread_blocked, id=720, stack(0x0000007920a00000,0x0000007920b00000)]
  0x00000210e9c69800 JavaThread "Unconstrained build operations Thread 69" [_thread_blocked, id=3320, stack(0x0000007920b00000,0x0000007920c00000)]
  0x00000210e9c6d000 JavaThread "Unconstrained build operations Thread 70" [_thread_blocked, id=19864, stack(0x0000007920c00000,0x0000007920d00000)]
  0x00000210e9c6a800 JavaThread "Unconstrained build operations Thread 71" [_thread_blocked, id=9004, stack(0x0000007920d00000,0x0000007920e00000)]
  0x00000210e9c6b000 JavaThread "Unconstrained build operations Thread 72" [_thread_blocked, id=21048, stack(0x0000007920e00000,0x0000007920f00000)]
  0x00000210e9c6c000 JavaThread "Unconstrained build operations Thread 73" [_thread_blocked, id=7832, stack(0x0000007920f00000,0x0000007921000000)]
  0x00000210e9c6d800 JavaThread "Unconstrained build operations Thread 74" [_thread_blocked, id=11540, stack(0x0000007921000000,0x0000007921100000)]
  0x00000210e9c68000 JavaThread "Unconstrained build operations Thread 75" [_thread_blocked, id=20848, stack(0x0000007921100000,0x0000007921200000)]
  0x00000210e9c6e800 JavaThread "Unconstrained build operations Thread 76" [_thread_blocked, id=6248, stack(0x0000007921200000,0x0000007921300000)]
  0x00000210e9c71000 JavaThread "Unconstrained build operations Thread 77" [_thread_blocked, id=18648, stack(0x0000007921300000,0x0000007921400000)]
  0x00000210e9c73800 JavaThread "Unconstrained build operations Thread 78" [_thread_blocked, id=9312, stack(0x0000007921400000,0x0000007921500000)]
  0x00000210e9c74000 JavaThread "Unconstrained build operations Thread 79" [_thread_blocked, id=5328, stack(0x0000007921500000,0x0000007921600000)]
  0x00000210e9c75000 JavaThread "Unconstrained build operations Thread 80" [_thread_blocked, id=2084, stack(0x0000007921600000,0x0000007921700000)]
  0x00000210e9c70000 JavaThread "jar transforms Thread 4" [_thread_blocked, id=7528, stack(0x0000007921700000,0x0000007921800000)]
  0x00000210e9c72800 JavaThread "jar transforms Thread 5" [_thread_blocked, id=20124, stack(0x0000007921800000,0x0000007921900000)]
  0x00000210e9c6f800 JavaThread "jar transforms Thread 6" [_thread_blocked, id=6604, stack(0x0000007921900000,0x0000007921a00000)]
  0x00000210e9c76000 JavaThread "jar transforms Thread 7" [_thread_blocked, id=16436, stack(0x0000007921a00000,0x0000007921b00000)]
  0x00000210e9c76800 JavaThread "jar transforms Thread 8" [_thread_blocked, id=5532, stack(0x0000007921b00000,0x0000007921c00000)]
  0x00000210e9c72000 JavaThread "Memory manager" [_thread_blocked, id=2884, stack(0x0000007921c00000,0x0000007921d00000)]
  0x00000210efda4000 JavaThread "build event listener" [_thread_blocked, id=12596, stack(0x0000007921e00000,0x0000007921f00000)]
  0x00000210efda1000 JavaThread "pool-3-thread-1" [_thread_blocked, id=1660, stack(0x0000007921f00000,0x0000007922000000)]
  0x00000210efda0000 JavaThread "build event listener" [_thread_blocked, id=15904, stack(0x0000007922000000,0x0000007922100000)]
  0x00000210efd9e800 JavaThread "included builds" [_thread_blocked, id=15496, stack(0x0000007922100000,0x0000007922200000)]
  0x00000210efda1800 JavaThread "Execution worker for ':'" [_thread_blocked, id=4196, stack(0x0000007922200000,0x0000007922300000)]
  0x00000210efda5000 JavaThread "Execution worker for ':' Thread 2" [_thread_blocked, id=11548, stack(0x0000007922300000,0x0000007922400000)]
  0x00000210efda2800 JavaThread "Execution worker for ':' Thread 3" [_thread_in_native, id=11784, stack(0x0000007922400000,0x0000007922500000)]
  0x00000210efda3000 JavaThread "Execution worker for ':' Thread 4" [_thread_blocked, id=21464, stack(0x0000007922500000,0x0000007922600000)]
  0x00000210efd9f000 JavaThread "Execution worker for ':' Thread 5" [_thread_blocked, id=18180, stack(0x0000007922600000,0x0000007922700000)]
  0x00000210efdaa800 JavaThread "Execution worker for ':' Thread 6" [_thread_blocked, id=6536, stack(0x0000007922700000,0x0000007922800000)]
  0x00000210efdab800 JavaThread "Execution worker for ':' Thread 7" [_thread_blocked, id=13656, stack(0x0000007922800000,0x0000007922900000)]
  0x00000210efda8000 JavaThread "Cache worker for execution history cache (C:\Users\sudhe\AndroidStudioProjects\caderno\.gradle\7.4\executionHistory)" [_thread_blocked, id=15444, stack(0x0000007922900000,0x0000007922a00000)]
  0x00000210e96ee000 JavaThread "C2 CompilerThread1" daemon [_thread_in_native, id=4816, stack(0x000000791b900000,0x000000791ba00000)]
  0x00000210efda7800 JavaThread "WorkerExecutor Queue" [_thread_blocked, id=10860, stack(0x0000007922a00000,0x0000007922b00000)]
  0x00000210efda9000 JavaThread "WorkerExecutor Queue Thread 2" [_thread_blocked, id=10492, stack(0x0000007922b00000,0x0000007922c00000)]
  0x00000210efda9800 JavaThread "WorkerExecutor Queue Thread 3" [_thread_in_native, id=18484, stack(0x0000007922c00000,0x0000007922d00000)]

Other Threads:
  0x00000210e678c800 VMThread "VM Thread" [stack: 0x0000007919900000,0x0000007919a00000] [id=8756]
  0x00000210e72bb000 WatcherThread [stack: 0x000000791a300000,0x000000791a400000] [id=15584]
  0x00000210cbb54800 GCTaskThread "GC Thread#0" [stack: 0x0000007919400000,0x0000007919500000] [id=3176]
  0x00000210e7830000 GCTaskThread "GC Thread#1" [stack: 0x000000791a500000,0x000000791a600000] [id=20600]
  0x00000210e7f5f800 GCTaskThread "GC Thread#2" [stack: 0x000000791a600000,0x000000791a700000] [id=10452]
  0x00000210ea425000 GCTaskThread "GC Thread#3" [stack: 0x000000791b000000,0x000000791b100000] [id=21196]
  0x00000210e81d5000 GCTaskThread "GC Thread#4" [stack: 0x000000791b100000,0x000000791b200000] [id=9336]
  0x00000210e802a800 GCTaskThread "GC Thread#5" [stack: 0x000000791b200000,0x000000791b300000] [id=14668]
  0x00000210e8214800 GCTaskThread "GC Thread#6" [stack: 0x000000791b300000,0x000000791b400000] [id=7608]
  0x00000210ea764800 GCTaskThread "GC Thread#7" [stack: 0x000000791b400000,0x000000791b500000] [id=21004]
  0x00000210cbb88800 ConcurrentGCThread "G1 Main Marker" [stack: 0x0000007919500000,0x0000007919600000] [id=19460]
  0x00000210cbb89800 ConcurrentGCThread "G1 Conc#0" [stack: 0x0000007919600000,0x0000007919700000] [id=19620]
  0x00000210e8a56000 ConcurrentGCThread "G1 Conc#1" [stack: 0x000000791b800000,0x000000791b900000] [id=8144]
  0x00000210e65e0800 ConcurrentGCThread "G1 Refine#0" [stack: 0x0000007919700000,0x0000007919800000] [id=17512]
  0x00000210eb82f800 ConcurrentGCThread "G1 Refine#1" [stack: 0x0000007921d00000,0x0000007921e00000] [id=20700]
  0x00000210e65e1800 ConcurrentGCThread "G1 Young RemSet Sampling" [stack: 0x0000007919800000,0x0000007919900000] [id=13296]

Threads with active compile tasks:
C2 CompilerThread0  20213 11334       4       org.apache.xerces.impl.XMLNSDocumentScannerImpl::scanAttribute (586 bytes)
C2 CompilerThread1  20213 11357       4       java.util.regex.Pattern::escape (1323 bytes)

VM state:not at safepoint (normal execution)

VM Mutex/Monitor currently owned by a thread: None

Heap address: 0x0000000080000000, size: 2048 MB, Compressed Oops mode: 32-bit
Narrow klass base: 0x0000000000000000, Narrow klass shift: 3
Compressed class space size: 1073741824 Address: 0x0000000100000000

Heap:
 garbage-first heap   total 155648K, used 103773K [0x0000000080000000, 0x0000000100000000)
  region size 1024K, 6 young (6144K), 1 survivors (1024K)
 Metaspace       used 91399K, capacity 93784K, committed 94236K, reserved 1130496K
  class space    used 11616K, capacity 12495K, committed 12620K, reserved 1048576K
Heap Regions: E=young(eden), S=young(survivor), O=old, HS=humongous(starts), HC=humongous(continues), CS=collection set, F=free, A=archive, TAMS=top-at-mark-start (previous, next)
|   0|0x0000000080000000, 0x0000000080100000, 0x0000000080100000|100%| O|  |TAMS 0x0000000080100000, 0x0000000080000000| Complete 
|   1|0x0000000080100000, 0x0000000080200000, 0x0000000080200000|100%| O|  |TAMS 0x0000000080200000, 0x0000000080100000| Untracked 
|   2|0x0000000080200000, 0x0000000080300000, 0x0000000080300000|100%| O|  |TAMS 0x0000000080300000, 0x0000000080200000| Untracked 
|   3|0x0000000080300000, 0x0000000080400000, 0x0000000080400000|100%|HS|  |TAMS 0x0000000080400000, 0x0000000080300000| Complete 
|   4|0x0000000080400000, 0x0000000080500000, 0x0000000080500000|100%|HC|  |TAMS 0x0000000080500000, 0x0000000080400000| Complete 
|   5|0x0000000080500000, 0x0000000080600000, 0x0000000080600000|100%|HC|  |TAMS 0x0000000080600000, 0x0000000080500000| Complete 
|   6|0x0000000080600000, 0x0000000080700000, 0x0000000080700000|100%| O|  |TAMS 0x0000000080700000, 0x0000000080600000| Untracked 
|   7|0x0000000080700000, 0x0000000080800000, 0x0000000080800000|100%| O|  |TAMS 0x0000000080800000, 0x0000000080700000| Untracked 
|   8|0x0000000080800000, 0x0000000080900000, 0x0000000080900000|100%| O|  |TAMS 0x0000000080900000, 0x0000000080800000| Untracked 
|   9|0x0000000080900000, 0x0000000080a00000, 0x0000000080a00000|100%| O|  |TAMS 0x0000000080a00000, 0x0000000080900000| Complete 
|  10|0x0000000080a00000, 0x0000000080b00000, 0x0000000080b00000|100%| O|  |TAMS 0x0000000080b00000, 0x0000000080a00000| Untracked 
|  11|0x0000000080b00000, 0x0000000080c00000, 0x0000000080c00000|100%| O|  |TAMS 0x0000000080c00000, 0x0000000080b00000| Complete 
|  12|0x0000000080c00000, 0x0000000080d00000, 0x0000000080d00000|100%| O|  |TAMS 0x0000000080d00000, 0x0000000080c00000| Untracked 
|  13|0x0000000080d00000, 0x0000000080e00000, 0x0000000080e00000|100%| O|  |TAMS 0x0000000080e00000, 0x0000000080d00000| Untracked 
|  14|0x0000000080e00000, 0x0000000080f00000, 0x0000000080f00000|100%| O|  |TAMS 0x0000000080f00000, 0x0000000080e00000| Untracked 
|  15|0x0000000080f00000, 0x0000000081000000, 0x0000000081000000|100%| O|  |TAMS 0x0000000081000000, 0x0000000080f00000| Untracked 
|  16|0x0000000081000000, 0x0000000081100000, 0x0000000081100000|100%| O|  |TAMS 0x0000000081100000, 0x0000000081000000| Untracked 
|  17|0x0000000081100000, 0x0000000081200000, 0x0000000081200000|100%|HS|  |TAMS 0x0000000081200000, 0x0000000081100000| Complete 
|  18|0x0000000081200000, 0x0000000081300000, 0x0000000081300000|100%| O|  |TAMS 0x0000000081300000, 0x0000000081200000| Untracked 
|  19|0x0000000081300000, 0x0000000081400000, 0x0000000081400000|100%| O|  |TAMS 0x0000000081400000, 0x0000000081300000| Untracked 
|  20|0x0000000081400000, 0x0000000081500000, 0x0000000081500000|100%| O|  |TAMS 0x0000000081500000, 0x0000000081400000| Untracked 
|  21|0x0000000081500000, 0x0000000081600000, 0x0000000081600000|100%| O|  |TAMS 0x0000000081600000, 0x0000000081500000| Complete 
|  22|0x0000000081600000, 0x0000000081700000, 0x0000000081700000|100%| O|  |TAMS 0x0000000081700000, 0x0000000081600000| Untracked 
|  23|0x0000000081700000, 0x0000000081800000, 0x0000000081800000|100%| O|  |TAMS 0x0000000081800000, 0x0000000081700000| Untracked 
|  24|0x0000000081800000, 0x0000000081900000, 0x0000000081900000|100%| O|  |TAMS 0x0000000081900000, 0x0000000081800000| Untracked 
|  25|0x0000000081900000, 0x0000000081a00000, 0x0000000081a00000|100%| O|  |TAMS 0x0000000081a00000, 0x0000000081900000| Untracked 
|  26|0x0000000081a00000, 0x0000000081b00000, 0x0000000081b00000|100%| O|  |TAMS 0x0000000081b00000, 0x0000000081a00000| Untracked 
|  27|0x0000000081b00000, 0x0000000081c00000, 0x0000000081c00000|100%| O|  |TAMS 0x0000000081c00000, 0x0000000081b00000| Untracked 
|  28|0x0000000081c00000, 0x0000000081d00000, 0x0000000081d00000|100%| O|  |TAMS 0x0000000081d00000, 0x0000000081c00000| Complete 
|  29|0x0000000081d00000, 0x0000000081e00000, 0x0000000081e00000|100%|HS|  |TAMS 0x0000000081e00000, 0x0000000081d00000| Complete 
|  30|0x0000000081e00000, 0x0000000081f00000, 0x0000000081f00000|100%|HS|  |TAMS 0x0000000081f00000, 0x0000000081e00000| Complete 
|  31|0x0000000081f00000, 0x0000000082000000, 0x0000000082000000|100%|HC|  |TAMS 0x0000000082000000, 0x0000000081f00000| Complete 
|  32|0x0000000082000000, 0x0000000082100000, 0x0000000082100000|100%| O|  |TAMS 0x0000000082100000, 0x0000000082000000| Untracked 
|  33|0x0000000082100000, 0x0000000082200000, 0x0000000082200000|100%| O|  |TAMS 0x0000000082200000, 0x0000000082100000| Complete 
|  34|0x0000000082200000, 0x0000000082300000, 0x0000000082300000|100%| O|  |TAMS 0x0000000082300000, 0x0000000082200000| Untracked 
|  35|0x0000000082300000, 0x0000000082400000, 0x0000000082400000|100%| O|  |TAMS 0x0000000082400000, 0x0000000082300000| Untracked 
|  36|0x0000000082400000, 0x0000000082500000, 0x0000000082500000|100%| O|  |TAMS 0x0000000082500000, 0x0000000082400000| Untracked 
|  37|0x0000000082500000, 0x0000000082600000, 0x0000000082600000|100%| O|  |TAMS 0x0000000082600000, 0x0000000082500000| Untracked 
|  38|0x0000000082600000, 0x0000000082700000, 0x0000000082700000|100%| O|  |TAMS 0x0000000082700000, 0x0000000082600000| Untracked 
|  39|0x0000000082700000, 0x0000000082800000, 0x0000000082800000|100%| O|  |TAMS 0x0000000082800000, 0x0000000082700000| Untracked 
|  40|0x0000000082800000, 0x0000000082900000, 0x0000000082900000|100%| O|  |TAMS 0x0000000082900000, 0x0000000082800000| Untracked 
|  41|0x0000000082900000, 0x0000000082a00000, 0x0000000082a00000|100%| O|  |TAMS 0x0000000082a00000, 0x0000000082900000| Complete 
|  42|0x0000000082a00000, 0x0000000082b00000, 0x0000000082b00000|100%| O|  |TAMS 0x0000000082b00000, 0x0000000082a00000| Complete 
|  43|0x0000000082b00000, 0x0000000082c00000, 0x0000000082c00000|100%| O|  |TAMS 0x0000000082c00000, 0x0000000082b00000| Complete 
|  44|0x0000000082c00000, 0x0000000082d00000, 0x0000000082d00000|100%| O|  |TAMS 0x0000000082d00000, 0x0000000082c00000| Complete 
|  45|0x0000000082d00000, 0x0000000082e00000, 0x0000000082e00000|100%| O|  |TAMS 0x0000000082e00000, 0x0000000082d00000| Complete 
|  46|0x0000000082e00000, 0x0000000082f00000, 0x0000000082f00000|100%| O|  |TAMS 0x0000000082f00000, 0x0000000082e00000| Complete 
|  47|0x0000000082f00000, 0x0000000083000000, 0x0000000083000000|100%| O|  |TAMS 0x0000000083000000, 0x0000000082f00000| Untracked 
|  48|0x0000000083000000, 0x0000000083100000, 0x0000000083100000|100%| O|  |TAMS 0x0000000083100000, 0x0000000083000000| Untracked 
|  49|0x0000000083100000, 0x0000000083200000, 0x0000000083200000|100%| O|  |TAMS 0x0000000083200000, 0x0000000083100000| Untracked 
|  50|0x0000000083200000, 0x0000000083300000, 0x0000000083300000|100%| O|  |TAMS 0x0000000083300000, 0x0000000083200000| Untracked 
|  51|0x0000000083300000, 0x0000000083400000, 0x0000000083400000|100%| O|  |TAMS 0x0000000083400000, 0x0000000083300000| Complete 
|  52|0x0000000083400000, 0x0000000083500000, 0x0000000083500000|100%| O|  |TAMS 0x0000000083500000, 0x0000000083400000| Untracked 
|  53|0x0000000083500000, 0x0000000083600000, 0x0000000083600000|100%| O|  |TAMS 0x0000000083600000, 0x0000000083500000| Untracked 
|  54|0x0000000083600000, 0x0000000083700000, 0x0000000083700000|100%| O|  |TAMS 0x0000000083700000, 0x0000000083600000| Untracked 
|  55|0x0000000083700000, 0x0000000083800000, 0x0000000083800000|100%| O|  |TAMS 0x0000000083800000, 0x0000000083700000| Untracked 
|  56|0x0000000083800000, 0x0000000083900000, 0x0000000083900000|100%| O|  |TAMS 0x0000000083900000, 0x0000000083800000| Complete 
|  57|0x0000000083900000, 0x0000000083a00000, 0x0000000083a00000|100%| O|  |TAMS 0x0000000083a00000, 0x0000000083900000| Untracked 
|  58|0x0000000083a00000, 0x0000000083b00000, 0x0000000083b00000|100%| O|  |TAMS 0x0000000083b00000, 0x0000000083a00000| Untracked 
|  59|0x0000000083b00000, 0x0000000083c00000, 0x0000000083c00000|100%| O|  |TAMS 0x0000000083c00000, 0x0000000083b00000| Untracked 
|  60|0x0000000083c00000, 0x0000000083d00000, 0x0000000083d00000|100%| O|  |TAMS 0x0000000083d00000, 0x0000000083c00000| Untracked 
|  61|0x0000000083d00000, 0x0000000083e00000, 0x0000000083e00000|100%| O|  |TAMS 0x0000000083e00000, 0x0000000083d00000| Untracked 
|  62|0x0000000083e00000, 0x0000000083f00000, 0x0000000083f00000|100%| O|  |TAMS 0x0000000083f00000, 0x0000000083e00000| Untracked 
|  63|0x0000000083f00000, 0x0000000084000000, 0x0000000084000000|100%| O|  |TAMS 0x0000000084000000, 0x0000000083f00000| Untracked 
|  64|0x0000000084000000, 0x0000000084100000, 0x0000000084100000|100%| O|  |TAMS 0x0000000084100000, 0x0000000084000000| Untracked 
|  65|0x0000000084100000, 0x0000000084200000, 0x0000000084200000|100%| O|  |TAMS 0x0000000084200000, 0x0000000084100000| Untracked 
|  66|0x0000000084200000, 0x0000000084300000, 0x0000000084300000|100%| O|  |TAMS 0x0000000084300000, 0x0000000084200000| Untracked 
|  67|0x0000000084300000, 0x0000000084400000, 0x0000000084400000|100%| O|  |TAMS 0x0000000084400000, 0x0000000084300000| Untracked 
|  68|0x0000000084400000, 0x0000000084500000, 0x0000000084500000|100%| O|  |TAMS 0x0000000084500000, 0x0000000084400000| Untracked 
|  69|0x0000000084500000, 0x0000000084600000, 0x0000000084600000|100%| O|  |TAMS 0x0000000084600000, 0x0000000084500000| Untracked 
|  70|0x0000000084600000, 0x0000000084700000, 0x0000000084700000|100%| O|  |TAMS 0x0000000084700000, 0x0000000084600000| Complete 
|  71|0x0000000084700000, 0x0000000084800000, 0x0000000084800000|100%| O|  |TAMS 0x0000000084800000, 0x0000000084700000| Untracked 
|  72|0x0000000084800000, 0x0000000084900000, 0x0000000084900000|100%| O|  |TAMS 0x0000000084900000, 0x0000000084800000| Untracked 
|  73|0x0000000084900000, 0x0000000084a00000, 0x0000000084a00000|100%| O|  |TAMS 0x0000000084a00000, 0x0000000084900000| Complete 
|  74|0x0000000084a00000, 0x0000000084b00000, 0x0000000084b00000|100%| O|  |TAMS 0x0000000084b00000, 0x0000000084a00000| Complete 
|  75|0x0000000084b00000, 0x0000000084c00000, 0x0000000084c00000|100%| O|  |TAMS 0x0000000084c00000, 0x0000000084b00000| Untracked 
|  76|0x0000000084c00000, 0x0000000084d00000, 0x0000000084d00000|100%| O|  |TAMS 0x0000000084d00000, 0x0000000084c00000| Untracked 
|  77|0x0000000084d00000, 0x0000000084e00000, 0x0000000084e00000|100%| O|  |TAMS 0x0000000084e00000, 0x0000000084d00000| Untracked 
|  78|0x0000000084e00000, 0x0000000084f00000, 0x0000000084f00000|100%| O|  |TAMS 0x0000000084f00000, 0x0000000084e00000| Untracked 
|  79|0x0000000084f00000, 0x0000000085000000, 0x0000000085000000|100%| O|  |TAMS 0x0000000085000000, 0x0000000084f00000| Complete 
|  80|0x0000000085000000, 0x0000000085100000, 0x0000000085100000|100%| O|  |TAMS 0x0000000085100000, 0x0000000085000000| Complete 
|  81|0x0000000085100000, 0x0000000085100000, 0x0000000085200000|  0%| F|  |TAMS 0x0000000085100000, 0x0000000085100000| Untracked 
|  82|0x0000000085200000, 0x0000000085200000, 0x0000000085300000|  0%| F|  |TAMS 0x0000000085200000, 0x0000000085200000| Untracked 
|  83|0x0000000085300000, 0x0000000085400000, 0x0000000085400000|100%| O|  |TAMS 0x0000000085400000, 0x0000000085300000| Complete 
|  84|0x0000000085400000, 0x0000000085500000, 0x0000000085500000|100%| O|  |TAMS 0x0000000085500000, 0x0000000085400000| Complete 
|  85|0x0000000085500000, 0x0000000085500000, 0x0000000085600000|  0%| F|  |TAMS 0x0000000085500000, 0x0000000085500000| Untracked 
|  86|0x0000000085600000, 0x0000000085600000, 0x0000000085700000|  0%| F|  |TAMS 0x0000000085600000, 0x0000000085600000| Untracked 
|  87|0x0000000085700000, 0x0000000085700000, 0x0000000085800000|  0%| F|  |TAMS 0x0000000085700000, 0x0000000085700000| Untracked 
|  88|0x0000000085800000, 0x0000000085800000, 0x0000000085900000|  0%| F|  |TAMS 0x0000000085800000, 0x0000000085800000| Untracked 
|  89|0x0000000085900000, 0x0000000085900000, 0x0000000085a00000|  0%| F|  |TAMS 0x0000000085900000, 0x0000000085900000| Untracked 
|  90|0x0000000085a00000, 0x0000000085a00000, 0x0000000085b00000|  0%| F|  |TAMS 0x0000000085a00000, 0x0000000085a00000| Untracked 
|  91|0x0000000085b00000, 0x0000000085b00000, 0x0000000085c00000|  0%| F|  |TAMS 0x0000000085b00000, 0x0000000085b00000| Untracked 
|  92|0x0000000085c00000, 0x0000000085c00000, 0x0000000085d00000|  0%| F|  |TAMS 0x0000000085c00000, 0x0000000085c00000| Untracked 
|  93|0x0000000085d00000, 0x0000000085d00000, 0x0000000085e00000|  0%| F|  |TAMS 0x0000000085d00000, 0x0000000085d00000| Untracked 
|  94|0x0000000085e00000, 0x0000000085e00000, 0x0000000085f00000|  0%| F|  |TAMS 0x0000000085e00000, 0x0000000085e00000| Untracked 
|  95|0x0000000085f00000, 0x0000000085f00000, 0x0000000086000000|  0%| F|  |TAMS 0x0000000085f00000, 0x0000000085f00000| Untracked 
|  96|0x0000000086000000, 0x0000000086100000, 0x0000000086100000|100%| O|  |TAMS 0x0000000086100000, 0x0000000086000000| Complete 
|  97|0x0000000086100000, 0x0000000086200000, 0x0000000086200000|100%| O|  |TAMS 0x0000000086200000, 0x0000000086100000| Complete 
|  98|0x0000000086200000, 0x0000000086300000, 0x0000000086300000|100%| O|  |TAMS 0x0000000086300000, 0x0000000086200000| Untracked 
|  99|0x0000000086300000, 0x0000000086400000, 0x0000000086400000|100%| O|  |TAMS 0x0000000086400000, 0x0000000086300000| Untracked 
| 100|0x0000000086400000, 0x0000000086500000, 0x0000000086500000|100%| O|  |TAMS 0x0000000086500000, 0x0000000086400000| Untracked 
| 101|0x0000000086500000, 0x0000000086600000, 0x0000000086600000|100%| O|  |TAMS 0x0000000086600000, 0x0000000086500000| Complete 
| 102|0x0000000086600000, 0x0000000086600000, 0x0000000086700000|  0%| F|  |TAMS 0x0000000086600000, 0x0000000086600000| Untracked 
| 103|0x0000000086700000, 0x0000000086800000, 0x0000000086800000|100%| O|  |TAMS 0x0000000086700000, 0x0000000086700000| Untracked 
| 104|0x0000000086800000, 0x0000000086900000, 0x0000000086900000|100%| O|  |TAMS 0x0000000086800000, 0x0000000086800000| Untracked 
| 105|0x0000000086900000, 0x0000000086a00000, 0x0000000086a00000|100%| O|  |TAMS 0x0000000086900000, 0x0000000086900000| Untracked 
| 106|0x0000000086a00000, 0x0000000086b00000, 0x0000000086b00000|100%| O|  |TAMS 0x0000000086a00000, 0x0000000086a00000| Untracked 
| 107|0x0000000086b00000, 0x0000000086c00000, 0x0000000086c00000|100%| O|  |TAMS 0x0000000086b00000, 0x0000000086b00000| Untracked 
| 108|0x0000000086c00000, 0x0000000086ccb200, 0x0000000086d00000| 79%| O|  |TAMS 0x0000000086c00000, 0x0000000086c00000| Untracked 
| 109|0x0000000086d00000, 0x0000000086d00000, 0x0000000086e00000|  0%| F|  |TAMS 0x0000000086d00000, 0x0000000086d00000| Untracked 
| 110|0x0000000086e00000, 0x0000000086e00000, 0x0000000086f00000|  0%| F|  |TAMS 0x0000000086e00000, 0x0000000086e00000| Untracked 
| 111|0x0000000086f00000, 0x0000000086f00000, 0x0000000087000000|  0%| F|  |TAMS 0x0000000086f00000, 0x0000000086f00000| Untracked 
| 112|0x0000000087000000, 0x0000000087000000, 0x0000000087100000|  0%| F|  |TAMS 0x0000000087000000, 0x0000000087000000| Untracked 
| 113|0x0000000087100000, 0x0000000087100000, 0x0000000087200000|  0%| F|  |TAMS 0x0000000087100000, 0x0000000087100000| Untracked 
| 114|0x0000000087200000, 0x0000000087200000, 0x0000000087300000|  0%| F|  |TAMS 0x0000000087200000, 0x0000000087200000| Untracked 
| 115|0x0000000087300000, 0x0000000087300000, 0x0000000087400000|  0%| F|  |TAMS 0x0000000087300000, 0x0000000087300000| Untracked 
| 116|0x0000000087400000, 0x0000000087400000, 0x0000000087500000|  0%| F|  |TAMS 0x0000000087400000, 0x0000000087400000| Untracked 
| 117|0x0000000087500000, 0x0000000087500000, 0x0000000087600000|  0%| F|  |TAMS 0x0000000087500000, 0x0000000087500000| Untracked 
| 118|0x0000000087600000, 0x0000000087600000, 0x0000000087700000|  0%| F|  |TAMS 0x0000000087600000, 0x0000000087600000| Untracked 
| 119|0x0000000087700000, 0x0000000087700000, 0x0000000087800000|  0%| F|  |TAMS 0x0000000087700000, 0x0000000087700000| Untracked 
| 120|0x0000000087800000, 0x0000000087900000, 0x0000000087900000|100%| O|  |TAMS 0x0000000087900000, 0x0000000087800000| Complete 
| 121|0x0000000087900000, 0x0000000087900000, 0x0000000087a00000|  0%| F|  |TAMS 0x0000000087900000, 0x0000000087900000| Untracked 
| 122|0x0000000087a00000, 0x0000000087a00000, 0x0000000087b00000|  0%| F|  |TAMS 0x0000000087a00000, 0x0000000087a00000| Untracked 
| 123|0x0000000087b00000, 0x0000000087c00000, 0x0000000087c00000|100%| O|  |TAMS 0x0000000087be8000, 0x0000000087b00000| Untracked 
| 124|0x0000000087c00000, 0x0000000087c00000, 0x0000000087d00000|  0%| F|  |TAMS 0x0000000087c00000, 0x0000000087c00000| Untracked 
| 125|0x0000000087d00000, 0x0000000087d00000, 0x0000000087e00000|  0%| F|  |TAMS 0x0000000087d00000, 0x0000000087d00000| Untracked 
| 126|0x0000000087e00000, 0x0000000087e00000, 0x0000000087f00000|  0%| F|  |TAMS 0x0000000087e00000, 0x0000000087e00000| Untracked 
| 127|0x0000000087f00000, 0x0000000087f00000, 0x0000000088000000|  0%| F|  |TAMS 0x0000000087f00000, 0x0000000087f00000| Untracked 
| 128|0x0000000088000000, 0x0000000088000000, 0x0000000088100000|  0%| F|  |TAMS 0x0000000088000000, 0x0000000088000000| Untracked 
| 129|0x0000000088100000, 0x0000000088100000, 0x0000000088200000|  0%| F|  |TAMS 0x0000000088100000, 0x0000000088100000| Untracked 
| 130|0x0000000088200000, 0x0000000088200000, 0x0000000088300000|  0%| F|  |TAMS 0x0000000088200000, 0x0000000088200000| Untracked 
| 131|0x0000000088300000, 0x0000000088300000, 0x0000000088400000|  0%| F|  |TAMS 0x0000000088300000, 0x0000000088300000| Untracked 
| 132|0x0000000088400000, 0x0000000088400000, 0x0000000088500000|  0%| F|  |TAMS 0x0000000088400000, 0x0000000088400000| Untracked 
| 133|0x0000000088500000, 0x0000000088500000, 0x0000000088600000|  0%| F|  |TAMS 0x0000000088500000, 0x0000000088500000| Untracked 
| 134|0x0000000088600000, 0x0000000088600000, 0x0000000088700000|  0%| F|  |TAMS 0x0000000088600000, 0x0000000088600000| Untracked 
| 135|0x0000000088700000, 0x0000000088700000, 0x0000000088800000|  0%| F|  |TAMS 0x0000000088700000, 0x0000000088700000| Untracked 
| 136|0x0000000088800000, 0x0000000088800000, 0x0000000088900000|  0%| F|  |TAMS 0x0000000088800000, 0x0000000088800000| Untracked 
| 137|0x0000000088900000, 0x0000000088900000, 0x0000000088a00000|  0%| F|  |TAMS 0x0000000088900000, 0x0000000088900000| Untracked 
| 138|0x0000000088a00000, 0x0000000088a00000, 0x0000000088b00000|  0%| F|  |TAMS 0x0000000088a00000, 0x0000000088a00000| Untracked 
| 139|0x0000000088b00000, 0x0000000088b00000, 0x0000000088c00000|  0%| F|  |TAMS 0x0000000088b00000, 0x0000000088b00000| Untracked 
| 140|0x0000000088c00000, 0x0000000088c00000, 0x0000000088d00000|  0%| F|  |TAMS 0x0000000088c00000, 0x0000000088c00000| Untracked 
| 141|0x0000000088d00000, 0x0000000088d00000, 0x0000000088e00000|  0%| F|  |TAMS 0x0000000088d00000, 0x0000000088d00000| Untracked 
| 142|0x0000000088e00000, 0x0000000088e00000, 0x0000000088f00000|  0%| F|  |TAMS 0x0000000088e00000, 0x0000000088e00000| Untracked 
| 143|0x0000000088f00000, 0x0000000088f00000, 0x0000000089000000|  0%| F|  |TAMS 0x0000000088f00000, 0x0000000088f00000| Untracked 
| 144|0x0000000089000000, 0x0000000089000000, 0x0000000089100000|  0%| F|  |TAMS 0x0000000089000000, 0x0000000089000000| Untracked 
| 145|0x0000000089100000, 0x0000000089100000, 0x0000000089200000|  0%| F|  |TAMS 0x0000000089100000, 0x0000000089100000| Untracked 
| 146|0x0000000089200000, 0x000000008926e1a0, 0x0000000089300000| 43%| E|  |TAMS 0x0000000089200000, 0x0000000089200000| Complete 
| 147|0x0000000089300000, 0x000000008938c220, 0x0000000089400000| 54%| S|CS|TAMS 0x0000000089300000, 0x0000000089300000| Complete 
| 148|0x0000000089400000, 0x0000000089500000, 0x0000000089500000|100%| E|CS|TAMS 0x0000000089400000, 0x0000000089400000| Complete 
| 149|0x0000000089500000, 0x0000000089600000, 0x0000000089600000|100%| E|CS|TAMS 0x0000000089500000, 0x0000000089500000| Complete 
| 150|0x0000000089600000, 0x0000000089700000, 0x0000000089700000|100%| E|CS|TAMS 0x0000000089600000, 0x0000000089600000| Complete 
| 151|0x0000000089700000, 0x0000000089800000, 0x0000000089800000|100%| E|CS|TAMS 0x0000000089700000, 0x0000000089700000| Complete 

Card table byte_map: [0x00000210df4c0000,0x00000210df8c0000] _byte_map_base: 0x00000210df0c0000

Marking Bits (Prev, Next): (CMBitMap*) 0x00000210cbb7f920, (CMBitMap*) 0x00000210cbb7f8e8
 Prev Bits: [0x00000210e1cc0000, 0x00000210e3cc0000)
 Next Bits: [0x00000210dfcc0000, 0x00000210e1cc0000)

Polling page: 0x00000210ca1e0000

Metaspace:

Usage:
  Non-class:     79.38 MB capacity,    77.94 MB ( 98%) used,     1.20 MB (  2%) free+waste,   259.44 KB ( <1%) overhead. 
      Class:     12.20 MB capacity,    11.35 MB ( 93%) used,   759.90 KB (  6%) free+waste,   117.50 KB ( <1%) overhead. 
       Both:     91.59 MB capacity,    89.28 MB ( 97%) used,     1.94 MB (  2%) free+waste,   376.94 KB ( <1%) overhead. 

Virtual space:
  Non-class space:       80.00 MB reserved,      79.70 MB (>99%) committed 
      Class space:        1.00 GB reserved,      12.32 MB (  1%) committed 
             Both:        1.08 GB reserved,      92.03 MB (  8%) committed 

Chunk freelists:
   Non-Class:  199.00 KB
       Class:  81.00 KB
        Both:  280.00 KB

MaxMetaspaceSize: 17179869184.00 GB
CompressedClassSpaceSize: 1.00 GB
Initial GC threshold: 20.80 MB
Current GC threshold: 152.13 MB
CDS: off

CodeHeap 'non-profiled nmethods': size=120000Kb used=7451Kb max_used=7451Kb free=112548Kb
 bounds [0x00000210d7130000, 0x00000210d7880000, 0x00000210de660000]
CodeHeap 'profiled nmethods': size=120000Kb used=24735Kb max_used=24735Kb free=95264Kb
 bounds [0x00000210cfc00000, 0x00000210d1430000, 0x00000210d7130000]
CodeHeap 'non-nmethods': size=5760Kb used=2393Kb max_used=2419Kb free=3366Kb
 bounds [0x00000210cf660000, 0x00000210cf8d0000, 0x00000210cfc00000]
 total_blobs=12177 nmethods=11279 adapters=808
 compilation: enabled
              stopped_count=0, restarted_count=0
 full_count=0

Compilation events (20 events):
Event: 20.157 Thread 0x00000210e67ac800 11353       3       org.apache.xerces.impl.XMLDocumentFragmentScannerImpl::getPropertyDefault (36 bytes)
Event: 20.157 Thread 0x00000210e96ee000 nmethod 11351 0x00000210d7875590 code [0x00000210d7875780, 0x00000210d7875bc8]
Event: 20.157 Thread 0x00000210e96ee000 11354       4       org.apache.xerces.dom.ElementImpl::getNodeName (16 bytes)
Event: 20.157 Thread 0x00000210e67ac800 nmethod 11353 0x00000210d140d990 code [0x00000210d140db60, 0x00000210d140de28]
Event: 20.157 Thread 0x00000210e67ac800 11355       3       java.util.regex.Matcher::match (154 bytes)
Event: 20.157 Thread 0x00000210e67ac800 nmethod 11355 0x00000210d140e010 code [0x00000210d140e220, 0x00000210d140e7e8]
Event: 20.159 Thread 0x00000210e96ee000 nmethod 11354 0x00000210d7876010 code [0x00000210d78761c0, 0x00000210d78763a8]
Event: 20.164 Thread 0x00000210e67ac800 11356  s    3       java.util.Hashtable::clear (38 bytes)
Event: 20.164 Thread 0x00000210e67ac800 nmethod 11356 0x00000210d140ea10 code [0x00000210d140ebe0, 0x00000210d140f098]
Event: 20.164 Thread 0x00000210e96ee000 11357       4       java.util.regex.Pattern::escape (1323 bytes)
Event: 20.168 Thread 0x00000210e67ac800 11358       1       com.google.common.collect.SingletonImmutableSet::size (2 bytes)
Event: 20.168 Thread 0x00000210e67ac800 nmethod 11358 0x00000210d7876610 code [0x00000210d78767c0, 0x00000210d7876878]
Event: 20.173 Thread 0x00000210e67ac800 11359       1       org.apache.xerces.jaxp.SAXParserImpl::access$000 (5 bytes)
Event: 20.173 Thread 0x00000210e67ac800 nmethod 11359 0x00000210d7876910 code [0x00000210d7876ac0, 0x00000210d7876b58]
Event: 20.174 Thread 0x00000210e67ac800 11360   !   3       java.util.Locale::getDefault (132 bytes)
Event: 20.174 Thread 0x00000210e67ac800 nmethod 11360 0x00000210d140f210 code [0x00000210d140f440, 0x00000210d140fc78]
Event: 20.178 Thread 0x00000210e67ac800 11361       3       com.google.common.collect.Iterators$9::next (25 bytes)
Event: 20.178 Thread 0x00000210e67ac800 nmethod 11361 0x00000210d140fe90 code [0x00000210d1410060, 0x00000210d1410268]
Event: 20.181 Thread 0x00000210e67ac800 11362       3       org.apache.xerces.impl.XMLDocumentFragmentScannerImpl::getFeatureDefault (36 bytes)
Event: 20.182 Thread 0x00000210e67ac800 nmethod 11362 0x00000210d1410390 code [0x00000210d1410560, 0x00000210d1410828]

GC Heap History (20 events):
Event: 15.528 GC heap before
{Heap before GC invocations=17 (full 0):
 garbage-first heap   total 155648K, used 124645K [0x0000000080000000, 0x0000000100000000)
  region size 1024K, 66 young (67584K), 8 survivors (8192K)
 Metaspace       used 84178K, capacity 86434K, committed 86684K, reserved 1124352K
  class space    used 10893K, capacity 11716K, committed 11724K, reserved 1048576K
}
Event: 15.542 GC heap after
{Heap after GC invocations=18 (full 0):
 garbage-first heap   total 155648K, used 72429K [0x0000000080000000, 0x0000000100000000)
  region size 1024K, 9 young (9216K), 9 survivors (9216K)
 Metaspace       used 84178K, capacity 86434K, committed 86684K, reserved 1124352K
  class space    used 10893K, capacity 11716K, committed 11724K, reserved 1048576K
}
Event: 16.900 GC heap before
{Heap before GC invocations=18 (full 0):
 garbage-first heap   total 155648K, used 125677K [0x0000000080000000, 0x0000000100000000)
  region size 1024K, 61 young (62464K), 9 survivors (9216K)
 Metaspace       used 85498K, capacity 87924K, committed 88092K, reserved 1126400K
  class space    used 11076K, capacity 11995K, committed 12108K, reserved 1048576K
}
Event: 16.910 GC heap after
{Heap after GC invocations=19 (full 0):
 garbage-first heap   total 155648K, used 78922K [0x0000000080000000, 0x0000000100000000)
  region size 1024K, 7 young (7168K), 7 survivors (7168K)
 Metaspace       used 85498K, capacity 87924K, committed 88092K, reserved 1126400K
  class space    used 11076K, capacity 11995K, committed 12108K, reserved 1048576K
}
Event: 17.414 GC heap before
{Heap before GC invocations=19 (full 0):
 garbage-first heap   total 155648K, used 125002K [0x0000000080000000, 0x0000000100000000)
  region size 1024K, 53 young (54272K), 7 survivors (7168K)
 Metaspace       used 85869K, capacity 88421K, committed 88604K, reserved 1126400K
  class space    used 11092K, capacity 12042K, committed 12108K, reserved 1048576K
}
Event: 17.420 GC heap after
{Heap after GC invocations=20 (full 0):
 garbage-first heap   total 155648K, used 81547K [0x0000000080000000, 0x0000000100000000)
  region size 1024K, 5 young (5120K), 5 survivors (5120K)
 Metaspace       used 85869K, capacity 88421K, committed 88604K, reserved 1126400K
  class space    used 11092K, capacity 12042K, committed 12108K, reserved 1048576K
}
Event: 17.713 GC heap before
{Heap before GC invocations=21 (full 0):
 garbage-first heap   total 155648K, used 97931K [0x0000000080000000, 0x0000000100000000)
  region size 1024K, 23 young (23552K), 5 survivors (5120K)
 Metaspace       used 86305K, capacity 88699K, committed 89116K, reserved 1126400K
  class space    used 11123K, capacity 12018K, committed 12108K, reserved 1048576K
}
Event: 17.720 GC heap after
{Heap after GC invocations=22 (full 0):
 garbage-first heap   total 155648K, used 82872K [0x0000000080000000, 0x0000000100000000)
  region size 1024K, 2 young (2048K), 2 survivors (2048K)
 Metaspace       used 86305K, capacity 88699K, committed 89116K, reserved 1126400K
  class space    used 11123K, capacity 12018K, committed 12108K, reserved 1048576K
}
Event: 18.494 GC heap before
{Heap before GC invocations=23 (full 0):
 garbage-first heap   total 155648K, used 121784K [0x0000000080000000, 0x0000000100000000)
  region size 1024K, 39 young (39936K), 2 survivors (2048K)
 Metaspace       used 87271K, capacity 89534K, committed 90012K, reserved 1126400K
  class space    used 11190K, capacity 12062K, committed 12236K, reserved 1048576K
}
Event: 18.507 GC heap after
{Heap after GC invocations=24 (full 0):
 garbage-first heap   total 155648K, used 99984K [0x0000000080000000, 0x0000000100000000)
  region size 1024K, 5 young (5120K), 5 survivors (5120K)
 Metaspace       used 87271K, capacity 89534K, committed 90012K, reserved 1126400K
  class space    used 11190K, capacity 12062K, committed 12236K, reserved 1048576K
}
Event: 18.891 GC heap before
{Heap before GC invocations=24 (full 0):
 garbage-first heap   total 155648K, used 113296K [0x0000000080000000, 0x0000000100000000)
  region size 1024K, 20 young (20480K), 5 survivors (5120K)
 Metaspace       used 87422K, capacity 89665K, committed 90268K, reserved 1128448K
  class space    used 11198K, capacity 12063K, committed 12236K, reserved 1048576K
}
Event: 18.902 GC heap after
{Heap after GC invocations=25 (full 0):
 garbage-first heap   total 155648K, used 109070K [0x0000000080000000, 0x0000000100000000)
  region size 1024K, 4 young (4096K), 4 survivors (4096K)
 Metaspace       used 87422K, capacity 89665K, committed 90268K, reserved 1128448K
  class space    used 11198K, capacity 12063K, committed 12236K, reserved 1048576K
}
Event: 19.241 GC heap before
{Heap before GC invocations=26 (full 0):
 garbage-first heap   total 155648K, used 141838K [0x0000000080000000, 0x0000000100000000)
  region size 1024K, 19 young (19456K), 4 survivors (4096K)
 Metaspace       used 88758K, capacity 91097K, committed 91676K, reserved 1128448K
  class space    used 11349K, capacity 12214K, committed 12364K, reserved 1048576K
}
Event: 19.247 GC heap after
{Heap after GC invocations=27 (full 0):
 garbage-first heap   total 155648K, used 110587K [0x0000000080000000, 0x0000000100000000)
  region size 1024K, 2 young (2048K), 2 survivors (2048K)
 Metaspace       used 88758K, capacity 91097K, committed 91676K, reserved 1128448K
  class space    used 11349K, capacity 12214K, committed 12364K, reserved 1048576K
}
Event: 19.465 GC heap before
{Heap before GC invocations=27 (full 0):
 garbage-first heap   total 155648K, used 124923K [0x0000000080000000, 0x0000000100000000)
  region size 1024K, 17 young (17408K), 2 survivors (2048K)
 Metaspace       used 90432K, capacity 92760K, committed 93084K, reserved 1130496K
  class space    used 11515K, capacity 12391K, committed 12492K, reserved 1048576K
}
Event: 19.469 GC heap after
{Heap after GC invocations=28 (full 0):
 garbage-first heap   total 155648K, used 111305K [0x0000000080000000, 0x0000000100000000)
  region size 1024K, 2 young (2048K), 2 survivors (2048K)
 Metaspace       used 90432K, capacity 92760K, committed 93084K, reserved 1130496K
  class space    used 11515K, capacity 12391K, committed 12492K, reserved 1048576K
}
Event: 19.817 GC heap before
{Heap before GC invocations=29 (full 0):
 garbage-first heap   total 155648K, used 126665K [0x0000000080000000, 0x0000000100000000)
  region size 1024K, 18 young (18432K), 2 survivors (2048K)
 Metaspace       used 91189K, capacity 93516K, committed 93980K, reserved 1130496K
  class space    used 11605K, capacity 12491K, committed 12620K, reserved 1048576K
}
Event: 19.820 GC heap after
{Heap after GC invocations=30 (full 0):
 garbage-first heap   total 155648K, used 112344K [0x0000000080000000, 0x0000000100000000)
  region size 1024K, 3 young (3072K), 3 survivors (3072K)
 Metaspace       used 91189K, capacity 93516K, committed 93980K, reserved 1130496K
  class space    used 11605K, capacity 12491K, committed 12620K, reserved 1048576K
}
Event: 20.057 GC heap before
{Heap before GC invocations=30 (full 0):
 garbage-first heap   total 155648K, used 115416K [0x0000000080000000, 0x0000000100000000)
  region size 1024K, 7 young (7168K), 3 survivors (3072K)
 Metaspace       used 91327K, capacity 93656K, committed 93980K, reserved 1130496K
  class space    used 11616K, capacity 12495K, committed 12620K, reserved 1048576K
}
Event: 20.062 GC heap after
{Heap after GC invocations=31 (full 0):
 garbage-first heap   total 155648K, used 99677K [0x0000000080000000, 0x0000000100000000)
  region size 1024K, 1 young (1024K), 1 survivors (1024K)
 Metaspace       used 91327K, capacity 93656K, committed 93980K, reserved 1130496K
  class space    used 11616K, capacity 12495K, committed 12620K, reserved 1048576K
}

Deoptimization events (20 events):
Event: 19.941 Thread 0x00000210efda2800 Uncommon trap: trap_request=0xffffffc6 fr.pc=0x00000210d785c454 relative=0x00000000000008b4
Event: 19.941 Thread 0x00000210efda2800 Uncommon trap: reason=bimorphic_or_optimized_type_check action=maybe_recompile pc=0x00000210d785c454 method=org.apache.xerces.dom.NamedNodeMapImpl.findNamePoint(Ljava/lang/String;Ljava/lang/String;)I @ 49 c2
Event: 19.941 Thread 0x00000210efda2800 DEOPT PACKING pc=0x00000210d785c454 sp=0x00000079224f9ee0
Event: 19.941 Thread 0x00000210efda2800 DEOPT UNPACKING pc=0x00000210cf6aa1af sp=0x00000079224f9e10 mode 2
Event: 20.011 Thread 0x00000210efda2800 Uncommon trap: trap_request=0xffffffc6 fr.pc=0x00000210d785c454 relative=0x00000000000008b4
Event: 20.012 Thread 0x00000210efda2800 Uncommon trap: reason=bimorphic_or_optimized_type_check action=maybe_recompile pc=0x00000210d785c454 method=org.apache.xerces.dom.NamedNodeMapImpl.findNamePoint(Ljava/lang/String;Ljava/lang/String;)I @ 49 c2
Event: 20.012 Thread 0x00000210efda2800 DEOPT PACKING pc=0x00000210d785c454 sp=0x00000079224f9d60
Event: 20.012 Thread 0x00000210efda2800 DEOPT UNPACKING pc=0x00000210cf6aa1af sp=0x00000079224f9c90 mode 2
Event: 20.012 Thread 0x00000210efda2800 Uncommon trap: trap_request=0xffffffc6 fr.pc=0x00000210d785c454 relative=0x00000000000008b4
Event: 20.012 Thread 0x00000210efda2800 Uncommon trap: reason=bimorphic_or_optimized_type_check action=maybe_recompile pc=0x00000210d785c454 method=org.apache.xerces.dom.NamedNodeMapImpl.findNamePoint(Ljava/lang/String;Ljava/lang/String;)I @ 49 c2
Event: 20.012 Thread 0x00000210efda2800 DEOPT PACKING pc=0x00000210d785c454 sp=0x00000079224f9d60
Event: 20.012 Thread 0x00000210efda2800 DEOPT UNPACKING pc=0x00000210cf6aa1af sp=0x00000079224f9c90 mode 2
Event: 20.012 Thread 0x00000210efda2800 Uncommon trap: trap_request=0xffffffc6 fr.pc=0x00000210d785c454 relative=0x00000000000008b4
Event: 20.012 Thread 0x00000210efda2800 Uncommon trap: reason=bimorphic_or_optimized_type_check action=maybe_recompile pc=0x00000210d785c454 method=org.apache.xerces.dom.NamedNodeMapImpl.findNamePoint(Ljava/lang/String;Ljava/lang/String;)I @ 49 c2
Event: 20.012 Thread 0x00000210efda2800 DEOPT PACKING pc=0x00000210d785c454 sp=0x00000079224f9d60
Event: 20.012 Thread 0x00000210efda2800 DEOPT UNPACKING pc=0x00000210cf6aa1af sp=0x00000079224f9c90 mode 2
Event: 20.113 Thread 0x00000210efda2800 Uncommon trap: trap_request=0xffffff4d fr.pc=0x00000210d77b2420 relative=0x0000000000000240
Event: 20.113 Thread 0x00000210efda2800 Uncommon trap: reason=unstable_if action=reinterpret pc=0x00000210d77b2420 method=java.util.regex.Matcher.match(II)Z @ 30 c2
Event: 20.113 Thread 0x00000210efda2800 DEOPT PACKING pc=0x00000210d77b2420 sp=0x00000079224fa090
Event: 20.113 Thread 0x00000210efda2800 DEOPT UNPACKING pc=0x00000210cf6aa1af sp=0x00000079224fa018 mode 2

Classes redefined (0 events):
No events

Internal exceptions (20 events):
Event: 16.641 Thread 0x00000210eb6d4800 Exception <a 'java/lang/NoSuchMethodError'{0x000000008827a130}: 'java.lang.Object java.lang.invoke.DirectMethodHandle$Holder.invokeSpecialIFC(java.lang.Object, java.lang.Object, java.lang.Object)'> (0x000000008827a130) thrown at [./src/hotspot/share/interpreter/linkResolver.cpp, line 773]
Event: 16.641 Thread 0x00000210ea234000 Exception <a 'java/lang/NoSuchMethodError'{0x0000000088249c88}: 'java.lang.Object java.lang.invoke.DirectMethodHandle$Holder.invokeSpecialIFC(java.lang.Object, java.lang.Object, java.lang.Object)'> (0x0000000088249c88) thrown at [./src/hotspot/share/interpreter/linkResolver.cpp, line 773]
Event: 16.641 Thread 0x00000210efd9e800 Exception <a 'java/lang/NoSuchMethodError'{0x000000008820f4e0}: 'java.lang.Object java.lang.invoke.DirectMethodHandle$Holder.invokeSpecialIFC(java.lang.Object, java.lang.Object, java.lang.Object)'> (0x000000008820f4e0) thrown at [./src/hotspot/share/interpreter/linkResolver.cpp, line 773]
Event: 16.693 Thread 0x00000210e9c6b000 Implicit null exception at 0x00000210d758b481 to 0x00000210d758ca7c
Event: 16.715 Thread 0x00000210e9c6b000 Exception <a 'java/lang/NoSuchMethodError'{0x0000000087b77d70}: 'void java.lang.invoke.DirectMethodHandle$Holder.invokeVirtual(java.lang.Object, java.lang.Object)'> (0x0000000087b77d70) thrown at [./src/hotspot/share/interpreter/linkResolver.cpp, line 773]
Event: 16.718 Thread 0x00000210ea22d800 Implicit null exception at 0x00000210d757f397 to 0x00000210d757f67a
Event: 16.926 Thread 0x00000210eb6e1000 Implicit null exception at 0x00000210d758002e to 0x00000210d75805b4
Event: 16.926 Thread 0x00000210efd9e800 Implicit null exception at 0x00000210d758002e to 0x00000210d75805b4
Event: 16.926 Thread 0x00000210ea953000 Implicit null exception at 0x00000210d758002e to 0x00000210d75805b4
Event: 17.057 Thread 0x00000210eb6d4800 Implicit null exception at 0x00000210d7727cdb to 0x00000210d7727d6c
Event: 17.057 Thread 0x00000210ea234000 Implicit null exception at 0x00000210d7727cdb to 0x00000210d7727d6c
Event: 17.057 Thread 0x00000210ea22c800 Implicit null exception at 0x00000210d7727cdb to 0x00000210d7727d6c
Event: 17.103 Thread 0x00000210ea234000 Implicit null exception at 0x00000210d772f926 to 0x00000210d7730270
Event: 17.932 Thread 0x00000210efd9e800 Implicit null exception at 0x00000210d748b284 to 0x00000210d748b47c
Event: 19.048 Thread 0x00000210efd9e800 Exception <a 'java/lang/NoSuchMethodError'{0x000000008944a7b0}: <clinit>> (0x000000008944a7b0) thrown at [./src/hotspot/share/prims/jni.cpp, line 1366]
Event: 19.059 Thread 0x00000210efd9e800 Exception <a 'java/lang/NoSuchMethodError'{0x00000000894b8a98}: <clinit>> (0x00000000894b8a98) thrown at [./src/hotspot/share/prims/jni.cpp, line 1366]
Event: 19.063 Thread 0x00000210efd9e800 Exception <a 'java/lang/NoSuchMethodError'{0x00000000894e24d0}: <clinit>> (0x00000000894e24d0) thrown at [./src/hotspot/share/prims/jni.cpp, line 1366]
Event: 19.291 Thread 0x00000210efda5000 Exception <a 'java/lang/NoSuchMethodError'{0x0000000089530c38}: 'java.lang.Object java.lang.invoke.DirectMethodHandle$Holder.newInvokeSpecial(java.lang.Object, java.lang.Object, java.lang.Object, java.lang.Object)'> (0x0000000089530c38) thrown at [./src/hotspot/share/interpreter/linkResolver.cpp, line 773]
Event: 19.829 Thread 0x00000210efda2800 Implicit null exception at 0x00000210d782a180 to 0x00000210d782a2ec
Event: 19.832 Thread 0x00000210efda2800 Implicit null exception at 0x00000210d77c045e to 0x00000210d77c05a4

Events (20 events):
Event: 19.827 loading class com/android/manifmerger/Actions$ActionType
Event: 19.827 loading class com/android/manifmerger/Actions$ActionType done
Event: 19.827 loading class com/android/manifmerger/Actions$NodeRecord
Event: 19.827 loading class com/android/manifmerger/Actions$NodeRecord done
Event: 19.827 loading class com/android/manifmerger/Actions$Record
Event: 19.827 loading class com/android/manifmerger/Actions$Record done
Event: 19.828 loading class com/android/manifmerger/NodeOperationType
Event: 19.828 loading class com/android/manifmerger/NodeOperationType done
Event: 19.829 loading class com/android/manifmerger/ConvertibleName
Event: 19.829 loading class com/android/manifmerger/ConvertibleName done
Event: 19.830 loading class com/android/manifmerger/Actions$AttributeRecord
Event: 19.830 loading class com/android/manifmerger/Actions$AttributeRecord done
Event: 19.831 loading class com/android/manifmerger/XmlNode$NodeName
Event: 19.831 loading class com/android/manifmerger/XmlNode$NodeName done
Event: 19.831 loading class com/android/manifmerger/XmlNode$NodeName
Event: 19.831 loading class com/android/manifmerger/XmlNode$NodeName done
Event: 20.010 loading class com/android/manifmerger/Selector
Event: 20.010 loading class com/android/manifmerger/Selector done
Event: 20.057 Executing VM operation: G1CollectForAllocation
Event: 20.062 Executing VM operation: G1CollectForAllocation done


Dynamic libraries:
0x00007ff60cc20000 - 0x00007ff60cc2a000 	D:\ass\jre\bin\java.exe
0x00007ff9b76f0000 - 0x00007ff9b78e8000 	C:\Windows\SYSTEM32\ntdll.dll
0x00007ff9b6ea0000 - 0x00007ff9b6f5f000 	C:\Windows\System32\KERNEL32.DLL
0x00007ff9b4f20000 - 0x00007ff9b51f2000 	C:\Windows\System32\KERNELBASE.dll
0x00007ff9b52a0000 - 0x00007ff9b53a0000 	C:\Windows\System32\ucrtbase.dll
0x00007ff96ebb0000 - 0x00007ff96ebc7000 	D:\ass\jre\bin\VCRUNTIME140.dll
0x00007ff96de10000 - 0x00007ff96de29000 	D:\ass\jre\bin\jli.dll
0x00007ff9b57c0000 - 0x00007ff9b5961000 	C:\Windows\System32\USER32.dll
0x00007ff99bdb0000 - 0x00007ff99c04a000 	C:\Windows\WinSxS\amd64_microsoft.windows.common-controls_6595b64144ccf1df_6.0.19041.1110_none_60b5254171f9507e\COMCTL32.dll
0x00007ff9b5440000 - 0x00007ff9b5462000 	C:\Windows\System32\win32u.dll
0x00007ff9b7530000 - 0x00007ff9b75ce000 	C:\Windows\System32\msvcrt.dll
0x00007ff9b7500000 - 0x00007ff9b752b000 	C:\Windows\System32\GDI32.dll
0x00007ff9b4e10000 - 0x00007ff9b4f1f000 	C:\Windows\System32\gdi32full.dll
0x00007ff9b53a0000 - 0x00007ff9b543d000 	C:\Windows\System32\msvcp_win.dll
0x00007ff9b71e0000 - 0x00007ff9b7210000 	C:\Windows\System32\IMM32.DLL
0x00007ff95d640000 - 0x00007ff95d6dd000 	D:\ass\jre\bin\msvcp140.dll
0x00007ff954140000 - 0x00007ff954c42000 	D:\ass\jre\bin\server\jvm.dll
0x00007ff9b6f70000 - 0x00007ff9b701e000 	C:\Windows\System32\ADVAPI32.dll
0x00007ff9b7400000 - 0x00007ff9b749c000 	C:\Windows\System32\sechost.dll
0x00007ff9b70b0000 - 0x00007ff9b71d4000 	C:\Windows\System32\RPCRT4.dll
0x00007ff9b6f60000 - 0x00007ff9b6f68000 	C:\Windows\System32\PSAPI.DLL
0x00007ff9aac00000 - 0x00007ff9aac27000 	C:\Windows\SYSTEM32\WINMM.dll
0x00007ff9ac9e0000 - 0x00007ff9ac9ea000 	C:\Windows\SYSTEM32\VERSION.dll
0x00007ff9993d0000 - 0x00007ff9993d9000 	C:\Windows\SYSTEM32\WSOCK32.dll
0x00007ff9b7210000 - 0x00007ff9b727b000 	C:\Windows\System32\ws2_32.DLL
0x00007ff9b2c60000 - 0x00007ff9b2c72000 	C:\Windows\SYSTEM32\kernel.appcore.dll
0x00007ff997fe0000 - 0x00007ff997ff1000 	D:\ass\jre\bin\verify.dll
0x00007ff9b2500000 - 0x00007ff9b26e4000 	C:\Windows\SYSTEM32\DBGHELP.DLL
0x00007ff9a4b20000 - 0x00007ff9a4b55000 	C:\Windows\SYSTEM32\dbgcore.DLL
0x00007ff9b5680000 - 0x00007ff9b5702000 	C:\Windows\System32\bcryptPrimitives.dll
0x00007ff997fb0000 - 0x00007ff997fd9000 	D:\ass\jre\bin\java.dll
0x00007ff997fa0000 - 0x00007ff997fab000 	D:\ass\jre\bin\jimage.dll
0x00007ff997f80000 - 0x00007ff997f98000 	D:\ass\jre\bin\zip.dll
0x00007ff9b5e40000 - 0x00007ff9b6585000 	C:\Windows\System32\SHELL32.dll
0x00007ff9b2e80000 - 0x00007ff9b3612000 	C:\Windows\SYSTEM32\windows.storage.dll
0x00007ff9b5a50000 - 0x00007ff9b5da5000 	C:\Windows\System32\combase.dll
0x00007ff9b4820000 - 0x00007ff9b4850000 	C:\Windows\SYSTEM32\Wldp.dll
0x00007ff9b5710000 - 0x00007ff9b57bd000 	C:\Windows\System32\SHCORE.dll
0x00007ff9b6590000 - 0x00007ff9b65e5000 	C:\Windows\System32\shlwapi.dll
0x00007ff9b4d00000 - 0x00007ff9b4d1f000 	C:\Windows\SYSTEM32\profapi.dll
0x00007ff997f60000 - 0x00007ff997f7a000 	D:\ass\jre\bin\net.dll
0x00007ff9afd80000 - 0x00007ff9afe8a000 	C:\Windows\SYSTEM32\WINHTTP.dll
0x00007ff9b4580000 - 0x00007ff9b45ea000 	C:\Windows\system32\mswsock.dll
0x00007ff98d4b0000 - 0x00007ff98d4c4000 	D:\ass\jre\bin\nio.dll
0x00007ff971810000 - 0x00007ff971837000 	C:\Users\sudhe\.gradle\native\e1d6ef7f7dcc3fd88c89a11ec53ec762bb8ba0a96d01ffa2cd45eb1d1d8dd5c5\windows-amd64\native-platform.dll
0x00007ff953ff0000 - 0x00007ff954134000 	C:\Users\sudhe\.gradle\native\0d407fdbe67a94daf76414ababcb853783967236a71b16ec16e742cd7a986fd3\windows-amd64\native-platform-file-events.dll
0x00007ff997f50000 - 0x00007ff997f5a000 	D:\ass\jre\bin\management.dll
0x00007ff997dd0000 - 0x00007ff997ddd000 	D:\ass\jre\bin\management_ext.dll
0x00007ff9b4780000 - 0x00007ff9b4798000 	C:\Windows\SYSTEM32\CRYPTSP.dll
0x00007ff9b3e30000 - 0x00007ff9b3e64000 	C:\Windows\system32\rsaenh.dll
0x00007ff9b5270000 - 0x00007ff9b5297000 	C:\Windows\System32\bcrypt.dll
0x00007ff9b4c80000 - 0x00007ff9b4cae000 	C:\Windows\SYSTEM32\USERENV.dll
0x00007ff9b4770000 - 0x00007ff9b477c000 	C:\Windows\SYSTEM32\CRYPTBASE.dll
0x00007ff9b4220000 - 0x00007ff9b425b000 	C:\Windows\SYSTEM32\IPHLPAPI.DLL
0x00007ff9b70a0000 - 0x00007ff9b70a8000 	C:\Windows\System32\NSI.dll
0x00007ff9ade30000 - 0x00007ff9ade47000 	C:\Windows\SYSTEM32\dhcpcsvc6.DLL
0x00007ff9ae000000 - 0x00007ff9ae01d000 	C:\Windows\SYSTEM32\dhcpcsvc.DLL
0x00007ff9b4270000 - 0x00007ff9b433b000 	C:\Windows\SYSTEM32\DNSAPI.dll
0x00007ff9b3f70000 - 0x00007ff9b3fa3000 	C:\Windows\SYSTEM32\ntmarta.dll

dbghelp: loaded successfully - version: 4.0.5 - missing functions: none
symbol engine: initialized successfully - sym options: 0x614 - pdb path: .;D:\ass\jre\bin;C:\Windows\SYSTEM32;C:\Windows\WinSxS\amd64_microsoft.windows.common-controls_6595b64144ccf1df_6.0.19041.1110_none_60b5254171f9507e;D:\ass\jre\bin\server;C:\Users\sudhe\.gradle\native\e1d6ef7f7dcc3fd88c89a11ec53ec762bb8ba0a96d01ffa2cd45eb1d1d8dd5c5\windows-amd64;C:\Users\sudhe\.gradle\native\0d407fdbe67a94daf76414ababcb853783967236a71b16ec16e742cd7a986fd3\windows-amd64

VM Arguments:
jvm_args: --add-opens=java.base/java.util=ALL-UNNAMED --add-opens=java.base/java.lang=ALL-UNNAMED --add-opens=java.base/java.lang.invoke=ALL-UNNAMED --add-opens=java.base/java.util=ALL-UNNAMED --add-opens=java.prefs/java.util.prefs=ALL-UNNAMED --add-opens=java.prefs/java.util.prefs=ALL-UNNAMED --add-opens=java.base/java.nio.charset=ALL-UNNAMED --add-opens=java.base/java.net=ALL-UNNAMED --add-opens=java.base/java.util.concurrent.atomic=ALL-UNNAMED -Xmx2048m -Dfile.encoding=UTF-8 -Duser.country=IN -Duser.language=en -Duser.variant 
java_command: org.gradle.launcher.daemon.bootstrap.GradleDaemon 7.4
java_class_path (initial): C:\Users\sudhe\.gradle\wrapper\dists\gradle-7.4-bin\c0gwcg53nkjbqw7r0h0umtfvt\gradle-7.4\lib\gradle-launcher-7.4.jar
Launcher Type: SUN_STANDARD

[Global flags]
     intx CICompilerCount                          = 4                                         {product} {ergonomic}
     uint ConcGCThreads                            = 2                                         {product} {ergonomic}
     uint G1ConcRefinementThreads                  = 8                                         {product} {ergonomic}
   size_t G1HeapRegionSize                         = 1048576                                   {product} {ergonomic}
    uintx GCDrainStackTargetSize                   = 64                                        {product} {ergonomic}
   size_t InitialHeapSize                          = 132120576                                 {product} {ergonomic}
   size_t MarkStackSize                            = 4194304                                   {product} {ergonomic}
   size_t MaxHeapSize                              = 2147483648                                {product} {command line}
   size_t MaxNewSize                               = 1287651328                                {product} {ergonomic}
   size_t MinHeapDeltaBytes                        = 1048576                                   {product} {ergonomic}
    uintx NonNMethodCodeHeapSize                   = 5836300                                {pd product} {ergonomic}
    uintx NonProfiledCodeHeapSize                  = 122910970                              {pd product} {ergonomic}
    uintx ProfiledCodeHeapSize                     = 122910970                              {pd product} {ergonomic}
    uintx ReservedCodeCacheSize                    = 251658240                              {pd product} {ergonomic}
     bool SegmentedCodeCache                       = true                                      {product} {ergonomic}
     bool UseCompressedClassPointers               = true                                 {lp64_product} {ergonomic}
     bool UseCompressedOops                        = true                                 {lp64_product} {ergonomic}
     bool UseG1GC                                  = true                                      {product} {ergonomic}
     bool UseLargePagesIndividualAllocation        = false                                  {pd product} {ergonomic}

Logging:
Log output configuration:
 #0: stdout all=warning uptime,level,tags
 #1: stderr all=off uptime,level,tags

Environment Variables:
PATH=C:\Program Files (x86)\PC Connectivity Solution\;C:\Program Files\Common Files\Oracle\Java\javapath;C:\Windows\system32;C:\Windows;C:\Windows\System32\Wbem;C:\Windows\System32\WindowsPowerShell\v1.0\;C:\Windows\System32\OpenSSH\;C:\Program Files\NVIDIA Corporation\NVIDIA NvDLISR;C:\Program Files\Common Files\Autodesk Shared\;C:\Program Files\Microsoft SQL Server\120\Tools\Binn\;C:\Program Files (x86)\NVIDIA Corporation\PhysX\Common;C:\Program Files\dotnet\;C:\Program Files (x86)\dotnet\;C:\Program Files\Git\cmd;C:\Users\sudhe\AppData\Local\Microsoft\WindowsApps;;D:\vs code\Microsoft VS Code\bin
USERNAME=sudhe
OS=Windows_NT
PROCESSOR_IDENTIFIER=Intel64 Family 6 Model 165 Stepping 2, GenuineIntel



---------------  S Y S T E M  ---------------

OS: Windows 10 , 64 bit Build 19041 (10.0.19041.2546)
OS uptime: 0 days 4:26 hours

CPU:total 8 (initial active 8) (4 cores per cpu, 2 threads per core) family 6 model 165 stepping 2 microcode 0xf4, cmov, cx8, fxsr, mmx, sse, sse2, sse3, ssse3, sse4.1, sse4.2, popcnt, avx, avx2, aes, clmul, erms, 3dnowpref, lzcnt, ht, tsc, tscinvbit, bmi1, bmi2, adx, fma

Memory: 4k page, system-wide physical 7985M (464M free)
TotalPageFile size 13468M (AvailPageFile size 2M)
current process WorkingSet (physical memory assigned to process): 425M, peak: 432M
current process commit charge ("private bytes"): 462M, peak: 469M

vm_info: OpenJDK 64-Bit Server VM (11.0.13+0-b1751.21-8125866) for windows-amd64 JRE (11.0.13+0-b1751.21-8125866), built on Feb  2 2022 03:00:22 by "builder" with MS VC++ 14.0 (VS2015)

END.
