#
# There is insufficient memory for the Java Runtime Environment to continue.
# Native memory allocation (malloc) failed to allocate 32744 bytes for ChunkPool::allocate
# Possible reasons:
#   The system is out of physical RAM or swap space
#   The process is running with CompressedOops enabled, and the Java Heap may be blocking the growth of the native heap
# Possible solutions:
#   Reduce memory load on the system
#   Increase physical memory or swap space
#   Check if swap backing store is full
#   Decrease Java heap size (-Xmx/-Xms)
#   Decrease number of Java threads
#   Decrease Java thread stack sizes (-Xss)
#   Set larger code cache with -XX:ReservedCodeCacheSize=
#   JVM is running with Unscaled Compressed Oops mode in which the Java heap is
#     placed in the first 4GB address space. The Java Heap base address is the
#     maximum limit for the native heap growth. Please use -XX:HeapBaseMinAddress
#     to set the Java Heap base and to place the Java Heap above 4GB virtual address.
# This output file may be truncated or incomplete.
#
#  Out of Memory Error (./src/hotspot/share/memory/arena.cpp:81), pid=18696, tid=11568
#
# JRE version: OpenJDK Runtime Environment (11.0.13) (build 11.0.13+0-b1751.21-8125866)
# Java VM: OpenJDK 64-Bit Server VM (11.0.13+0-b1751.21-8125866, mixed mode, tiered, compressed oops, g1 gc, windows-amd64)
# No core dump will be written. Minidumps are not enabled by default on client versions of Windows
#

---------------  S U M M A R Y ------------

Command Line: --add-opens=java.base/java.util=ALL-UNNAMED --add-opens=java.base/java.lang=ALL-UNNAMED --add-opens=java.base/java.lang.invoke=ALL-UNNAMED --add-opens=java.base/java.util=ALL-UNNAMED --add-opens=java.prefs/java.util.prefs=ALL-UNNAMED --add-opens=java.prefs/java.util.prefs=ALL-UNNAMED --add-opens=java.base/java.nio.charset=ALL-UNNAMED --add-opens=java.base/java.net=ALL-UNNAMED --add-opens=java.base/java.util.concurrent.atomic=ALL-UNNAMED -Xmx2048m -Dfile.encoding=UTF-8 -Duser.country=IN -Duser.language=en -Duser.variant org.gradle.launcher.daemon.bootstrap.GradleDaemon 7.4

Host: Intel(R) Core(TM) i5-10300H CPU @ 2.50GHz, 8 cores, 7G,  Windows 10 , 64 bit Build 19041 (10.0.19041.2788)
Time: Mon Apr 17 21:41:48 2023 India Standard Time elapsed time: 152.022752 seconds (0d 0h 2m 32s)

---------------  T H R E A D  ---------------

Current thread (0x0000021e6946b800):  JavaThread "C2 CompilerThread1" daemon [_thread_in_native, id=11568, stack(0x000000320c300000,0x000000320c400000)]


Current CompileTask:
C2: 152022 19203       4       com.android.tools.r8.internal.GD::a (278 bytes)

Stack: [0x000000320c300000,0x000000320c400000]
Native frames: (J=compiled Java code, j=interpreted, Vv=VM code, C=native code)
V  [jvm.dll+0x6100fa]
V  [jvm.dll+0x747090]
V  [jvm.dll+0x7486ad]
V  [jvm.dll+0x748d83]
V  [jvm.dll+0x24ab48]
V  [jvm.dll+0xc075b]
V  [jvm.dll+0xc0a0c]
V  [jvm.dll+0xc060c]
V  [jvm.dll+0x5eed90]
V  [jvm.dll+0x6407ee]
V  [jvm.dll+0x19da88]
V  [jvm.dll+0x2033be]
V  [jvm.dll+0x202437]
V  [jvm.dll+0x188e01]
V  [jvm.dll+0x21106b]
V  [jvm.dll+0x20f8c1]
V  [jvm.dll+0x70de0f]
V  [jvm.dll+0x706a75]
V  [jvm.dll+0x60ed66]
C  [ucrtbase.dll+0x21bb2]
C  [KERNEL32.DLL+0x17604]
C  [ntdll.dll+0x526a1]


---------------  P R O C E S S  ---------------

Threads class SMR info:
_java_thread_list=0x0000021e666c3590, length=159, elements={
0x0000021e48b8e800, 0x0000021e6301f800, 0x0000021e63022800, 0x0000021e63038800,
0x0000021e63039800, 0x0000021e6303b800, 0x0000021e63047000, 0x0000021e6304b800,
0x0000021e6304e800, 0x0000021e63af7800, 0x0000021e65348000, 0x0000021e65d07800,
0x0000021e65c22000, 0x0000021e66051800, 0x0000021e66051000, 0x0000021e6604f000,
0x0000021e66050000, 0x0000021e67471800, 0x0000021e6746e800, 0x0000021e67470000,
0x0000021e6746f000, 0x0000021e67477800, 0x0000021e6747c000, 0x0000021e6618b800,
0x0000021e66189800, 0x0000021e6618c000, 0x0000021e66189000, 0x0000021e6618d000,
0x0000021e66188000, 0x0000021e66192800, 0x0000021e6d808000, 0x0000021e6d809000,
0x0000021e6d805000, 0x0000021e6d80f800, 0x0000021e6d80c000, 0x0000021e6d809800,
0x0000021e6d80a800, 0x0000021e6d80b800, 0x0000021e6d807800, 0x0000021e6d810800,
0x0000021e6d811000, 0x0000021e6d812000, 0x0000021e6946b800, 0x0000021e6d812800,
0x0000021e6d80e000, 0x0000021e6d80d000, 0x0000021e6d813800, 0x0000021e6d80e800,
0x0000021e6618e800, 0x0000021e6618f800, 0x0000021e6618a800, 0x0000021e66193800,
0x0000021e66191000, 0x0000021e66192000, 0x0000021e66194800, 0x0000021e66195000,
0x0000021e66196000, 0x0000021e66197000, 0x0000021e67472800, 0x0000021e6746d800,
0x0000021e67478000, 0x0000021e67479000, 0x0000021e67474000, 0x0000021e67473000,
0x0000021e67479800, 0x0000021e6747a800, 0x0000021e6747b800, 0x0000021e6d3d7800,
0x0000021e6d3d5800, 0x0000021e6d3d4000, 0x0000021e6d3d6800, 0x0000021e6d3d2800,
0x0000021e6d3d1800, 0x0000021e6d3d5000, 0x0000021e6d3d3800, 0x0000021e6d3da000,
0x0000021e6d3de000, 0x0000021e6d3d8000, 0x0000021e6d3d9000, 0x0000021e6d3db800,
0x0000021e6d3da800, 0x0000021e6d3dc000, 0x0000021e6d3dd000, 0x0000021e6d3de800,
0x0000021e6d3df800, 0x0000021e6d3e0800, 0x0000021e6d915800, 0x0000021e6d916000,
0x0000021e6d917000, 0x0000021e6d913000, 0x0000021e6d919800, 0x0000021e6d917800,
0x0000021e6d918800, 0x0000021e6d913800, 0x0000021e6d914800, 0x0000021e6d91d800,
0x0000021e6d91f000, 0x0000021e6d91a000, 0x0000021e6d920000, 0x0000021e6d91c000,
0x0000021e6d91c800, 0x0000021e6d91e000, 0x0000021e6d920800, 0x0000021e6d91b000,
0x0000021e6d921800, 0x0000021e68f00800, 0x0000021e68f00000, 0x0000021e68f04800,
0x0000021e68f02000, 0x0000021e68f03000, 0x0000021e68eff000, 0x0000021e68f04000,
0x0000021e68f07000, 0x0000021e68f05800, 0x0000021e68f01800, 0x0000021e68f06800,
0x0000021e68f09000, 0x0000021e68f0a800, 0x0000021e68f0b000, 0x0000021e68f09800,
0x0000021e68f0d800, 0x0000021e68f0d000, 0x0000021e68f0c000, 0x0000021e68f08000,
0x0000021e68f41000, 0x0000021e68f3f800, 0x0000021e68f3c000, 0x0000021e68f3e800,
0x0000021e68f3d000, 0x0000021e68f3b800, 0x0000021e68f3d800, 0x0000021e68f40000,
0x0000021e68f42000, 0x0000021e68f43800, 0x0000021e68f45000, 0x0000021e68f47800,
0x0000021e68f42800, 0x0000021e68f48800, 0x0000021e68f46000, 0x0000021e68f46800,
0x0000021e68f49000, 0x0000021e68f44000, 0x0000021e68f4a000, 0x0000021e6a64b800,
0x0000021e6a648800, 0x0000021e6a649000, 0x0000021e6a64c800, 0x0000021e6a647000,
0x0000021e6a64a000, 0x0000021e6a647800, 0x0000021e6a64b000, 0x0000021e6a64f800,
0x0000021e6a650800, 0x0000021e6a64e000, 0x0000021e6a64d800, 0x0000021e6a654800,
0x0000021e6a651800, 0x0000021e6a652000, 0x0000021e6a653000
}

Java Threads: ( => current thread )
  0x0000021e48b8e800 JavaThread "main" [_thread_blocked, id=11324, stack(0x000000320a900000,0x000000320aa00000)]
  0x0000021e6301f800 JavaThread "Reference Handler" daemon [_thread_blocked, id=7416, stack(0x000000320b000000,0x000000320b100000)]
  0x0000021e63022800 JavaThread "Finalizer" daemon [_thread_blocked, id=16996, stack(0x000000320b100000,0x000000320b200000)]
  0x0000021e63038800 JavaThread "Signal Dispatcher" daemon [_thread_blocked, id=15804, stack(0x000000320b200000,0x000000320b300000)]
  0x0000021e63039800 JavaThread "Attach Listener" daemon [_thread_blocked, id=14252, stack(0x000000320b300000,0x000000320b400000)]
  0x0000021e6303b800 JavaThread "Service Thread" daemon [_thread_blocked, id=19572, stack(0x000000320b400000,0x000000320b500000)]
  0x0000021e63047000 JavaThread "C2 CompilerThread0" daemon [_thread_in_native, id=13780, stack(0x000000320b500000,0x000000320b600000)]
  0x0000021e6304b800 JavaThread "C1 CompilerThread0" daemon [_thread_in_native, id=19768, stack(0x000000320b600000,0x000000320b700000)]
  0x0000021e6304e800 JavaThread "Sweeper thread" daemon [_thread_blocked, id=9396, stack(0x000000320b700000,0x000000320b800000)]
  0x0000021e63af7800 JavaThread "Common-Cleaner" daemon [_thread_blocked, id=13784, stack(0x000000320b800000,0x000000320b900000)]
  0x0000021e65348000 JavaThread "Daemon health stats" [_thread_blocked, id=2876, stack(0x000000320be00000,0x000000320bf00000)]
  0x0000021e65d07800 JavaThread "Incoming local TCP Connector on port 64687" [_thread_in_native, id=6116, stack(0x000000320ba00000,0x000000320bb00000)]
  0x0000021e65c22000 JavaThread "Daemon periodic checks" [_thread_blocked, id=11296, stack(0x000000320bd00000,0x000000320be00000)]
  0x0000021e66051800 JavaThread "Cache worker for journal cache (C:\Users\sudhe\.gradle\caches\journal-1)" [_thread_blocked, id=13124, stack(0x000000320cb00000,0x000000320cc00000)]
  0x0000021e66051000 JavaThread "File lock request listener" [_thread_in_native, id=9884, stack(0x000000320cc00000,0x000000320cd00000)]
  0x0000021e6604f000 JavaThread "Cache worker for file hash cache (C:\Users\sudhe\.gradle\caches\7.4\fileHashes)" [_thread_blocked, id=16916, stack(0x000000320cd00000,0x000000320ce00000)]
  0x0000021e66050000 JavaThread "File watcher server" daemon [_thread_in_native, id=15604, stack(0x000000320d000000,0x000000320d100000)]
  0x0000021e67471800 JavaThread "File watcher consumer" daemon [_thread_blocked, id=10836, stack(0x000000320d100000,0x000000320d200000)]
  0x0000021e6746e800 JavaThread "Cache worker for execution history cache (C:\Users\sudhe\.gradle\caches\7.4\executionHistory)" [_thread_blocked, id=14384, stack(0x000000320d600000,0x000000320d700000)]
  0x0000021e67470000 JavaThread "jar transforms" [_thread_blocked, id=12508, stack(0x000000320d800000,0x000000320d900000)]
  0x0000021e6746f000 JavaThread "Cache worker for file content cache (C:\Users\sudhe\.gradle\caches\7.4\fileContent)" [_thread_blocked, id=21332, stack(0x000000320d900000,0x000000320da00000)]
  0x0000021e67477800 JavaThread "jar transforms Thread 2" [_thread_blocked, id=11368, stack(0x000000320da00000,0x000000320db00000)]
  0x0000021e6747c000 JavaThread "jar transforms Thread 3" [_thread_blocked, id=6596, stack(0x000000320dc00000,0x000000320dd00000)]
  0x0000021e6618b800 JavaThread "jar transforms Thread 4" [_thread_blocked, id=14124, stack(0x0000003212e00000,0x0000003212f00000)]
  0x0000021e66189800 JavaThread "jar transforms Thread 5" [_thread_blocked, id=11612, stack(0x0000003212f00000,0x0000003213000000)]
  0x0000021e6618c000 JavaThread "jar transforms Thread 6" [_thread_blocked, id=14156, stack(0x0000003213000000,0x0000003213100000)]
  0x0000021e66189000 JavaThread "jar transforms Thread 7" [_thread_blocked, id=10224, stack(0x0000003213100000,0x0000003213200000)]
  0x0000021e6618d000 JavaThread "jar transforms Thread 8" [_thread_blocked, id=2012, stack(0x0000003213200000,0x0000003213300000)]
  0x0000021e66188000 JavaThread "Memory manager" [_thread_blocked, id=20896, stack(0x0000003213300000,0x0000003213400000)]
  0x0000021e66192800 JavaThread "pool-3-thread-1" [_thread_blocked, id=14548, stack(0x0000003213500000,0x0000003213600000)]
  0x0000021e6d808000 JavaThread "ForkJoinPool.commonPool-worker-3" daemon [_thread_blocked, id=16564, stack(0x0000003214900000,0x0000003214a00000)]
  0x0000021e6d809000 JavaThread "ForkJoinPool.commonPool-worker-5" daemon [_thread_blocked, id=10452, stack(0x0000003214a00000,0x0000003214b00000)]
  0x0000021e6d805000 JavaThread "ForkJoinPool.commonPool-worker-13" daemon [_thread_blocked, id=8960, stack(0x0000003214d00000,0x0000003214e00000)]
  0x0000021e6d80f800 JavaThread "ForkJoinPool.commonPool-worker-11" daemon [_thread_blocked, id=14476, stack(0x0000003214e00000,0x0000003214f00000)]
  0x0000021e6d80c000 JavaThread "ForkJoinPool.commonPool-worker-15" daemon [_thread_blocked, id=11576, stack(0x0000003214f00000,0x0000003215000000)]
  0x0000021e6d809800 JavaThread "Daemon Thread 2" [_thread_blocked, id=12980, stack(0x000000320a600000,0x000000320a700000)]
  0x0000021e6d80a800 JavaThread "Handler for socket connection from /127.0.0.1:64687 to /127.0.0.1:64828" [_thread_in_native, id=14276, stack(0x000000320a700000,0x000000320a800000)]
  0x0000021e6d80b800 JavaThread "Cancel handler" [_thread_blocked, id=8964, stack(0x000000320a800000,0x000000320a900000)]
  0x0000021e6d807800 JavaThread "Daemon worker Thread 2" [_thread_blocked, id=9612, stack(0x000000320bf00000,0x000000320c000000)]
  0x0000021e6d810800 JavaThread "Asynchronous log dispatcher for DefaultDaemonConnection: socket connection from /127.0.0.1:64687 to /127.0.0.1:64828" [_thread_blocked, id=14776, stack(0x000000320c000000,0x000000320c100000)]
  0x0000021e6d811000 JavaThread "Stdin handler" [_thread_blocked, id=10940, stack(0x000000320c100000,0x000000320c200000)]
  0x0000021e6d812000 JavaThread "Daemon client event forwarder" [_thread_blocked, id=6200, stack(0x000000320c200000,0x000000320c300000)]
=>0x0000021e6946b800 JavaThread "C2 CompilerThread1" daemon [_thread_in_native, id=11568, stack(0x000000320c300000,0x000000320c400000)]
  0x0000021e6d812800 JavaThread "Cache worker for checksums cache (C:\Users\sudhe\AndroidStudioProjects\caderno\.gradle\7.4\checksums)" [_thread_blocked, id=10168, stack(0x000000320c400000,0x000000320c500000)]
  0x0000021e6d80e000 JavaThread "Cache worker for cache directory md-rule (C:\Users\sudhe\.gradle\caches\7.4\md-rule)" [_thread_blocked, id=9868, stack(0x000000320c500000,0x000000320c600000)]
  0x0000021e6d80d000 JavaThread "Cache worker for file hash cache (C:\Users\sudhe\AndroidStudioProjects\caderno\.gradle\7.4\fileHashes)" [_thread_blocked, id=12084, stack(0x000000320cf00000,0x000000320d000000)]
  0x0000021e6d813800 JavaThread "Cache worker for cache directory md-supplier (C:\Users\sudhe\.gradle\caches\7.4\md-supplier)" [_thread_blocked, id=18512, stack(0x000000320d200000,0x000000320d300000)]
  0x0000021e6d80e800 JavaThread "Cache worker for dependencies-accessors (C:\Users\sudhe\AndroidStudioProjects\caderno\.gradle\7.4\dependencies-accessors)" [_thread_blocked, id=14092, stack(0x000000320d300000,0x000000320d400000)]
  0x0000021e6618e800 JavaThread "Cache worker for Build Output Cleanup Cache (C:\Users\sudhe\AndroidStudioProjects\caderno\.gradle\buildOutputCleanup)" [_thread_blocked, id=13956, stack(0x000000320d400000,0x000000320d500000)]
  0x0000021e6618f800 JavaThread "Unconstrained build operations" [_thread_blocked, id=19828, stack(0x000000320d500000,0x000000320d600000)]
  0x0000021e6618a800 JavaThread "Unconstrained build operations Thread 2" [_thread_blocked, id=21224, stack(0x000000320d700000,0x000000320d800000)]
  0x0000021e66193800 JavaThread "Unconstrained build operations Thread 3" [_thread_blocked, id=11860, stack(0x000000320db00000,0x000000320dc00000)]
  0x0000021e66191000 JavaThread "Unconstrained build operations Thread 4" [_thread_blocked, id=21196, stack(0x000000320dd00000,0x000000320de00000)]
  0x0000021e66192000 JavaThread "Unconstrained build operations Thread 5" [_thread_blocked, id=8628, stack(0x000000320de00000,0x000000320df00000)]
  0x0000021e66194800 JavaThread "Unconstrained build operations Thread 6" [_thread_blocked, id=12144, stack(0x000000320df00000,0x000000320e000000)]
  0x0000021e66195000 JavaThread "Unconstrained build operations Thread 7" [_thread_blocked, id=18552, stack(0x000000320e000000,0x000000320e100000)]
  0x0000021e66196000 JavaThread "Unconstrained build operations Thread 8" [_thread_blocked, id=4704, stack(0x000000320e100000,0x000000320e200000)]
  0x0000021e66197000 JavaThread "Unconstrained build operations Thread 9" [_thread_blocked, id=18748, stack(0x000000320e200000,0x000000320e300000)]
  0x0000021e67472800 JavaThread "Unconstrained build operations Thread 10" [_thread_blocked, id=18796, stack(0x000000320e300000,0x000000320e400000)]
  0x0000021e6746d800 JavaThread "Unconstrained build operations Thread 11" [_thread_blocked, id=5216, stack(0x000000320e400000,0x000000320e500000)]
  0x0000021e67478000 JavaThread "Unconstrained build operations Thread 12" [_thread_blocked, id=3476, stack(0x000000320e500000,0x000000320e600000)]
  0x0000021e67479000 JavaThread "Unconstrained build operations Thread 13" [_thread_blocked, id=9896, stack(0x000000320e600000,0x000000320e700000)]
  0x0000021e67474000 JavaThread "Unconstrained build operations Thread 14" [_thread_blocked, id=9844, stack(0x000000320e700000,0x000000320e800000)]
  0x0000021e67473000 JavaThread "Unconstrained build operations Thread 15" [_thread_blocked, id=2340, stack(0x000000320e800000,0x000000320e900000)]
  0x0000021e67479800 JavaThread "Unconstrained build operations Thread 16" [_thread_blocked, id=16068, stack(0x000000320e900000,0x000000320ea00000)]
  0x0000021e6747a800 JavaThread "Unconstrained build operations Thread 17" [_thread_blocked, id=8672, stack(0x000000320ea00000,0x000000320eb00000)]
  0x0000021e6747b800 JavaThread "Unconstrained build operations Thread 18" [_thread_blocked, id=16964, stack(0x000000320eb00000,0x000000320ec00000)]
  0x0000021e6d3d7800 JavaThread "Unconstrained build operations Thread 19" [_thread_blocked, id=1716, stack(0x000000320ec00000,0x000000320ed00000)]
  0x0000021e6d3d5800 JavaThread "Unconstrained build operations Thread 20" [_thread_blocked, id=8012, stack(0x000000320ed00000,0x000000320ee00000)]
  0x0000021e6d3d4000 JavaThread "Unconstrained build operations Thread 21" [_thread_blocked, id=15344, stack(0x000000320ee00000,0x000000320ef00000)]
  0x0000021e6d3d6800 JavaThread "Unconstrained build operations Thread 22" [_thread_blocked, id=7324, stack(0x000000320ef00000,0x000000320f000000)]
  0x0000021e6d3d2800 JavaThread "Unconstrained build operations Thread 23" [_thread_blocked, id=4432, stack(0x000000320f000000,0x000000320f100000)]
  0x0000021e6d3d1800 JavaThread "Unconstrained build operations Thread 24" [_thread_blocked, id=20684, stack(0x000000320f100000,0x000000320f200000)]
  0x0000021e6d3d5000 JavaThread "Unconstrained build operations Thread 25" [_thread_blocked, id=17264, stack(0x000000320f200000,0x000000320f300000)]
  0x0000021e6d3d3800 JavaThread "Unconstrained build operations Thread 26" [_thread_blocked, id=21148, stack(0x000000320f300000,0x000000320f400000)]
  0x0000021e6d3da000 JavaThread "Unconstrained build operations Thread 27" [_thread_blocked, id=11752, stack(0x000000320f400000,0x000000320f500000)]
  0x0000021e6d3de000 JavaThread "Unconstrained build operations Thread 28" [_thread_blocked, id=3340, stack(0x000000320f500000,0x000000320f600000)]
  0x0000021e6d3d8000 JavaThread "Unconstrained build operations Thread 29" [_thread_blocked, id=6012, stack(0x000000320f600000,0x000000320f700000)]
  0x0000021e6d3d9000 JavaThread "Unconstrained build operations Thread 30" [_thread_blocked, id=4032, stack(0x000000320f700000,0x000000320f800000)]
  0x0000021e6d3db800 JavaThread "Unconstrained build operations Thread 31" [_thread_blocked, id=12152, stack(0x000000320f800000,0x000000320f900000)]
  0x0000021e6d3da800 JavaThread "Unconstrained build operations Thread 32" [_thread_blocked, id=11364, stack(0x000000320f900000,0x000000320fa00000)]
  0x0000021e6d3dc000 JavaThread "Unconstrained build operations Thread 33" [_thread_blocked, id=14564, stack(0x000000320fa00000,0x000000320fb00000)]
  0x0000021e6d3dd000 JavaThread "Unconstrained build operations Thread 34" [_thread_blocked, id=11124, stack(0x000000320fb00000,0x000000320fc00000)]
  0x0000021e6d3de800 JavaThread "Unconstrained build operations Thread 35" [_thread_blocked, id=9528, stack(0x000000320fc00000,0x000000320fd00000)]
  0x0000021e6d3df800 JavaThread "Unconstrained build operations Thread 36" [_thread_blocked, id=21112, stack(0x000000320fd00000,0x000000320fe00000)]
  0x0000021e6d3e0800 JavaThread "Unconstrained build operations Thread 37" [_thread_blocked, id=5344, stack(0x000000320fe00000,0x000000320ff00000)]
  0x0000021e6d915800 JavaThread "Unconstrained build operations Thread 38" [_thread_blocked, id=17060, stack(0x000000320ff00000,0x0000003210000000)]
  0x0000021e6d916000 JavaThread "Unconstrained build operations Thread 39" [_thread_blocked, id=10156, stack(0x0000003210000000,0x0000003210100000)]
  0x0000021e6d917000 JavaThread "Unconstrained build operations Thread 40" [_thread_blocked, id=16192, stack(0x0000003210100000,0x0000003210200000)]
  0x0000021e6d913000 JavaThread "Unconstrained build operations Thread 41" [_thread_blocked, id=2772, stack(0x0000003210200000,0x0000003210300000)]
  0x0000021e6d919800 JavaThread "Unconstrained build operations Thread 42" [_thread_blocked, id=16008, stack(0x0000003210300000,0x0000003210400000)]
  0x0000021e6d917800 JavaThread "Unconstrained build operations Thread 43" [_thread_blocked, id=17992, stack(0x0000003210400000,0x0000003210500000)]
  0x0000021e6d918800 JavaThread "Unconstrained build operations Thread 44" [_thread_blocked, id=12000, stack(0x0000003210500000,0x0000003210600000)]
  0x0000021e6d913800 JavaThread "Unconstrained build operations Thread 45" [_thread_blocked, id=11756, stack(0x0000003210600000,0x0000003210700000)]
  0x0000021e6d914800 JavaThread "Unconstrained build operations Thread 46" [_thread_blocked, id=14568, stack(0x0000003210700000,0x0000003210800000)]
  0x0000021e6d91d800 JavaThread "Unconstrained build operations Thread 47" [_thread_blocked, id=17512, stack(0x0000003210800000,0x0000003210900000)]
  0x0000021e6d91f000 JavaThread "Unconstrained build operations Thread 48" [_thread_blocked, id=10888, stack(0x0000003210900000,0x0000003210a00000)]
  0x0000021e6d91a000 JavaThread "Unconstrained build operations Thread 49" [_thread_blocked, id=16992, stack(0x0000003210a00000,0x0000003210b00000)]
  0x0000021e6d920000 JavaThread "Unconstrained build operations Thread 50" [_thread_blocked, id=9804, stack(0x0000003210b00000,0x0000003210c00000)]
  0x0000021e6d91c000 JavaThread "Unconstrained build operations Thread 51" [_thread_blocked, id=20424, stack(0x0000003210c00000,0x0000003210d00000)]
  0x0000021e6d91c800 JavaThread "Unconstrained build operations Thread 52" [_thread_blocked, id=14404, stack(0x0000003210d00000,0x0000003210e00000)]
  0x0000021e6d91e000 JavaThread "Unconstrained build operations Thread 53" [_thread_blocked, id=13336, stack(0x0000003210e00000,0x0000003210f00000)]
  0x0000021e6d920800 JavaThread "Unconstrained build operations Thread 54" [_thread_blocked, id=11240, stack(0x0000003210f00000,0x0000003211000000)]
  0x0000021e6d91b000 JavaThread "Unconstrained build operations Thread 55" [_thread_blocked, id=3468, stack(0x0000003211000000,0x0000003211100000)]
  0x0000021e6d921800 JavaThread "Unconstrained build operations Thread 56" [_thread_blocked, id=20920, stack(0x0000003211100000,0x0000003211200000)]
  0x0000021e68f00800 JavaThread "Unconstrained build operations Thread 57" [_thread_blocked, id=13972, stack(0x0000003211200000,0x0000003211300000)]
  0x0000021e68f00000 JavaThread "Unconstrained build operations Thread 58" [_thread_blocked, id=20908, stack(0x0000003211300000,0x0000003211400000)]
  0x0000021e68f04800 JavaThread "Unconstrained build operations Thread 59" [_thread_blocked, id=12796, stack(0x0000003211400000,0x0000003211500000)]
  0x0000021e68f02000 JavaThread "Unconstrained build operations Thread 60" [_thread_blocked, id=18248, stack(0x0000003211500000,0x0000003211600000)]
  0x0000021e68f03000 JavaThread "Unconstrained build operations Thread 61" [_thread_blocked, id=12792, stack(0x0000003211600000,0x0000003211700000)]
  0x0000021e68eff000 JavaThread "Unconstrained build operations Thread 62" [_thread_blocked, id=2324, stack(0x0000003211700000,0x0000003211800000)]
  0x0000021e68f04000 JavaThread "Unconstrained build operations Thread 63" [_thread_blocked, id=20992, stack(0x0000003211800000,0x0000003211900000)]
  0x0000021e68f07000 JavaThread "Unconstrained build operations Thread 64" [_thread_blocked, id=18968, stack(0x0000003211900000,0x0000003211a00000)]
  0x0000021e68f05800 JavaThread "Unconstrained build operations Thread 65" [_thread_blocked, id=18400, stack(0x0000003211a00000,0x0000003211b00000)]
  0x0000021e68f01800 JavaThread "Unconstrained build operations Thread 66" [_thread_blocked, id=10448, stack(0x0000003211b00000,0x0000003211c00000)]
  0x0000021e68f06800 JavaThread "Unconstrained build operations Thread 67" [_thread_blocked, id=14572, stack(0x0000003211c00000,0x0000003211d00000)]
  0x0000021e68f09000 JavaThread "Unconstrained build operations Thread 68" [_thread_blocked, id=16024, stack(0x0000003211d00000,0x0000003211e00000)]
  0x0000021e68f0a800 JavaThread "Unconstrained build operations Thread 69" [_thread_blocked, id=16900, stack(0x0000003211e00000,0x0000003211f00000)]
  0x0000021e68f0b000 JavaThread "Unconstrained build operations Thread 70" [_thread_blocked, id=20948, stack(0x0000003211f00000,0x0000003212000000)]
  0x0000021e68f09800 JavaThread "Unconstrained build operations Thread 71" [_thread_blocked, id=1760, stack(0x0000003212000000,0x0000003212100000)]
  0x0000021e68f0d800 JavaThread "Unconstrained build operations Thread 72" [_thread_blocked, id=12052, stack(0x0000003212100000,0x0000003212200000)]
  0x0000021e68f0d000 JavaThread "Unconstrained build operations Thread 73" [_thread_blocked, id=4712, stack(0x0000003212200000,0x0000003212300000)]
  0x0000021e68f0c000 JavaThread "Unconstrained build operations Thread 74" [_thread_blocked, id=11048, stack(0x0000003212300000,0x0000003212400000)]
  0x0000021e68f08000 JavaThread "Unconstrained build operations Thread 75" [_thread_blocked, id=1660, stack(0x0000003212400000,0x0000003212500000)]
  0x0000021e68f41000 JavaThread "Unconstrained build operations Thread 76" [_thread_blocked, id=19964, stack(0x0000003212500000,0x0000003212600000)]
  0x0000021e68f3f800 JavaThread "Unconstrained build operations Thread 77" [_thread_blocked, id=1180, stack(0x0000003212600000,0x0000003212700000)]
  0x0000021e68f3c000 JavaThread "Unconstrained build operations Thread 78" [_thread_blocked, id=4152, stack(0x0000003212700000,0x0000003212800000)]
  0x0000021e68f3e800 JavaThread "Unconstrained build operations Thread 79" [_thread_blocked, id=18080, stack(0x0000003212800000,0x0000003212900000)]
  0x0000021e68f3d000 JavaThread "Unconstrained build operations Thread 80" [_thread_blocked, id=2672, stack(0x0000003212900000,0x0000003212a00000)]
  0x0000021e68f3b800 JavaThread "build event listener" [_thread_blocked, id=16284, stack(0x0000003212a00000,0x0000003212b00000)]
  0x0000021e68f3d800 JavaThread "pool-7-thread-1" [_thread_blocked, id=12564, stack(0x0000003212b00000,0x0000003212c00000)]
  0x0000021e68f40000 JavaThread "build event listener" [_thread_blocked, id=14328, stack(0x0000003212c00000,0x0000003212d00000)]
  0x0000021e68f42000 JavaThread "included builds" [_thread_blocked, id=6652, stack(0x0000003212d00000,0x0000003212e00000)]
  0x0000021e68f43800 JavaThread "Execution worker for ':'" [_thread_blocked, id=8568, stack(0x0000003213400000,0x0000003213500000)]
  0x0000021e68f45000 JavaThread "Execution worker for ':' Thread 2" [_thread_blocked, id=7552, stack(0x0000003213600000,0x0000003213700000)]
  0x0000021e68f47800 JavaThread "Execution worker for ':' Thread 3" [_thread_blocked, id=18332, stack(0x0000003213700000,0x0000003213800000)]
  0x0000021e68f42800 JavaThread "Execution worker for ':' Thread 4" [_thread_blocked, id=13412, stack(0x0000003213800000,0x0000003213900000)]
  0x0000021e68f48800 JavaThread "Execution worker for ':' Thread 5" [_thread_blocked, id=12700, stack(0x0000003213900000,0x0000003213a00000)]
  0x0000021e68f46000 JavaThread "Execution worker for ':' Thread 6" [_thread_blocked, id=6632, stack(0x0000003213a00000,0x0000003213b00000)]
  0x0000021e68f46800 JavaThread "Execution worker for ':' Thread 7" [_thread_blocked, id=4628, stack(0x0000003213b00000,0x0000003213c00000)]
  0x0000021e68f49000 JavaThread "Cache worker for execution history cache (C:\Users\sudhe\AndroidStudioProjects\caderno\.gradle\7.4\executionHistory)" [_thread_blocked, id=11532, stack(0x0000003213c00000,0x0000003213d00000)]
  0x0000021e68f44000 JavaThread "Cache worker for Java compile cache (C:\Users\sudhe\.gradle\caches\7.4\javaCompile)" [_thread_blocked, id=11920, stack(0x0000003213d00000,0x0000003213e00000)]
  0x0000021e68f4a000 JavaThread "Build operations" [_thread_blocked, id=17536, stack(0x0000003213e00000,0x0000003213f00000)]
  0x0000021e6a64b800 JavaThread "Build operations Thread 2" [_thread_blocked, id=20940, stack(0x0000003213f00000,0x0000003214000000)]
  0x0000021e6a648800 JavaThread "Build operations Thread 3" [_thread_blocked, id=12476, stack(0x0000003214000000,0x0000003214100000)]
  0x0000021e6a649000 JavaThread "Build operations Thread 4" [_thread_blocked, id=20600, stack(0x0000003214100000,0x0000003214200000)]
  0x0000021e6a64c800 JavaThread "Build operations Thread 5" [_thread_blocked, id=10572, stack(0x0000003214200000,0x0000003214300000)]
  0x0000021e6a647000 JavaThread "Build operations Thread 6" [_thread_blocked, id=20384, stack(0x0000003214300000,0x0000003214400000)]
  0x0000021e6a64a000 JavaThread "Build operations Thread 7" [_thread_blocked, id=16436, stack(0x0000003214400000,0x0000003214500000)]
  0x0000021e6a647800 JavaThread "Build operations Thread 8" [_thread_blocked, id=16776, stack(0x0000003214500000,0x0000003214600000)]
  0x0000021e6a64b000 JavaThread "WorkerExecutor Queue" [_thread_blocked, id=11820, stack(0x0000003214600000,0x0000003214700000)]
  0x0000021e6a64f800 JavaThread "WorkerExecutor Queue Thread 2" [_thread_blocked, id=11952, stack(0x0000003214700000,0x0000003214800000)]
  0x0000021e6a650800 JavaThread "WorkerExecutor Queue Thread 3" [_thread_blocked, id=5300, stack(0x0000003214800000,0x0000003214900000)]
  0x0000021e6a64e000 JavaThread "WorkerExecutor Queue Thread 4" [_thread_blocked, id=19152, stack(0x0000003214b00000,0x0000003214c00000)]
  0x0000021e6a64d800 JavaThread "WorkerExecutor Queue Thread 5" [_thread_blocked, id=9148, stack(0x0000003214c00000,0x0000003214d00000)]
  0x0000021e6a654800 JavaThread "WorkerExecutor Queue Thread 6" [_thread_blocked, id=20040, stack(0x0000003215000000,0x0000003215100000)]
  0x0000021e6a651800 JavaThread "WorkerExecutor Queue Thread 7" [_thread_in_Java, id=3764, stack(0x0000003215100000,0x0000003215200000)]
  0x0000021e6a652000 JavaThread "WorkerExecutor Queue Thread 8" [_thread_blocked, id=12228, stack(0x0000003215200000,0x0000003215300000)]
  0x0000021e6a653000 JavaThread "WorkerExecutor Queue Thread 9" [_thread_blocked, id=12828, stack(0x0000003215300000,0x0000003215400000)]

Other Threads:
  0x0000021e6301d000 VMThread "VM Thread" [stack: 0x000000320af00000,0x000000320b000000] [id=4624]
  0x0000021e63b37800 WatcherThread [stack: 0x000000320b900000,0x000000320ba00000] [id=12328]
  0x0000021e48ba4800 GCTaskThread "GC Thread#0" [stack: 0x000000320aa00000,0x000000320ab00000] [id=16244]
  0x0000021e6468e800 GCTaskThread "GC Thread#1" [stack: 0x000000320bb00000,0x000000320bc00000] [id=21428]
  0x0000021e64947800 GCTaskThread "GC Thread#2" [stack: 0x000000320bc00000,0x000000320bd00000] [id=5488]
  0x0000021e66738800 GCTaskThread "GC Thread#3" [stack: 0x000000320c600000,0x000000320c700000] [id=6708]
  0x0000021e65a89000 GCTaskThread "GC Thread#4" [stack: 0x000000320c700000,0x000000320c800000] [id=11848]
  0x0000021e65a89800 GCTaskThread "GC Thread#5" [stack: 0x000000320c800000,0x000000320c900000] [id=12636]
  0x0000021e6655a800 GCTaskThread "GC Thread#6" [stack: 0x000000320c900000,0x000000320ca00000] [id=5692]
  0x0000021e6655b000 GCTaskThread "GC Thread#7" [stack: 0x000000320ca00000,0x000000320cb00000] [id=9828]
  0x0000021e48bd7800 ConcurrentGCThread "G1 Main Marker" [stack: 0x000000320ab00000,0x000000320ac00000] [id=7764]
  0x0000021e48bd9800 ConcurrentGCThread "G1 Conc#0" [stack: 0x000000320ac00000,0x000000320ad00000] [id=18640]
  0x0000021e66515000 ConcurrentGCThread "G1 Conc#1" [stack: 0x000000320ce00000,0x000000320cf00000] [id=13980]
  0x0000021e62e70800 ConcurrentGCThread "G1 Refine#0" [stack: 0x000000320ad00000,0x000000320ae00000] [id=4828]
  0x0000021e62e71800 ConcurrentGCThread "G1 Young RemSet Sampling" [stack: 0x000000320ae00000,0x000000320af00000] [id=20460]

Threads with active compile tasks:
C2 CompilerThread0 152069 19320 %     4       com.android.tools.r8.internal.xa::a @ 3205 (4216 bytes)
C1 CompilerThread0 152069 19699       3       com.android.tools.r8.graph.O::a (275 bytes)
C2 CompilerThread1 152069 19203       4       com.android.tools.r8.internal.GD::a (278 bytes)

VM state:not at safepoint (normal execution)

VM Mutex/Monitor currently owned by a thread: None

Heap address: 0x0000000080000000, size: 2048 MB, Compressed Oops mode: 32-bit
Narrow klass base: 0x0000000000000000, Narrow klass shift: 3
Compressed class space size: 1073741824 Address: 0x0000000100000000

Heap:
 garbage-first heap   total 225280K, used 182914K [0x0000000080000000, 0x0000000100000000)
  region size 1024K, 43 young (44032K), 3 survivors (3072K)
 Metaspace       used 122670K, capacity 126164K, committed 126632K, reserved 1159168K
  class space    used 15308K, capacity 16656K, committed 16972K, reserved 1048576K
Heap Regions: E=young(eden), S=young(survivor), O=old, HS=humongous(starts), HC=humongous(continues), CS=collection set, F=free, A=archive, TAMS=top-at-mark-start (previous, next)
|   0|0x0000000080000000, 0x0000000080100000, 0x0000000080100000|100%| O|  |TAMS 0x0000000080100000, 0x0000000080000000| Untracked 
|   1|0x0000000080100000, 0x0000000080200000, 0x0000000080200000|100%| O|  |TAMS 0x0000000080200000, 0x0000000080100000| Untracked 
|   2|0x0000000080200000, 0x0000000080300000, 0x0000000080300000|100%| O|  |TAMS 0x0000000080300000, 0x0000000080200000| Untracked 
|   3|0x0000000080300000, 0x0000000080400000, 0x0000000080400000|100%|HS|  |TAMS 0x0000000080400000, 0x0000000080300000| Complete 
|   4|0x0000000080400000, 0x0000000080500000, 0x0000000080500000|100%|HC|  |TAMS 0x0000000080500000, 0x0000000080400000| Complete 
|   5|0x0000000080500000, 0x0000000080600000, 0x0000000080600000|100%|HC|  |TAMS 0x0000000080600000, 0x0000000080500000| Complete 
|   6|0x0000000080600000, 0x0000000080700000, 0x0000000080700000|100%| O|  |TAMS 0x0000000080700000, 0x0000000080600000| Untracked 
|   7|0x0000000080700000, 0x0000000080800000, 0x0000000080800000|100%| O|  |TAMS 0x0000000080800000, 0x0000000080700000| Complete 
|   8|0x0000000080800000, 0x0000000080900000, 0x0000000080900000|100%| O|  |TAMS 0x0000000080900000, 0x0000000080800000| Untracked 
|   9|0x0000000080900000, 0x0000000080a00000, 0x0000000080a00000|100%| O|  |TAMS 0x0000000080a00000, 0x0000000080900000| Complete 
|  10|0x0000000080a00000, 0x0000000080b00000, 0x0000000080b00000|100%| O|  |TAMS 0x0000000080b00000, 0x0000000080a00000| Untracked 
|  11|0x0000000080b00000, 0x0000000080c00000, 0x0000000080c00000|100%| O|  |TAMS 0x0000000080c00000, 0x0000000080b00000| Untracked 
|  12|0x0000000080c00000, 0x0000000080d00000, 0x0000000080d00000|100%| O|  |TAMS 0x0000000080d00000, 0x0000000080c00000| Untracked 
|  13|0x0000000080d00000, 0x0000000080e00000, 0x0000000080e00000|100%| O|  |TAMS 0x0000000080e00000, 0x0000000080d00000| Untracked 
|  14|0x0000000080e00000, 0x0000000080f00000, 0x0000000080f00000|100%| O|  |TAMS 0x0000000080f00000, 0x0000000080e00000| Untracked 
|  15|0x0000000080f00000, 0x0000000081000000, 0x0000000081000000|100%| O|  |TAMS 0x0000000081000000, 0x0000000080f00000| Untracked 
|  16|0x0000000081000000, 0x0000000081100000, 0x0000000081100000|100%| O|  |TAMS 0x0000000081100000, 0x0000000081000000| Untracked 
|  17|0x0000000081100000, 0x0000000081200000, 0x0000000081200000|100%| O|  |TAMS 0x0000000081200000, 0x0000000081100000| Complete 
|  18|0x0000000081200000, 0x0000000081300000, 0x0000000081300000|100%| O|  |TAMS 0x0000000081300000, 0x0000000081200000| Untracked 
|  19|0x0000000081300000, 0x0000000081400000, 0x0000000081400000|100%|HS|  |TAMS 0x0000000081400000, 0x0000000081300000| Complete 
|  20|0x0000000081400000, 0x0000000081500000, 0x0000000081500000|100%| O|  |TAMS 0x0000000081500000, 0x0000000081400000| Untracked 
|  21|0x0000000081500000, 0x0000000081600000, 0x0000000081600000|100%| O|  |TAMS 0x0000000081600000, 0x0000000081500000| Complete 
|  22|0x0000000081600000, 0x0000000081700000, 0x0000000081700000|100%| O|  |TAMS 0x0000000081700000, 0x0000000081600000| Untracked 
|  23|0x0000000081700000, 0x0000000081800000, 0x0000000081800000|100%| O|  |TAMS 0x0000000081800000, 0x0000000081700000| Untracked 
|  24|0x0000000081800000, 0x0000000081900000, 0x0000000081900000|100%| O|  |TAMS 0x0000000081900000, 0x0000000081800000| Untracked 
|  25|0x0000000081900000, 0x0000000081a00000, 0x0000000081a00000|100%| O|  |TAMS 0x0000000081a00000, 0x0000000081900000| Untracked 
|  26|0x0000000081a00000, 0x0000000081b00000, 0x0000000081b00000|100%| O|  |TAMS 0x0000000081b00000, 0x0000000081a00000| Untracked 
|  27|0x0000000081b00000, 0x0000000081c00000, 0x0000000081c00000|100%| O|  |TAMS 0x0000000081c00000, 0x0000000081b00000| Complete 
|  28|0x0000000081c00000, 0x0000000081d00000, 0x0000000081d00000|100%|HS|  |TAMS 0x0000000081d00000, 0x0000000081c00000| Complete 
|  29|0x0000000081d00000, 0x0000000081e00000, 0x0000000081e00000|100%|HS|  |TAMS 0x0000000081e00000, 0x0000000081d00000| Complete 
|  30|0x0000000081e00000, 0x0000000081f00000, 0x0000000081f00000|100%|HC|  |TAMS 0x0000000081f00000, 0x0000000081e00000| Complete 
|  31|0x0000000081f00000, 0x0000000082000000, 0x0000000082000000|100%|HS|  |TAMS 0x0000000081f00000, 0x0000000081f00000| Complete 
|  32|0x0000000082000000, 0x0000000082100000, 0x0000000082100000|100%| O|  |TAMS 0x0000000082100000, 0x0000000082000000| Complete 
|  33|0x0000000082100000, 0x0000000082200000, 0x0000000082200000|100%| O|  |TAMS 0x0000000082200000, 0x0000000082100000| Complete 
|  34|0x0000000082200000, 0x0000000082300000, 0x0000000082300000|100%| O|  |TAMS 0x0000000082300000, 0x0000000082200000| Untracked 
|  35|0x0000000082300000, 0x0000000082400000, 0x0000000082400000|100%| O|  |TAMS 0x0000000082400000, 0x0000000082300000| Untracked 
|  36|0x0000000082400000, 0x0000000082500000, 0x0000000082500000|100%| O|  |TAMS 0x0000000082500000, 0x0000000082400000| Untracked 
|  37|0x0000000082500000, 0x0000000082600000, 0x0000000082600000|100%| O|  |TAMS 0x0000000082600000, 0x0000000082500000| Untracked 
|  38|0x0000000082600000, 0x0000000082700000, 0x0000000082700000|100%| O|  |TAMS 0x0000000082700000, 0x0000000082600000| Untracked 
|  39|0x0000000082700000, 0x0000000082800000, 0x0000000082800000|100%| O|  |TAMS 0x0000000082800000, 0x0000000082700000| Complete 
|  40|0x0000000082800000, 0x0000000082900000, 0x0000000082900000|100%| O|  |TAMS 0x0000000082900000, 0x0000000082800000| Untracked 
|  41|0x0000000082900000, 0x0000000082a00000, 0x0000000082a00000|100%| O|  |TAMS 0x0000000082a00000, 0x0000000082900000| Untracked 
|  42|0x0000000082a00000, 0x0000000082a00000, 0x0000000082b00000|  0%| F|  |TAMS 0x0000000082a00000, 0x0000000082a00000| Untracked 
|  43|0x0000000082b00000, 0x0000000082c00000, 0x0000000082c00000|100%| O|  |TAMS 0x0000000082c00000, 0x0000000082b00000| Untracked 
|  44|0x0000000082c00000, 0x0000000082d00000, 0x0000000082d00000|100%| O|  |TAMS 0x0000000082d00000, 0x0000000082c00000| Complete 
|  45|0x0000000082d00000, 0x0000000082e00000, 0x0000000082e00000|100%| O|  |TAMS 0x0000000082e00000, 0x0000000082d00000| Untracked 
|  46|0x0000000082e00000, 0x0000000082f00000, 0x0000000082f00000|100%| O|  |TAMS 0x0000000082f00000, 0x0000000082e00000| Untracked 
|  47|0x0000000082f00000, 0x0000000083000000, 0x0000000083000000|100%| O|  |TAMS 0x0000000083000000, 0x0000000082f00000| Untracked 
|  48|0x0000000083000000, 0x0000000083100000, 0x0000000083100000|100%| O|  |TAMS 0x0000000083100000, 0x0000000083000000| Untracked 
|  49|0x0000000083100000, 0x0000000083200000, 0x0000000083200000|100%| O|  |TAMS 0x0000000083200000, 0x0000000083100000| Untracked 
|  50|0x0000000083200000, 0x0000000083300000, 0x0000000083300000|100%| O|  |TAMS 0x0000000083300000, 0x0000000083200000| Complete 
|  51|0x0000000083300000, 0x0000000083400000, 0x0000000083400000|100%| O|  |TAMS 0x0000000083400000, 0x0000000083300000| Complete 
|  52|0x0000000083400000, 0x0000000083500000, 0x0000000083500000|100%| O|  |TAMS 0x0000000083500000, 0x0000000083400000| Untracked 
|  53|0x0000000083500000, 0x0000000083600000, 0x0000000083600000|100%| O|  |TAMS 0x0000000083600000, 0x0000000083500000| Complete 
|  54|0x0000000083600000, 0x0000000083700000, 0x0000000083700000|100%| O|  |TAMS 0x0000000083700000, 0x0000000083600000| Complete 
|  55|0x0000000083700000, 0x0000000083800000, 0x0000000083800000|100%| O|  |TAMS 0x0000000083800000, 0x0000000083700000| Complete 
|  56|0x0000000083800000, 0x0000000083900000, 0x0000000083900000|100%| O|  |TAMS 0x0000000083900000, 0x0000000083800000| Complete 
|  57|0x0000000083900000, 0x0000000083a00000, 0x0000000083a00000|100%| O|  |TAMS 0x0000000083a00000, 0x0000000083900000| Untracked 
|  58|0x0000000083a00000, 0x0000000083b00000, 0x0000000083b00000|100%| O|  |TAMS 0x0000000083b00000, 0x0000000083a00000| Untracked 
|  59|0x0000000083b00000, 0x0000000083c00000, 0x0000000083c00000|100%| O|  |TAMS 0x0000000083c00000, 0x0000000083b00000| Untracked 
|  60|0x0000000083c00000, 0x0000000083d00000, 0x0000000083d00000|100%| O|  |TAMS 0x0000000083d00000, 0x0000000083c00000| Complete 
|  61|0x0000000083d00000, 0x0000000083e00000, 0x0000000083e00000|100%| O|  |TAMS 0x0000000083e00000, 0x0000000083d00000| Untracked 
|  62|0x0000000083e00000, 0x0000000083f00000, 0x0000000083f00000|100%| O|  |TAMS 0x0000000083f00000, 0x0000000083e00000| Untracked 
|  63|0x0000000083f00000, 0x0000000084000000, 0x0000000084000000|100%| O|  |TAMS 0x0000000084000000, 0x0000000083f00000| Complete 
|  64|0x0000000084000000, 0x0000000084000000, 0x0000000084100000|  0%| F|  |TAMS 0x0000000084000000, 0x0000000084000000| Untracked 
|  65|0x0000000084100000, 0x0000000084200000, 0x0000000084200000|100%| O|  |TAMS 0x0000000084200000, 0x0000000084100000| Complete 
|  66|0x0000000084200000, 0x0000000084300000, 0x0000000084300000|100%| O|  |TAMS 0x0000000084300000, 0x0000000084200000| Complete 
|  67|0x0000000084300000, 0x0000000084400000, 0x0000000084400000|100%| O|  |TAMS 0x0000000084400000, 0x0000000084300000| Untracked 
|  68|0x0000000084400000, 0x0000000084500000, 0x0000000084500000|100%| O|  |TAMS 0x0000000084500000, 0x0000000084400000| Complete 
|  69|0x0000000084500000, 0x0000000084600000, 0x0000000084600000|100%| O|  |TAMS 0x0000000084600000, 0x0000000084500000| Complete 
|  70|0x0000000084600000, 0x0000000084700000, 0x0000000084700000|100%| O|  |TAMS 0x0000000084700000, 0x0000000084600000| Complete 
|  71|0x0000000084700000, 0x0000000084800000, 0x0000000084800000|100%| O|  |TAMS 0x0000000084800000, 0x0000000084700000| Complete 
|  72|0x0000000084800000, 0x0000000084900000, 0x0000000084900000|100%| O|  |TAMS 0x0000000084900000, 0x0000000084800000| Complete 
|  73|0x0000000084900000, 0x0000000084a00000, 0x0000000084a00000|100%| O|  |TAMS 0x0000000084a00000, 0x0000000084900000| Complete 
|  74|0x0000000084a00000, 0x0000000084b00000, 0x0000000084b00000|100%| O|  |TAMS 0x0000000084b00000, 0x0000000084a00000| Complete 
|  75|0x0000000084b00000, 0x0000000084b00000, 0x0000000084c00000|  0%| F|  |TAMS 0x0000000084b00000, 0x0000000084b00000| Untracked 
|  76|0x0000000084c00000, 0x0000000084d00000, 0x0000000084d00000|100%| O|  |TAMS 0x0000000084d00000, 0x0000000084c00000| Untracked 
|  77|0x0000000084d00000, 0x0000000084e00000, 0x0000000084e00000|100%| O|  |TAMS 0x0000000084e00000, 0x0000000084d00000| Complete 
|  78|0x0000000084e00000, 0x0000000084f00000, 0x0000000084f00000|100%| O|  |TAMS 0x0000000084f00000, 0x0000000084e00000| Complete 
|  79|0x0000000084f00000, 0x0000000085000000, 0x0000000085000000|100%| O|  |TAMS 0x0000000085000000, 0x0000000084f00000| Complete 
|  80|0x0000000085000000, 0x0000000085100000, 0x0000000085100000|100%| O|  |TAMS 0x0000000085100000, 0x0000000085000000| Complete 
|  81|0x0000000085100000, 0x0000000085200000, 0x0000000085200000|100%| O|  |TAMS 0x0000000085200000, 0x0000000085100000| Complete 
|  82|0x0000000085200000, 0x0000000085200000, 0x0000000085300000|  0%| F|  |TAMS 0x0000000085200000, 0x0000000085200000| Untracked 
|  83|0x0000000085300000, 0x0000000085400000, 0x0000000085400000|100%| O|  |TAMS 0x0000000085400000, 0x0000000085300000| Untracked 
|  84|0x0000000085400000, 0x0000000085500000, 0x0000000085500000|100%| O|  |TAMS 0x0000000085500000, 0x0000000085400000| Untracked 
|  85|0x0000000085500000, 0x0000000085600000, 0x0000000085600000|100%| O|  |TAMS 0x0000000085600000, 0x0000000085500000| Untracked 
|  86|0x0000000085600000, 0x0000000085700000, 0x0000000085700000|100%| O|  |TAMS 0x0000000085700000, 0x0000000085600000| Complete 
|  87|0x0000000085700000, 0x0000000085800000, 0x0000000085800000|100%| O|  |TAMS 0x0000000085800000, 0x0000000085700000| Complete 
|  88|0x0000000085800000, 0x0000000085900000, 0x0000000085900000|100%| O|  |TAMS 0x0000000085900000, 0x0000000085800000| Complete 
|  89|0x0000000085900000, 0x0000000085a00000, 0x0000000085a00000|100%| O|  |TAMS 0x0000000085a00000, 0x0000000085900000| Untracked 
|  90|0x0000000085a00000, 0x0000000085b00000, 0x0000000085b00000|100%|HS|  |TAMS 0x0000000085b00000, 0x0000000085a00000| Complete 
|  91|0x0000000085b00000, 0x0000000085c00000, 0x0000000085c00000|100%|HC|  |TAMS 0x0000000085c00000, 0x0000000085b00000| Complete 
|  92|0x0000000085c00000, 0x0000000085d00000, 0x0000000085d00000|100%| O|  |TAMS 0x0000000085d00000, 0x0000000085c00000| Untracked 
|  93|0x0000000085d00000, 0x0000000085e00000, 0x0000000085e00000|100%| O|  |TAMS 0x0000000085e00000, 0x0000000085d00000| Complete 
|  94|0x0000000085e00000, 0x0000000085f00000, 0x0000000085f00000|100%| O|  |TAMS 0x0000000085f00000, 0x0000000085e00000| Complete 
|  95|0x0000000085f00000, 0x0000000086000000, 0x0000000086000000|100%| O|  |TAMS 0x0000000086000000, 0x0000000085f00000| Untracked 
|  96|0x0000000086000000, 0x0000000086100000, 0x0000000086100000|100%| O|  |TAMS 0x0000000086100000, 0x0000000086000000| Untracked 
|  97|0x0000000086100000, 0x0000000086200000, 0x0000000086200000|100%| O|  |TAMS 0x0000000086200000, 0x0000000086100000| Untracked 
|  98|0x0000000086200000, 0x0000000086300000, 0x0000000086300000|100%| O|  |TAMS 0x0000000086300000, 0x0000000086200000| Untracked 
|  99|0x0000000086300000, 0x0000000086300000, 0x0000000086400000|  0%| F|  |TAMS 0x0000000086300000, 0x0000000086300000| Untracked 
| 100|0x0000000086400000, 0x0000000086500000, 0x0000000086500000|100%| O|  |TAMS 0x0000000086500000, 0x0000000086400000| Complete 
| 101|0x0000000086500000, 0x0000000086600000, 0x0000000086600000|100%| O|  |TAMS 0x0000000086600000, 0x0000000086500000| Complete 
| 102|0x0000000086600000, 0x0000000086700000, 0x0000000086700000|100%| O|  |TAMS 0x0000000086700000, 0x0000000086600000| Complete 
| 103|0x0000000086700000, 0x0000000086800000, 0x0000000086800000|100%| O|  |TAMS 0x0000000086800000, 0x0000000086700000| Untracked 
| 104|0x0000000086800000, 0x0000000086900000, 0x0000000086900000|100%| O|  |TAMS 0x0000000086900000, 0x0000000086800000| Complete 
| 105|0x0000000086900000, 0x0000000086a00000, 0x0000000086a00000|100%| O|  |TAMS 0x0000000086a00000, 0x0000000086900000| Complete 
| 106|0x0000000086a00000, 0x0000000086a00000, 0x0000000086b00000|  0%| F|  |TAMS 0x0000000086a00000, 0x0000000086a00000| Untracked 
| 107|0x0000000086b00000, 0x0000000086b00000, 0x0000000086c00000|  0%| F|  |TAMS 0x0000000086b00000, 0x0000000086b00000| Untracked 
| 108|0x0000000086c00000, 0x0000000086d00000, 0x0000000086d00000|100%| O|  |TAMS 0x0000000086d00000, 0x0000000086c00000| Complete 
| 109|0x0000000086d00000, 0x0000000086e00000, 0x0000000086e00000|100%| O|  |TAMS 0x0000000086e00000, 0x0000000086d00000| Complete 
| 110|0x0000000086e00000, 0x0000000086f00000, 0x0000000086f00000|100%| O|  |TAMS 0x0000000086f00000, 0x0000000086e00000| Complete 
| 111|0x0000000086f00000, 0x0000000086f00000, 0x0000000087000000|  0%| F|  |TAMS 0x0000000086f00000, 0x0000000086f00000| Untracked 
| 112|0x0000000087000000, 0x0000000087000000, 0x0000000087100000|  0%| F|  |TAMS 0x0000000087000000, 0x0000000087000000| Untracked 
| 113|0x0000000087100000, 0x0000000087200000, 0x0000000087200000|100%| O|  |TAMS 0x0000000087200000, 0x0000000087100000| Complete 
| 114|0x0000000087200000, 0x0000000087300000, 0x0000000087300000|100%| O|  |TAMS 0x0000000087300000, 0x0000000087200000| Complete 
| 115|0x0000000087300000, 0x0000000087400000, 0x0000000087400000|100%| O|  |TAMS 0x0000000087400000, 0x0000000087300000| Complete 
| 116|0x0000000087400000, 0x0000000087500000, 0x0000000087500000|100%| O|  |TAMS 0x0000000087500000, 0x0000000087400000| Complete 
| 117|0x0000000087500000, 0x0000000087600000, 0x0000000087600000|100%| O|  |TAMS 0x0000000087600000, 0x0000000087500000| Untracked 
| 118|0x0000000087600000, 0x0000000087700000, 0x0000000087700000|100%| O|  |TAMS 0x0000000087700000, 0x0000000087600000| Untracked 
| 119|0x0000000087700000, 0x0000000087800000, 0x0000000087800000|100%| O|  |TAMS 0x0000000087800000, 0x0000000087700000| Untracked 
| 120|0x0000000087800000, 0x0000000087900000, 0x0000000087900000|100%| O|  |TAMS 0x0000000087900000, 0x0000000087800000| Untracked 
| 121|0x0000000087900000, 0x0000000087a00000, 0x0000000087a00000|100%| O|  |TAMS 0x0000000087a00000, 0x0000000087900000| Untracked 
| 122|0x0000000087a00000, 0x0000000087b00000, 0x0000000087b00000|100%| O|  |TAMS 0x0000000087b00000, 0x0000000087a00000| Untracked 
| 123|0x0000000087b00000, 0x0000000087c00000, 0x0000000087c00000|100%| O|  |TAMS 0x0000000087c00000, 0x0000000087b00000| Untracked 
| 124|0x0000000087c00000, 0x0000000087d00000, 0x0000000087d00000|100%| O|  |TAMS 0x0000000087d00000, 0x0000000087c00000| Untracked 
| 125|0x0000000087d00000, 0x0000000087e00000, 0x0000000087e00000|100%| O|  |TAMS 0x0000000087e00000, 0x0000000087d00000| Untracked 
| 126|0x0000000087e00000, 0x0000000087e00000, 0x0000000087f00000|  0%| F|  |TAMS 0x0000000087e00000, 0x0000000087e00000| Untracked 
| 127|0x0000000087f00000, 0x0000000088000000, 0x0000000088000000|100%| O|  |TAMS 0x0000000088000000, 0x0000000087f00000| Complete 
| 128|0x0000000088000000, 0x0000000088100000, 0x0000000088100000|100%| O|  |TAMS 0x0000000088100000, 0x0000000088000000| Complete 
| 129|0x0000000088100000, 0x0000000088100000, 0x0000000088200000|  0%| F|  |TAMS 0x0000000088100000, 0x0000000088100000| Untracked 
| 130|0x0000000088200000, 0x0000000088300000, 0x0000000088300000|100%| O|  |TAMS 0x0000000088300000, 0x0000000088200000| Complete 
| 131|0x0000000088300000, 0x0000000088300000, 0x0000000088400000|  0%| F|  |TAMS 0x0000000088300000, 0x0000000088300000| Untracked 
| 132|0x0000000088400000, 0x0000000088500000, 0x0000000088500000|100%| O|  |TAMS 0x0000000088500000, 0x0000000088400000| Complete 
| 133|0x0000000088500000, 0x0000000088500000, 0x0000000088600000|  0%| F|  |TAMS 0x0000000088500000, 0x0000000088500000| Untracked 
| 134|0x0000000088600000, 0x0000000088700000, 0x0000000088700000|100%| O|  |TAMS 0x0000000088700000, 0x0000000088600000| Complete 
| 135|0x0000000088700000, 0x0000000088800000, 0x0000000088800000|100%| O|  |TAMS 0x0000000088800000, 0x0000000088700000| Complete 
| 136|0x0000000088800000, 0x0000000088900000, 0x0000000088900000|100%| O|  |TAMS 0x0000000088900000, 0x0000000088800000| Complete 
| 137|0x0000000088900000, 0x0000000088a00000, 0x0000000088a00000|100%| O|  |TAMS 0x0000000088a00000, 0x0000000088900000| Complete 
| 138|0x0000000088a00000, 0x0000000088b00000, 0x0000000088b00000|100%| O|  |TAMS 0x0000000088b00000, 0x0000000088a00000| Untracked 
| 139|0x0000000088b00000, 0x0000000088c00000, 0x0000000088c00000|100%| O|  |TAMS 0x0000000088c00000, 0x0000000088b00000| Untracked 
| 140|0x0000000088c00000, 0x0000000088d00000, 0x0000000088d00000|100%| O|  |TAMS 0x0000000088d00000, 0x0000000088c00000| Untracked 
| 141|0x0000000088d00000, 0x0000000088d00000, 0x0000000088e00000|  0%| F|  |TAMS 0x0000000088d00000, 0x0000000088d00000| Untracked 
| 142|0x0000000088e00000, 0x0000000088e00000, 0x0000000088f00000|  0%| F|  |TAMS 0x0000000088e00000, 0x0000000088e00000| Untracked 
| 143|0x0000000088f00000, 0x0000000089000000, 0x0000000089000000|100%| O|  |TAMS 0x0000000089000000, 0x0000000088f00000| Complete 
| 144|0x0000000089000000, 0x0000000089100000, 0x0000000089100000|100%| O|  |TAMS 0x0000000089100000, 0x0000000089000000| Complete 
| 145|0x0000000089100000, 0x0000000089200000, 0x0000000089200000|100%| O|  |TAMS 0x0000000089200000, 0x0000000089100000| Complete 
| 146|0x0000000089200000, 0x0000000089300000, 0x0000000089300000|100%| O|  |TAMS 0x0000000089300000, 0x0000000089200000| Complete 
| 147|0x0000000089300000, 0x0000000089400000, 0x0000000089400000|100%| O|  |TAMS 0x0000000089400000, 0x0000000089300000| Complete 
| 148|0x0000000089400000, 0x0000000089500000, 0x0000000089500000|100%| O|  |TAMS 0x0000000089500000, 0x0000000089400000| Complete 
| 149|0x0000000089500000, 0x0000000089600000, 0x0000000089600000|100%| O|  |TAMS 0x0000000089600000, 0x0000000089500000| Complete 
| 150|0x0000000089600000, 0x0000000089700000, 0x0000000089700000|100%| O|  |TAMS 0x0000000089700000, 0x0000000089600000| Untracked 
| 151|0x0000000089700000, 0x0000000089800000, 0x0000000089800000|100%| O|  |TAMS 0x0000000089800000, 0x0000000089700000| Complete 
| 152|0x0000000089800000, 0x00000000898b7200, 0x0000000089900000| 71%| O|  |TAMS 0x00000000898b7200, 0x0000000089800000| Untracked 
| 153|0x0000000089900000, 0x0000000089900000, 0x0000000089a00000|  0%| F|  |TAMS 0x0000000089900000, 0x0000000089900000| Untracked 
| 154|0x0000000089a00000, 0x0000000089a00000, 0x0000000089b00000|  0%| F|  |TAMS 0x0000000089a00000, 0x0000000089a00000| Untracked 
| 155|0x0000000089b00000, 0x0000000089b00000, 0x0000000089c00000|  0%| F|  |TAMS 0x0000000089b00000, 0x0000000089b00000| Untracked 
| 156|0x0000000089c00000, 0x0000000089c00000, 0x0000000089d00000|  0%| F|  |TAMS 0x0000000089c00000, 0x0000000089c00000| Untracked 
| 157|0x0000000089d00000, 0x0000000089d00000, 0x0000000089e00000|  0%| F|  |TAMS 0x0000000089d00000, 0x0000000089d00000| Untracked 
| 158|0x0000000089e00000, 0x0000000089e00000, 0x0000000089f00000|  0%| F|  |TAMS 0x0000000089e00000, 0x0000000089e00000| Untracked 
| 159|0x0000000089f00000, 0x0000000089f00000, 0x000000008a000000|  0%| F|  |TAMS 0x0000000089f00000, 0x0000000089f00000| Untracked 
| 160|0x000000008a000000, 0x000000008a000000, 0x000000008a100000|  0%| F|  |TAMS 0x000000008a000000, 0x000000008a000000| Untracked 
| 161|0x000000008a100000, 0x000000008a100000, 0x000000008a200000|  0%| F|  |TAMS 0x000000008a100000, 0x000000008a100000| Untracked 
| 162|0x000000008a200000, 0x000000008a200000, 0x000000008a300000|  0%| F|  |TAMS 0x000000008a200000, 0x000000008a200000| Untracked 
| 163|0x000000008a300000, 0x000000008a300000, 0x000000008a400000|  0%| F|  |TAMS 0x000000008a300000, 0x000000008a300000| Untracked 
| 164|0x000000008a400000, 0x000000008a400000, 0x000000008a500000|  0%| F|  |TAMS 0x000000008a400000, 0x000000008a400000| Untracked 
| 165|0x000000008a500000, 0x000000008a500000, 0x000000008a600000|  0%| F|  |TAMS 0x000000008a500000, 0x000000008a500000| Untracked 
| 166|0x000000008a600000, 0x000000008a600000, 0x000000008a700000|  0%| F|  |TAMS 0x000000008a600000, 0x000000008a600000| Untracked 
| 167|0x000000008a700000, 0x000000008a700000, 0x000000008a800000|  0%| F|  |TAMS 0x000000008a700000, 0x000000008a700000| Untracked 
| 168|0x000000008a800000, 0x000000008a800000, 0x000000008a900000|  0%| F|  |TAMS 0x000000008a800000, 0x000000008a800000| Untracked 
| 169|0x000000008a900000, 0x000000008a900000, 0x000000008aa00000|  0%| F|  |TAMS 0x000000008a900000, 0x000000008a900000| Untracked 
| 170|0x000000008aa00000, 0x000000008aa00000, 0x000000008ab00000|  0%| F|  |TAMS 0x000000008aa00000, 0x000000008aa00000| Untracked 
| 171|0x000000008ab00000, 0x000000008ab00000, 0x000000008ac00000|  0%| F|  |TAMS 0x000000008ab00000, 0x000000008ab00000| Untracked 
| 172|0x000000008ac00000, 0x000000008ac00000, 0x000000008ad00000|  0%| F|  |TAMS 0x000000008ac00000, 0x000000008ac00000| Untracked 
| 173|0x000000008ad00000, 0x000000008ad00000, 0x000000008ae00000|  0%| F|  |TAMS 0x000000008ad00000, 0x000000008ad00000| Untracked 
| 174|0x000000008ae00000, 0x000000008ae00000, 0x000000008af00000|  0%| F|  |TAMS 0x000000008ae00000, 0x000000008ae00000| Untracked 
| 175|0x000000008af00000, 0x000000008af00000, 0x000000008b000000|  0%| F|  |TAMS 0x000000008af00000, 0x000000008af00000| Untracked 
| 176|0x000000008b000000, 0x000000008b090e60, 0x000000008b100000| 56%| E|  |TAMS 0x000000008b000000, 0x000000008b000000| Complete 
| 177|0x000000008b100000, 0x000000008b200000, 0x000000008b200000|100%| E|CS|TAMS 0x000000008b100000, 0x000000008b100000| Complete 
| 178|0x000000008b200000, 0x000000008b300000, 0x000000008b300000|100%| E|CS|TAMS 0x000000008b200000, 0x000000008b200000| Complete 
| 179|0x000000008b300000, 0x000000008b400000, 0x000000008b400000|100%| E|CS|TAMS 0x000000008b300000, 0x000000008b300000| Complete 
| 180|0x000000008b400000, 0x000000008b4e9698, 0x000000008b500000| 91%| S|CS|TAMS 0x000000008b400000, 0x000000008b400000| Complete 
| 181|0x000000008b500000, 0x000000008b600000, 0x000000008b600000|100%| S|CS|TAMS 0x000000008b500000, 0x000000008b500000| Complete 
| 182|0x000000008b600000, 0x000000008b700000, 0x000000008b700000|100%| S|CS|TAMS 0x000000008b600000, 0x000000008b600000| Complete 
| 183|0x000000008b700000, 0x000000008b800000, 0x000000008b800000|100%| E|CS|TAMS 0x000000008b700000, 0x000000008b700000| Complete 
| 184|0x000000008b800000, 0x000000008b900000, 0x000000008b900000|100%| E|CS|TAMS 0x000000008b800000, 0x000000008b800000| Complete 
| 185|0x000000008b900000, 0x000000008ba00000, 0x000000008ba00000|100%| E|CS|TAMS 0x000000008b900000, 0x000000008b900000| Complete 
| 186|0x000000008ba00000, 0x000000008bb00000, 0x000000008bb00000|100%| E|CS|TAMS 0x000000008ba00000, 0x000000008ba00000| Complete 
| 187|0x000000008bb00000, 0x000000008bc00000, 0x000000008bc00000|100%| E|CS|TAMS 0x000000008bb00000, 0x000000008bb00000| Complete 
| 188|0x000000008bc00000, 0x000000008bd00000, 0x000000008bd00000|100%| E|CS|TAMS 0x000000008bc00000, 0x000000008bc00000| Complete 
| 189|0x000000008bd00000, 0x000000008be00000, 0x000000008be00000|100%| E|CS|TAMS 0x000000008bd00000, 0x000000008bd00000| Complete 
| 190|0x000000008be00000, 0x000000008bf00000, 0x000000008bf00000|100%| E|CS|TAMS 0x000000008be00000, 0x000000008be00000| Complete 
| 191|0x000000008bf00000, 0x000000008c000000, 0x000000008c000000|100%| E|CS|TAMS 0x000000008bf00000, 0x000000008bf00000| Complete 
| 192|0x000000008c000000, 0x000000008c100000, 0x000000008c100000|100%| E|CS|TAMS 0x000000008c000000, 0x000000008c000000| Complete 
| 193|0x000000008c100000, 0x000000008c200000, 0x000000008c200000|100%| E|CS|TAMS 0x000000008c100000, 0x000000008c100000| Complete 
| 194|0x000000008c200000, 0x000000008c300000, 0x000000008c300000|100%| E|CS|TAMS 0x000000008c200000, 0x000000008c200000| Complete 
| 195|0x000000008c300000, 0x000000008c400000, 0x000000008c400000|100%| E|CS|TAMS 0x000000008c300000, 0x000000008c300000| Complete 
| 196|0x000000008c400000, 0x000000008c500000, 0x000000008c500000|100%| E|CS|TAMS 0x000000008c400000, 0x000000008c400000| Complete 
| 197|0x000000008c500000, 0x000000008c600000, 0x000000008c600000|100%| E|CS|TAMS 0x000000008c500000, 0x000000008c500000| Complete 
| 198|0x000000008c600000, 0x000000008c700000, 0x000000008c700000|100%| E|CS|TAMS 0x000000008c600000, 0x000000008c600000| Complete 
| 199|0x000000008c700000, 0x000000008c800000, 0x000000008c800000|100%| E|CS|TAMS 0x000000008c700000, 0x000000008c700000| Complete 
| 200|0x000000008c800000, 0x000000008c900000, 0x000000008c900000|100%| E|CS|TAMS 0x000000008c800000, 0x000000008c800000| Complete 
| 201|0x000000008c900000, 0x000000008ca00000, 0x000000008ca00000|100%| E|CS|TAMS 0x000000008c900000, 0x000000008c900000| Complete 
| 202|0x000000008ca00000, 0x000000008cb00000, 0x000000008cb00000|100%| E|CS|TAMS 0x000000008ca00000, 0x000000008ca00000| Complete 
| 203|0x000000008cb00000, 0x000000008cc00000, 0x000000008cc00000|100%| E|CS|TAMS 0x000000008cb00000, 0x000000008cb00000| Complete 
| 204|0x000000008cc00000, 0x000000008cd00000, 0x000000008cd00000|100%| E|CS|TAMS 0x000000008cc00000, 0x000000008cc00000| Complete 
| 205|0x000000008cd00000, 0x000000008ce00000, 0x000000008ce00000|100%| E|  |TAMS 0x000000008cd00000, 0x000000008cd00000| Complete 
| 206|0x000000008ce00000, 0x000000008cf00000, 0x000000008cf00000|100%| E|CS|TAMS 0x000000008ce00000, 0x000000008ce00000| Complete 
| 207|0x000000008cf00000, 0x000000008d000000, 0x000000008d000000|100%| E|CS|TAMS 0x000000008cf00000, 0x000000008cf00000| Complete 
| 208|0x000000008d000000, 0x000000008d100000, 0x000000008d100000|100%| E|CS|TAMS 0x000000008d000000, 0x000000008d000000| Complete 
| 209|0x000000008d100000, 0x000000008d200000, 0x000000008d200000|100%| E|CS|TAMS 0x000000008d100000, 0x000000008d100000| Complete 
| 210|0x000000008d200000, 0x000000008d300000, 0x000000008d300000|100%| E|CS|TAMS 0x000000008d200000, 0x000000008d200000| Complete 
| 211|0x000000008d300000, 0x000000008d400000, 0x000000008d400000|100%| E|CS|TAMS 0x000000008d300000, 0x000000008d300000| Complete 
| 212|0x000000008d400000, 0x000000008d500000, 0x000000008d500000|100%| E|CS|TAMS 0x000000008d400000, 0x000000008d400000| Complete 
| 213|0x000000008d500000, 0x000000008d600000, 0x000000008d600000|100%| E|CS|TAMS 0x000000008d500000, 0x000000008d500000| Complete 
| 214|0x000000008d600000, 0x000000008d700000, 0x000000008d700000|100%| E|CS|TAMS 0x000000008d600000, 0x000000008d600000| Complete 
| 215|0x000000008d700000, 0x000000008d800000, 0x000000008d800000|100%| E|CS|TAMS 0x000000008d700000, 0x000000008d700000| Complete 
| 216|0x000000008d800000, 0x000000008d900000, 0x000000008d900000|100%| E|CS|TAMS 0x000000008d800000, 0x000000008d800000| Complete 
| 217|0x000000008d900000, 0x000000008da00000, 0x000000008da00000|100%| E|CS|TAMS 0x000000008d900000, 0x000000008d900000| Complete 
| 218|0x000000008da00000, 0x000000008db00000, 0x000000008db00000|100%| E|CS|TAMS 0x000000008da00000, 0x000000008da00000| Complete 
| 219|0x000000008db00000, 0x000000008dc00000, 0x000000008dc00000|100%| E|CS|TAMS 0x000000008db00000, 0x000000008db00000| Complete 

Card table byte_map: [0x0000021e5bde0000,0x0000021e5c1e0000] _byte_map_base: 0x0000021e5b9e0000

Marking Bits (Prev, Next): (CMBitMap*) 0x0000021e48bce890, (CMBitMap*) 0x0000021e48bce858
 Prev Bits: [0x0000021e5e5e0000, 0x0000021e605e0000)
 Next Bits: [0x0000021e5c5e0000, 0x0000021e5e5e0000)

Polling page: 0x0000021e46b20000

Metaspace:

Usage:
  Non-class:    106.94 MB capacity,   104.85 MB ( 98%) used,     1.68 MB (  2%) free+waste,   429.31 KB ( <1%) overhead. 
      Class:     16.27 MB capacity,    14.95 MB ( 92%) used,     1.13 MB (  7%) free+waste,   187.44 KB (  1%) overhead. 
       Both:    123.21 MB capacity,   119.80 MB ( 97%) used,     2.81 MB (  2%) free+waste,   616.75 KB ( <1%) overhead. 

Virtual space:
  Non-class space:      108.00 MB reserved,     107.09 MB (>99%) committed 
      Class space:        1.00 GB reserved,      16.57 MB (  2%) committed 
             Both:        1.11 GB reserved,     123.66 MB ( 11%) committed 

Chunk freelists:
   Non-Class:  24.00 KB
       Class:  240.00 KB
        Both:  264.00 KB

MaxMetaspaceSize: 17179869184.00 GB
CompressedClassSpaceSize: 1.00 GB
Initial GC threshold: 20.80 MB
Current GC threshold: 206.11 MB
CDS: off

CodeHeap 'non-profiled nmethods': size=120000Kb used=11243Kb max_used=11624Kb free=108756Kb
 bounds [0x0000021e54180000, 0x0000021e54ce0000, 0x0000021e5b6b0000]
CodeHeap 'profiled nmethods': size=120000Kb used=39787Kb max_used=39787Kb free=80212Kb
 bounds [0x0000021e4cc50000, 0x0000021e4f350000, 0x0000021e54180000]
CodeHeap 'non-nmethods': size=5760Kb used=2436Kb max_used=2494Kb free=3323Kb
 bounds [0x0000021e4c6b0000, 0x0000021e4c940000, 0x0000021e4cc50000]
 total_blobs=19284 nmethods=18319 adapters=874
 compilation: enabled
              stopped_count=0, restarted_count=0
 full_count=0

Compilation events (20 events):
Event: 151.971 Thread 0x0000021e6304b800 nmethod 19680 0x0000021e4cd35510 code [0x0000021e4cd35820, 0x0000021e4cd366d8]
Event: 151.971 Thread 0x0000021e6304b800 19665       2       com.android.tools.r8.internal.Ok$$Lambda$2169/0x0000000100e06040::<init> (15 bytes)
Event: 151.971 Thread 0x0000021e6304b800 nmethod 19665 0x0000021e4cd35110 code [0x0000021e4cd352c0, 0x0000021e4cd35458]
Event: 151.971 Thread 0x0000021e6304b800 19666       2       com.android.tools.r8.graph.J::e (12 bytes)
Event: 151.971 Thread 0x0000021e6304b800 nmethod 19666 0x0000021e4cd34a10 code [0x0000021e4cd34be0, 0x0000021e4cd34f68]
Event: 151.971 Thread 0x0000021e6304b800 19682       2       com.android.tools.r8.graph.J::v0 (6 bytes)
Event: 151.972 Thread 0x0000021e6304b800 nmethod 19682 0x0000021e4cd34690 code [0x0000021e4cd34840, 0x0000021e4cd34958]
Event: 151.972 Thread 0x0000021e6304b800 19683       2       com.android.tools.r8.graph.J::w0 (10 bytes)
Event: 151.972 Thread 0x0000021e6304b800 nmethod 19683 0x0000021e4cd34310 code [0x0000021e4cd344c0, 0x0000021e4cd345e8]
Event: 151.972 Thread 0x0000021e6304b800 19689 %     3       com.android.tools.r8.graph.O::c @ 10 (59 bytes)
Event: 151.972 Thread 0x0000021e6304b800 nmethod 19689% 0x0000021e4cd33790 code [0x0000021e4cd33980, 0x0000021e4cd34038]
Event: 151.972 Thread 0x0000021e6304b800 19687       2       com.android.tools.r8.internal.o2$$Lambda$2199/0x0000000100e11840::accept (12 bytes)
Event: 151.973 Thread 0x0000021e6304b800 nmethod 19687 0x0000021e4cd32e90 code [0x0000021e4cd33080, 0x0000021e4cd334d8]
Event: 151.973 Thread 0x0000021e6304b800 19688       2       com.android.tools.r8.internal.o2::a (17 bytes)
Event: 151.973 Thread 0x0000021e6304b800 nmethod 19688 0x0000021e4cd32390 code [0x0000021e4cd32580, 0x0000021e4cd32a28]
Event: 151.973 Thread 0x0000021e6304b800 19690       2       com.android.tools.r8.internal.fZ$$Lambda$2212/0x0000000100e21c40::accept (20 bytes)
Event: 151.974 Thread 0x0000021e6304b800 nmethod 19690 0x0000021e4cf55a90 code [0x0000021e4cf55ca0, 0x0000021e4cf56108]
Event: 151.974 Thread 0x0000021e6304b800 19691       2       com.android.tools.r8.internal.fZ::a (24 bytes)
Event: 151.974 Thread 0x0000021e6304b800 nmethod 19691 0x0000021e4cf55190 code [0x0000021e4cf553a0, 0x0000021e4cf557a8]
Event: 151.974 Thread 0x0000021e6304b800 19699       3       com.android.tools.r8.graph.O::a (275 bytes)

GC Heap History (20 events):
Event: 148.491 GC heap before
{Heap before GC invocations=41 (full 0):
 garbage-first heap   total 225280K, used 127894K [0x0000000080000000, 0x0000000100000000)
  region size 1024K, 11 young (11264K), 9 survivors (9216K)
 Metaspace       used 112882K, capacity 116142K, committed 117160K, reserved 1150976K
  class space    used 14183K, capacity 15394K, committed 15948K, reserved 1048576K
}
Event: 148.501 GC heap after
{Heap after GC invocations=42 (full 0):
 garbage-first heap   total 225280K, used 116007K [0x0000000080000000, 0x0000000100000000)
  region size 1024K, 2 young (2048K), 2 survivors (2048K)
 Metaspace       used 112882K, capacity 116142K, committed 117160K, reserved 1150976K
  class space    used 14183K, capacity 15394K, committed 15948K, reserved 1048576K
}
Event: 149.011 GC heap before
{Heap before GC invocations=42 (full 0):
 garbage-first heap   total 225280K, used 184615K [0x0000000080000000, 0x0000000100000000)
  region size 1024K, 70 young (71680K), 2 survivors (2048K)
 Metaspace       used 113736K, capacity 116986K, committed 117672K, reserved 1150976K
  class space    used 14280K, capacity 15499K, committed 15948K, reserved 1048576K
}
Event: 149.044 GC heap after
{Heap after GC invocations=43 (full 0):
 garbage-first heap   total 225280K, used 123816K [0x0000000080000000, 0x0000000100000000)
  region size 1024K, 9 young (9216K), 9 survivors (9216K)
 Metaspace       used 113736K, capacity 116986K, committed 117672K, reserved 1150976K
  class space    used 14280K, capacity 15499K, committed 15948K, reserved 1048576K
}
Event: 150.579 GC heap before
{Heap before GC invocations=44 (full 0):
 garbage-first heap   total 225280K, used 186280K [0x0000000080000000, 0x0000000100000000)
  region size 1024K, 69 young (70656K), 9 survivors (9216K)
 Metaspace       used 120097K, capacity 123506K, committed 124072K, reserved 1157120K
  class space    used 15063K, capacity 16329K, committed 16716K, reserved 1048576K
}
Event: 150.590 GC heap after
{Heap after GC invocations=45 (full 0):
 garbage-first heap   total 225280K, used 136192K [0x0000000080000000, 0x0000000100000000)
  region size 1024K, 9 young (9216K), 9 survivors (9216K)
 Metaspace       used 120097K, capacity 123506K, committed 124072K, reserved 1157120K
  class space    used 15063K, capacity 16329K, committed 16716K, reserved 1048576K
}
Event: 150.608 GC heap before
{Heap before GC invocations=45 (full 0):
 garbage-first heap   total 225280K, used 138240K [0x0000000080000000, 0x0000000100000000)
  region size 1024K, 11 young (11264K), 9 survivors (9216K)
 Metaspace       used 120155K, capacity 123593K, committed 124072K, reserved 1157120K
  class space    used 15069K, capacity 16337K, committed 16716K, reserved 1048576K
}
Event: 150.620 GC heap after
{Heap after GC invocations=46 (full 0):
 garbage-first heap   total 225280K, used 128950K [0x0000000080000000, 0x0000000100000000)
  region size 1024K, 2 young (2048K), 2 survivors (2048K)
 Metaspace       used 120155K, capacity 123593K, committed 124072K, reserved 1157120K
  class space    used 15069K, capacity 16337K, committed 16716K, reserved 1048576K
}
Event: 151.142 GC heap before
{Heap before GC invocations=46 (full 0):
 garbage-first heap   total 225280K, used 172982K [0x0000000080000000, 0x0000000100000000)
  region size 1024K, 46 young (47104K), 2 survivors (2048K)
 Metaspace       used 122318K, capacity 125824K, committed 126376K, reserved 1159168K
  class space    used 15299K, capacity 16649K, committed 16972K, reserved 1048576K
}
Event: 151.150 GC heap after
{Heap after GC invocations=47 (full 0):
 garbage-first heap   total 225280K, used 133651K [0x0000000080000000, 0x0000000100000000)
  region size 1024K, 6 young (6144K), 6 survivors (6144K)
 Metaspace       used 122318K, capacity 125824K, committed 126376K, reserved 1159168K
  class space    used 15299K, capacity 16649K, committed 16972K, reserved 1048576K
}
Event: 151.278 GC heap before
{Heap before GC invocations=47 (full 0):
 garbage-first heap   total 225280K, used 186899K [0x0000000080000000, 0x0000000100000000)
  region size 1024K, 55 young (56320K), 6 survivors (6144K)
 Metaspace       used 122441K, capacity 125919K, committed 126376K, reserved 1159168K
  class space    used 15307K, capacity 16654K, committed 16972K, reserved 1048576K
}
Event: 151.289 GC heap after
{Heap after GC invocations=48 (full 0):
 garbage-first heap   total 225280K, used 143956K [0x0000000080000000, 0x0000000100000000)
  region size 1024K, 7 young (7168K), 7 survivors (7168K)
 Metaspace       used 122441K, capacity 125919K, committed 126376K, reserved 1159168K
  class space    used 15307K, capacity 16654K, committed 16972K, reserved 1048576K
}
Event: 151.395 GC heap before
{Heap before GC invocations=48 (full 0):
 garbage-first heap   total 225280K, used 182868K [0x0000000080000000, 0x0000000100000000)
  region size 1024K, 45 young (46080K), 7 survivors (7168K)
 Metaspace       used 122448K, capacity 125971K, committed 126376K, reserved 1159168K
  class space    used 15304K, capacity 16650K, committed 16972K, reserved 1048576K
}
Event: 151.402 GC heap after
{Heap after GC invocations=49 (full 0):
 garbage-first heap   total 225280K, used 148153K [0x0000000080000000, 0x0000000100000000)
  region size 1024K, 4 young (4096K), 4 survivors (4096K)
 Metaspace       used 122448K, capacity 125971K, committed 126376K, reserved 1159168K
  class space    used 15304K, capacity 16650K, committed 16972K, reserved 1048576K
}
Event: 151.465 GC heap before
{Heap before GC invocations=50 (full 0):
 garbage-first heap   total 225280K, used 185017K [0x0000000080000000, 0x0000000100000000)
  region size 1024K, 41 young (41984K), 4 survivors (4096K)
 Metaspace       used 122452K, capacity 125977K, committed 126376K, reserved 1159168K
  class space    used 15305K, capacity 16651K, committed 16972K, reserved 1048576K
}
Event: 151.469 GC heap after
{Heap after GC invocations=51 (full 0):
 garbage-first heap   total 225280K, used 148644K [0x0000000080000000, 0x0000000100000000)
  region size 1024K, 2 young (2048K), 2 survivors (2048K)
 Metaspace       used 122452K, capacity 125977K, committed 126376K, reserved 1159168K
  class space    used 15305K, capacity 16651K, committed 16972K, reserved 1048576K
}
Event: 151.481 GC heap before
{Heap before GC invocations=51 (full 0):
 garbage-first heap   total 225280K, used 156836K [0x0000000080000000, 0x0000000100000000)
  region size 1024K, 11 young (11264K), 2 survivors (2048K)
 Metaspace       used 122452K, capacity 125977K, committed 126376K, reserved 1159168K
  class space    used 15305K, capacity 16651K, committed 16972K, reserved 1048576K
}
Event: 151.493 GC heap after
{Heap after GC invocations=52 (full 0):
 garbage-first heap   total 225280K, used 140883K [0x0000000080000000, 0x0000000100000000)
  region size 1024K, 1 young (1024K), 1 survivors (1024K)
 Metaspace       used 122452K, capacity 125977K, committed 126376K, reserved 1159168K
  class space    used 15305K, capacity 16651K, committed 16972K, reserved 1048576K
}
Event: 151.585 GC heap before
{Heap before GC invocations=52 (full 0):
 garbage-first heap   total 225280K, used 175699K [0x0000000080000000, 0x0000000100000000)
  region size 1024K, 37 young (37888K), 1 survivors (1024K)
 Metaspace       used 122501K, capacity 125993K, committed 126376K, reserved 1159168K
  class space    used 15305K, capacity 16651K, committed 16972K, reserved 1048576K
}
Event: 151.589 GC heap after
{Heap after GC invocations=53 (full 0):
 garbage-first heap   total 225280K, used 142978K [0x0000000080000000, 0x0000000100000000)
  region size 1024K, 3 young (3072K), 3 survivors (3072K)
 Metaspace       used 122501K, capacity 125993K, committed 126376K, reserved 1159168K
  class space    used 15305K, capacity 16651K, committed 16972K, reserved 1048576K
}

Deoptimization events (20 events):
Event: 151.565 Thread 0x0000021e6a64b000 DEOPT PACKING pc=0x0000021e54a4f104 sp=0x00000032146fc3e0
Event: 151.565 Thread 0x0000021e6a64b000 DEOPT UNPACKING pc=0x0000021e4c6fa1af sp=0x00000032146fc468 mode 2
Event: 151.578 Thread 0x0000021e67471800 DEOPT PACKING pc=0x0000021e4f196bc4 sp=0x000000320d1feec0
Event: 151.578 Thread 0x0000021e67471800 DEOPT UNPACKING pc=0x0000021e4c6fa95e sp=0x000000320d1fe460 mode 0
Event: 151.604 Thread 0x0000021e67471800 DEOPT PACKING pc=0x0000021e4f196bc4 sp=0x000000320d1feec0
Event: 151.604 Thread 0x0000021e67471800 DEOPT UNPACKING pc=0x0000021e4c6fa95e sp=0x000000320d1fe460 mode 0
Event: 151.606 Thread 0x0000021e6a64b000 DEOPT PACKING pc=0x0000021e4e807da0 sp=0x00000032146fc990
Event: 151.606 Thread 0x0000021e6a64b000 DEOPT UNPACKING pc=0x0000021e4c6fa95e sp=0x00000032146fbe38 mode 0
Event: 151.629 Thread 0x0000021e67471800 DEOPT PACKING pc=0x0000021e4f196bc4 sp=0x000000320d1feec0
Event: 151.629 Thread 0x0000021e67471800 DEOPT UNPACKING pc=0x0000021e4c6fa95e sp=0x000000320d1fe460 mode 0
Event: 151.911 Thread 0x0000021e6a650800 DEOPT PACKING pc=0x0000021e4f196bc4 sp=0x00000032148fd3f0
Event: 151.911 Thread 0x0000021e6a650800 DEOPT UNPACKING pc=0x0000021e4c6fa95e sp=0x00000032148fc990 mode 0
Event: 151.959 Thread 0x0000021e6a650800 DEOPT PACKING pc=0x0000021e4e7dbd74 sp=0x00000032148fc610
Event: 151.959 Thread 0x0000021e6a650800 DEOPT UNPACKING pc=0x0000021e4c6fa95e sp=0x00000032148fbaf0 mode 0
Event: 151.974 Thread 0x0000021e6a650800 DEOPT PACKING pc=0x0000021e4ea2f8bc sp=0x00000032148fcbf0
Event: 151.974 Thread 0x0000021e6a650800 DEOPT UNPACKING pc=0x0000021e4c6fa95e sp=0x00000032148fc100 mode 0
Event: 151.982 Thread 0x0000021e6a650800 DEOPT PACKING pc=0x0000021e4e807da0 sp=0x00000032148fc3f0
Event: 151.982 Thread 0x0000021e6a650800 DEOPT UNPACKING pc=0x0000021e4c6fa95e sp=0x00000032148fb898 mode 0
Event: 151.990 Thread 0x0000021e6a650800 DEOPT PACKING pc=0x0000021e4ea6957c sp=0x00000032148fc840
Event: 151.990 Thread 0x0000021e6a650800 DEOPT UNPACKING pc=0x0000021e4c6fa95e sp=0x00000032148fbe18 mode 0

Classes redefined (0 events):
No events

Internal exceptions (20 events):
Event: 151.614 Thread 0x0000021e6a64b000 Exception <a 'sun/nio/fs/WindowsException'{0x000000008d7c9f70}> (0x000000008d7c9f70) thrown at [./src/hotspot/share/prims/jni.cpp, line 616]
Event: 151.616 Thread 0x0000021e6a654800 Exception <a 'sun/nio/fs/WindowsException'{0x000000008d5c6008}> (0x000000008d5c6008) thrown at [./src/hotspot/share/prims/jni.cpp, line 616]
Event: 151.617 Thread 0x0000021e6a654800 Exception <a 'sun/nio/fs/WindowsException'{0x000000008d5cdf28}> (0x000000008d5cdf28) thrown at [./src/hotspot/share/prims/jni.cpp, line 616]
Event: 151.618 Thread 0x0000021e6a64b000 Exception <a 'sun/nio/fs/WindowsException'{0x000000008d7d0738}> (0x000000008d7d0738) thrown at [./src/hotspot/share/prims/jni.cpp, line 616]
Event: 151.619 Thread 0x0000021e6a654800 Exception <a 'sun/nio/fs/WindowsException'{0x000000008d5d7528}> (0x000000008d5d7528) thrown at [./src/hotspot/share/prims/jni.cpp, line 616]
Event: 151.620 Thread 0x0000021e6a64b000 Exception <a 'sun/nio/fs/WindowsException'{0x000000008d4c6288}> (0x000000008d4c6288) thrown at [./src/hotspot/share/prims/jni.cpp, line 616]
Event: 151.623 Thread 0x0000021e6a64b000 Exception <a 'sun/nio/fs/WindowsException'{0x000000008d4d1e78}> (0x000000008d4d1e78) thrown at [./src/hotspot/share/prims/jni.cpp, line 616]
Event: 151.625 Thread 0x0000021e6a64b000 Exception <a 'sun/nio/fs/WindowsException'{0x000000008d3c3b18}> (0x000000008d3c3b18) thrown at [./src/hotspot/share/prims/jni.cpp, line 616]
Event: 151.627 Thread 0x0000021e6a654800 Exception <a 'sun/nio/fs/WindowsException'{0x000000008d4e9a70}> (0x000000008d4e9a70) thrown at [./src/hotspot/share/prims/jni.cpp, line 616]
Event: 151.627 Thread 0x0000021e6a64b000 Exception <a 'sun/nio/fs/WindowsException'{0x000000008d3ce3e0}> (0x000000008d3ce3e0) thrown at [./src/hotspot/share/prims/jni.cpp, line 616]
Event: 151.629 Thread 0x0000021e6a654800 Exception <a 'sun/nio/fs/WindowsException'{0x000000008d2c47b0}> (0x000000008d2c47b0) thrown at [./src/hotspot/share/prims/jni.cpp, line 616]
Event: 151.631 Thread 0x0000021e6a654800 Exception <a 'sun/nio/fs/WindowsException'{0x000000008d2cc950}> (0x000000008d2cc950) thrown at [./src/hotspot/share/prims/jni.cpp, line 616]
Event: 151.631 Thread 0x0000021e6a64b000 Exception <a 'sun/nio/fs/WindowsException'{0x000000008d2df4a8}> (0x000000008d2df4a8) thrown at [./src/hotspot/share/prims/jni.cpp, line 616]
Event: 151.633 Thread 0x0000021e6a64b000 Exception <a 'sun/nio/fs/WindowsException'{0x000000008d2e7240}> (0x000000008d2e7240) thrown at [./src/hotspot/share/prims/jni.cpp, line 616]
Event: 151.635 Thread 0x0000021e6a64b000 Exception <a 'sun/nio/fs/WindowsException'{0x000000008d1c8d10}> (0x000000008d1c8d10) thrown at [./src/hotspot/share/prims/jni.cpp, line 616]
Event: 151.637 Thread 0x0000021e6a64b000 Exception <a 'sun/nio/fs/WindowsException'{0x000000008d1d0ae8}> (0x000000008d1d0ae8) thrown at [./src/hotspot/share/prims/jni.cpp, line 616]
Event: 151.639 Thread 0x0000021e6a64b000 Exception <a 'sun/nio/fs/WindowsException'{0x000000008d1d8d78}> (0x000000008d1d8d78) thrown at [./src/hotspot/share/prims/jni.cpp, line 616]
Event: 151.640 Thread 0x0000021e6a64b000 Exception <a 'sun/nio/fs/WindowsException'{0x000000008d0c8d98}> (0x000000008d0c8d98) thrown at [./src/hotspot/share/prims/jni.cpp, line 616]
Event: 151.917 Thread 0x0000021e6a650800 Exception <a 'sun/nio/fs/WindowsException'{0x000000008c6762f8}> (0x000000008c6762f8) thrown at [./src/hotspot/share/prims/jni.cpp, line 616]
Event: 152.003 Thread 0x0000021e6a650800 Exception <a 'sun/nio/fs/WindowsException'{0x000000008b8b9f00}> (0x000000008b8b9f00) thrown at [./src/hotspot/share/prims/jni.cpp, line 616]

Events (20 events):
Event: 151.493 Executing VM operation: G1CollectForAllocation done
Event: 151.541 Executing VM operation: RevokeBias
Event: 151.541 Executing VM operation: RevokeBias done
Event: 151.585 Executing VM operation: G1CollectForAllocation
Event: 151.589 Executing VM operation: G1CollectForAllocation done
Event: 151.609 Loaded shared library D:\ass\jre\bin\nio.dll
Event: 151.624 Loaded shared library C:\Windows\SYSTEM32\WSOCK32.dll
Event: 151.625 Loaded shared library D:\ass\jre\bin\nio.dll
Event: 151.734 Executing VM operation: CGC_Operation
Event: 151.745 Executing VM operation: CGC_Operation done
Event: 151.820 Executing VM operation: CGC_Operation
Event: 151.820 Executing VM operation: CGC_Operation done
Event: 151.831 Executing VM operation: RevokeBias
Event: 151.832 Executing VM operation: RevokeBias done
Event: 151.852 Executing VM operation: RevokeBias
Event: 151.852 Executing VM operation: RevokeBias done
Event: 151.852 Executing VM operation: RevokeBias
Event: 151.853 Executing VM operation: RevokeBias done
Event: 151.854 Executing VM operation: RevokeBias
Event: 151.854 Executing VM operation: RevokeBias done


Dynamic libraries:
0x00007ff73da00000 - 0x00007ff73da0a000 	D:\ass\jre\bin\java.exe
0x00007fff4a370000 - 0x00007fff4a568000 	C:\Windows\SYSTEM32\ntdll.dll
0x00007fff48aa0000 - 0x00007fff48b5f000 	C:\Windows\System32\KERNEL32.DLL
0x00007fff47c90000 - 0x00007fff47f6a000 	C:\Windows\System32\KERNELBASE.dll
0x00007fff47a50000 - 0x00007fff47b50000 	C:\Windows\System32\ucrtbase.dll
0x00007fff223f0000 - 0x00007fff22407000 	D:\ass\jre\bin\VCRUNTIME140.dll
0x00007fff1e940000 - 0x00007fff1e959000 	D:\ass\jre\bin\jli.dll
0x00007fff49e80000 - 0x00007fff4a01d000 	C:\Windows\System32\USER32.dll
0x00007fff2f520000 - 0x00007fff2f7ba000 	C:\Windows\WinSxS\amd64_microsoft.windows.common-controls_6595b64144ccf1df_6.0.19041.1110_none_60b5254171f9507e\COMCTL32.dll
0x00007fff47f70000 - 0x00007fff47f92000 	C:\Windows\System32\win32u.dll
0x00007fff49580000 - 0x00007fff495ab000 	C:\Windows\System32\GDI32.dll
0x00007fff4a0b0000 - 0x00007fff4a14e000 	C:\Windows\System32\msvcrt.dll
0x00007fff480c0000 - 0x00007fff481d0000 	C:\Windows\System32\gdi32full.dll
0x00007fff47ff0000 - 0x00007fff4808d000 	C:\Windows\System32\msvcp_win.dll
0x00007fff48950000 - 0x00007fff48980000 	C:\Windows\System32\IMM32.DLL
0x00007ffeefa90000 - 0x00007ffeefb2d000 	D:\ass\jre\bin\msvcp140.dll
0x00007ffef2210000 - 0x00007ffef2d12000 	D:\ass\jre\bin\server\jvm.dll
0x00007fff49430000 - 0x00007fff494de000 	C:\Windows\System32\ADVAPI32.dll
0x00007fff494e0000 - 0x00007fff4957c000 	C:\Windows\System32\sechost.dll
0x00007fff498c0000 - 0x00007fff499e6000 	C:\Windows\System32\RPCRT4.dll
0x00007fff48b60000 - 0x00007fff48b68000 	C:\Windows\System32\PSAPI.DLL
0x00007fff2d8f0000 - 0x00007fff2d917000 	C:\Windows\SYSTEM32\WINMM.dll
0x00007fff3db80000 - 0x00007fff3db8a000 	C:\Windows\SYSTEM32\VERSION.dll
0x00007fff3f010000 - 0x00007fff3f019000 	C:\Windows\SYSTEM32\WSOCK32.dll
0x00007fff49680000 - 0x00007fff496eb000 	C:\Windows\System32\ws2_32.DLL
0x00007fff458f0000 - 0x00007fff45902000 	C:\Windows\SYSTEM32\kernel.appcore.dll
0x00007fff2f860000 - 0x00007fff2f871000 	D:\ass\jre\bin\verify.dll
0x00007fff451a0000 - 0x00007fff45384000 	C:\Windows\SYSTEM32\DBGHELP.DLL
0x00007fff387b0000 - 0x00007fff387e4000 	C:\Windows\SYSTEM32\dbgcore.DLL
0x00007fff47c00000 - 0x00007fff47c82000 	C:\Windows\System32\bcryptPrimitives.dll
0x00007fff2f830000 - 0x00007fff2f859000 	D:\ass\jre\bin\java.dll
0x00007fff33f10000 - 0x00007fff33f1b000 	D:\ass\jre\bin\jimage.dll
0x00007fff2f810000 - 0x00007fff2f828000 	D:\ass\jre\bin\zip.dll
0x00007fff48c80000 - 0x00007fff493c4000 	C:\Windows\System32\SHELL32.dll
0x00007fff45b10000 - 0x00007fff462a3000 	C:\Windows\SYSTEM32\windows.storage.dll
0x00007fff499f0000 - 0x00007fff49d44000 	C:\Windows\System32\combase.dll
0x00007fff474b0000 - 0x00007fff474de000 	C:\Windows\SYSTEM32\Wldp.dll
0x00007fff488a0000 - 0x00007fff4894d000 	C:\Windows\System32\SHCORE.dll
0x00007fff49860000 - 0x00007fff498b5000 	C:\Windows\System32\shlwapi.dll
0x00007fff47990000 - 0x00007fff479af000 	C:\Windows\SYSTEM32\profapi.dll
0x00007fff2f7f0000 - 0x00007fff2f80a000 	D:\ass\jre\bin\net.dll
0x00007fff41e20000 - 0x00007fff41f2a000 	C:\Windows\SYSTEM32\WINHTTP.dll
0x00007fff47210000 - 0x00007fff4727a000 	C:\Windows\system32\mswsock.dll
0x00007fff2ea00000 - 0x00007fff2ea14000 	D:\ass\jre\bin\nio.dll
0x00007fff14b70000 - 0x00007fff14b97000 	C:\Users\sudhe\.gradle\native\e1d6ef7f7dcc3fd88c89a11ec53ec762bb8ba0a96d01ffa2cd45eb1d1d8dd5c5\windows-amd64\native-platform.dll
0x00007ffeef940000 - 0x00007ffeefa84000 	C:\Users\sudhe\.gradle\native\0d407fdbe67a94daf76414ababcb853783967236a71b16ec16e742cd7a986fd3\windows-amd64\native-platform-file-events.dll
0x00007fff2f7d0000 - 0x00007fff2f7da000 	D:\ass\jre\bin\management.dll
0x00007fff2e9f0000 - 0x00007fff2e9fd000 	D:\ass\jre\bin\management_ext.dll
0x00007fff47410000 - 0x00007fff47428000 	C:\Windows\SYSTEM32\CRYPTSP.dll
0x00007fff46ac0000 - 0x00007fff46af4000 	C:\Windows\system32\rsaenh.dll
0x00007fff48090000 - 0x00007fff480b7000 	C:\Windows\System32\bcrypt.dll
0x00007fff47910000 - 0x00007fff4793e000 	C:\Windows\SYSTEM32\USERENV.dll
0x00007fff47400000 - 0x00007fff4740c000 	C:\Windows\SYSTEM32\CRYPTBASE.dll
0x00007fff46eb0000 - 0x00007fff46eec000 	C:\Windows\SYSTEM32\IPHLPAPI.DLL
0x00007fff4a020000 - 0x00007fff4a028000 	C:\Windows\System32\NSI.dll
0x00007fff3daa0000 - 0x00007fff3dab7000 	C:\Windows\SYSTEM32\dhcpcsvc6.DLL
0x00007fff3e480000 - 0x00007fff3e49d000 	C:\Windows\SYSTEM32\dhcpcsvc.DLL
0x00007fff46f00000 - 0x00007fff46fcb000 	C:\Windows\SYSTEM32\DNSAPI.dll
0x00007fff25040000 - 0x00007fff25067000 	D:\ass\jre\bin\sunec.dll

dbghelp: loaded successfully - version: 4.0.5 - missing functions: none
symbol engine: initialized successfully - sym options: 0x614 - pdb path: .;D:\ass\jre\bin;C:\Windows\SYSTEM32;C:\Windows\WinSxS\amd64_microsoft.windows.common-controls_6595b64144ccf1df_6.0.19041.1110_none_60b5254171f9507e;D:\ass\jre\bin\server;C:\Users\sudhe\.gradle\native\e1d6ef7f7dcc3fd88c89a11ec53ec762bb8ba0a96d01ffa2cd45eb1d1d8dd5c5\windows-amd64;C:\Users\sudhe\.gradle\native\0d407fdbe67a94daf76414ababcb853783967236a71b16ec16e742cd7a986fd3\windows-amd64

VM Arguments:
jvm_args: --add-opens=java.base/java.util=ALL-UNNAMED --add-opens=java.base/java.lang=ALL-UNNAMED --add-opens=java.base/java.lang.invoke=ALL-UNNAMED --add-opens=java.base/java.util=ALL-UNNAMED --add-opens=java.prefs/java.util.prefs=ALL-UNNAMED --add-opens=java.prefs/java.util.prefs=ALL-UNNAMED --add-opens=java.base/java.nio.charset=ALL-UNNAMED --add-opens=java.base/java.net=ALL-UNNAMED --add-opens=java.base/java.util.concurrent.atomic=ALL-UNNAMED -Xmx2048m -Dfile.encoding=UTF-8 -Duser.country=IN -Duser.language=en -Duser.variant 
java_command: org.gradle.launcher.daemon.bootstrap.GradleDaemon 7.4
java_class_path (initial): C:\Users\sudhe\.gradle\wrapper\dists\gradle-7.4-bin\c0gwcg53nkjbqw7r0h0umtfvt\gradle-7.4\lib\gradle-launcher-7.4.jar
Launcher Type: SUN_STANDARD

[Global flags]
     intx CICompilerCount                          = 4                                         {product} {ergonomic}
     uint ConcGCThreads                            = 2                                         {product} {ergonomic}
     uint G1ConcRefinementThreads                  = 8                                         {product} {ergonomic}
   size_t G1HeapRegionSize                         = 1048576                                   {product} {ergonomic}
    uintx GCDrainStackTargetSize                   = 64                                        {product} {ergonomic}
   size_t InitialHeapSize                          = 132120576                                 {product} {ergonomic}
   size_t MarkStackSize                            = 4194304                                   {product} {ergonomic}
   size_t MaxHeapSize                              = 2147483648                                {product} {command line}
   size_t MaxNewSize                               = 1287651328                                {product} {ergonomic}
   size_t MinHeapDeltaBytes                        = 1048576                                   {product} {ergonomic}
    uintx NonNMethodCodeHeapSize                   = 5836300                                {pd product} {ergonomic}
    uintx NonProfiledCodeHeapSize                  = 122910970                              {pd product} {ergonomic}
    uintx ProfiledCodeHeapSize                     = 122910970                              {pd product} {ergonomic}
    uintx ReservedCodeCacheSize                    = 251658240                              {pd product} {ergonomic}
     bool SegmentedCodeCache                       = true                                      {product} {ergonomic}
     bool UseCompressedClassPointers               = true                                 {lp64_product} {ergonomic}
     bool UseCompressedOops                        = true                                 {lp64_product} {ergonomic}
     bool UseG1GC                                  = true                                      {product} {ergonomic}
     bool UseLargePagesIndividualAllocation        = false                                  {pd product} {ergonomic}

Logging:
Log output configuration:
 #0: stdout all=warning uptime,level,tags
 #1: stderr all=off uptime,level,tags

Environment Variables:
PATH=C:\Program Files (x86)\PC Connectivity Solution\;C:\Program Files\Common Files\Oracle\Java\javapath;C:\Windows\system32;C:\Windows;C:\Windows\System32\Wbem;C:\Windows\System32\WindowsPowerShell\v1.0\;C:\Windows\System32\OpenSSH\;C:\Program Files\NVIDIA Corporation\NVIDIA NvDLISR;C:\Program Files\Common Files\Autodesk Shared\;C:\Program Files\Microsoft SQL Server\120\Tools\Binn\;C:\Program Files (x86)\NVIDIA Corporation\PhysX\Common;C:\Program Files\dotnet\;C:\Program Files (x86)\dotnet\;C:\Program Files\Git\cmd;C:\Users\sudhe\AppData\Local\Microsoft\WindowsApps;;D:\vs code\Microsoft VS Code\bin
USERNAME=sudhe
OS=Windows_NT
PROCESSOR_IDENTIFIER=Intel64 Family 6 Model 165 Stepping 2, GenuineIntel



---------------  S Y S T E M  ---------------

OS: Windows 10 , 64 bit Build 19041 (10.0.19041.2788)
OS uptime: 0 days 4:46 hours

CPU:total 8 (initial active 8) (4 cores per cpu, 2 threads per core) family 6 model 165 stepping 2 microcode 0xf4, cmov, cx8, fxsr, mmx, sse, sse2, sse3, ssse3, sse4.1, sse4.2, popcnt, avx, avx2, aes, clmul, erms, 3dnowpref, lzcnt, ht, tsc, tscinvbit, bmi1, bmi2, adx, fma

Memory: 4k page, system-wide physical 7985M (503M free)
TotalPageFile size 13796M (AvailPageFile size 0M)
current process WorkingSet (physical memory assigned to process): 593M, peak: 593M
current process commit charge ("private bytes"): 629M, peak: 629M

vm_info: OpenJDK 64-Bit Server VM (11.0.13+0-b1751.21-8125866) for windows-amd64 JRE (11.0.13+0-b1751.21-8125866), built on Feb  2 2022 03:00:22 by "builder" with MS VC++ 14.0 (VS2015)

END.
